{"/Users/mauro/workspace/zea/engine/src/Math/AttrValue.js": {"path":"/Users/mauro/workspace/zea/engine/src/Math/AttrValue.js","statementMap":{"0":{"start":{"line":18,"column":4},"end":{"line":20,"column":5}},"1":{"start":{"line":19,"column":6},"end":{"line":19,"column":49}},"2":{"start":{"line":19,"column":37},"end":{"line":19,"column":49}},"3":{"start":{"line":22,"column":4},"end":{"line":22,"column":15}},"4":{"start":{"line":34,"column":4},"end":{"line":36,"column":5}},"5":{"start":{"line":44,"column":4},"end":{"line":46,"column":5}},"6":{"start":{"line":55,"column":4},"end":{"line":55,"column":22}},"7":{"start":{"line":65,"column":4},"end":{"line":65,"column":55}},"8":{"start":{"line":73,"column":4},"end":{"line":75,"column":5}}},"fnMap":{"0":{"name":"(anonymous_0)","decl":{"start":{"line":17,"column":2},"end":{"line":17,"column":3}},"loc":{"start":{"line":17,"column":12},"end":{"line":23,"column":3}},"line":17},"1":{"name":"(anonymous_1)","decl":{"start":{"line":33,"column":2},"end":{"line":33,"column":3}},"loc":{"start":{"line":33,"column":49},"end":{"line":37,"column":3}},"line":33},"2":{"name":"(anonymous_2)","decl":{"start":{"line":43,"column":2},"end":{"line":43,"column":3}},"loc":{"start":{"line":43,"column":23},"end":{"line":47,"column":3}},"line":43},"3":{"name":"(anonymous_3)","decl":{"start":{"line":54,"column":2},"end":{"line":54,"column":3}},"loc":{"start":{"line":54,"column":12},"end":{"line":56,"column":3}},"line":54},"4":{"name":"(anonymous_4)","decl":{"start":{"line":63,"column":2},"end":{"line":63,"column":3}},"loc":{"start":{"line":63,"column":13},"end":{"line":66,"column":3}},"line":63},"5":{"name":"(anonymous_5)","decl":{"start":{"line":72,"column":2},"end":{"line":72,"column":3}},"loc":{"start":{"line":72,"column":11},"end":{"line":76,"column":3}},"line":72}},"branchMap":{"0":{"loc":{"start":{"line":19,"column":6},"end":{"line":19,"column":49}},"type":"if","locations":[{"start":{"line":19,"column":6},"end":{"line":19,"column":49}},{"start":{"line":19,"column":6},"end":{"line":19,"column":49}}],"line":19},"1":{"loc":{"start":{"line":19,"column":10},"end":{"line":19,"column":35}},"type":"binary-expr","locations":[{"start":{"line":19,"column":10},"end":{"line":19,"column":23}},{"start":{"line":19,"column":27},"end":{"line":19,"column":35}}],"line":19}},"s":{"0":0,"1":0,"2":0,"3":0,"4":0,"5":0,"6":0,"7":0,"8":0},"f":{"0":0,"1":0,"2":0,"3":0,"4":0,"5":0},"b":{"0":[0,0],"1":[0,0]},"_coverageSchema":"1a1c01bbd47fc00a2c39e90264f33305004495a9","hash":"4012b517ff8514088fc2a07018c85e8e935f39e4"}
,"/Users/mauro/workspace/zea/engine/src/Math/Box2.js": {"path":"/Users/mauro/workspace/zea/engine/src/Math/Box2.js","statementMap":{"0":{"start":{"line":23,"column":4},"end":{"line":27,"column":5}},"1":{"start":{"line":24,"column":6},"end":{"line":24,"column":18}},"2":{"start":{"line":26,"column":6},"end":{"line":26,"column":76}},"3":{"start":{"line":28,"column":4},"end":{"line":32,"column":5}},"4":{"start":{"line":29,"column":6},"end":{"line":29,"column":18}},"5":{"start":{"line":31,"column":6},"end":{"line":31,"column":76}},"6":{"start":{"line":42,"column":4},"end":{"line":42,"column":16}},"7":{"start":{"line":43,"column":4},"end":{"line":43,"column":16}},"8":{"start":{"line":53,"column":4},"end":{"line":53,"column":40}},"9":{"start":{"line":54,"column":4},"end":{"line":54,"column":40}},"10":{"start":{"line":55,"column":4},"end":{"line":55,"column":40}},"11":{"start":{"line":56,"column":4},"end":{"line":56,"column":40}},"12":{"start":{"line":65,"column":4},"end":{"line":70,"column":5}},"13":{"start":{"line":79,"column":4},"end":{"line":80,"column":25}},"14":{"start":{"line":80,"column":6},"end":{"line":80,"column":25}},"15":{"start":{"line":81,"column":4},"end":{"line":82,"column":25}},"16":{"start":{"line":82,"column":6},"end":{"line":82,"column":25}},"17":{"start":{"line":84,"column":4},"end":{"line":85,"column":25}},"18":{"start":{"line":85,"column":6},"end":{"line":85,"column":25}},"19":{"start":{"line":86,"column":4},"end":{"line":87,"column":25}},"20":{"start":{"line":87,"column":6},"end":{"line":87,"column":25}},"21":{"start":{"line":96,"column":4},"end":{"line":96,"column":36}},"22":{"start":{"line":105,"column":4},"end":{"line":105,"column":36}},"23":{"start":{"line":114,"column":19},"end":{"line":114,"column":44}},"24":{"start":{"line":115,"column":4},"end":{"line":115,"column":28}},"25":{"start":{"line":116,"column":4},"end":{"line":116,"column":30}},"26":{"start":{"line":117,"column":4},"end":{"line":117,"column":17}},"27":{"start":{"line":130,"column":4},"end":{"line":130,"column":28}},"28":{"start":{"line":142,"column":4},"end":{"line":145,"column":5}},"29":{"start":{"line":155,"column":4},"end":{"line":155,"column":55}},"30":{"start":{"line":159,"column":0},"end":{"line":159,"column":39}}},"fnMap":{"0":{"name":"(anonymous_0)","decl":{"start":{"line":22,"column":2},"end":{"line":22,"column":3}},"loc":{"start":{"line":22,"column":46},"end":{"line":33,"column":3}},"line":22},"1":{"name":"(anonymous_1)","decl":{"start":{"line":41,"column":2},"end":{"line":41,"column":3}},"loc":{"start":{"line":41,"column":14},"end":{"line":44,"column":3}},"line":41},"2":{"name":"(anonymous_2)","decl":{"start":{"line":52,"column":2},"end":{"line":52,"column":3}},"loc":{"start":{"line":52,"column":10},"end":{"line":57,"column":3}},"line":52},"3":{"name":"(anonymous_3)","decl":{"start":{"line":64,"column":2},"end":{"line":64,"column":3}},"loc":{"start":{"line":64,"column":12},"end":{"line":71,"column":3}},"line":64},"4":{"name":"(anonymous_4)","decl":{"start":{"line":78,"column":2},"end":{"line":78,"column":3}},"loc":{"start":{"line":78,"column":18},"end":{"line":88,"column":3}},"line":78},"5":{"name":"(anonymous_5)","decl":{"start":{"line":95,"column":2},"end":{"line":95,"column":3}},"loc":{"start":{"line":95,"column":9},"end":{"line":97,"column":3}},"line":95},"6":{"name":"(anonymous_6)","decl":{"start":{"line":104,"column":2},"end":{"line":104,"column":3}},"loc":{"start":{"line":104,"column":13},"end":{"line":106,"column":3}},"line":104},"7":{"name":"(anonymous_7)","decl":{"start":{"line":113,"column":2},"end":{"line":113,"column":3}},"loc":{"start":{"line":113,"column":11},"end":{"line":118,"column":3}},"line":113},"8":{"name":"(anonymous_8)","decl":{"start":{"line":129,"column":2},"end":{"line":129,"column":3}},"loc":{"start":{"line":129,"column":25},"end":{"line":131,"column":3}},"line":129},"9":{"name":"(anonymous_9)","decl":{"start":{"line":141,"column":2},"end":{"line":141,"column":3}},"loc":{"start":{"line":141,"column":11},"end":{"line":146,"column":3}},"line":141},"10":{"name":"(anonymous_10)","decl":{"start":{"line":153,"column":2},"end":{"line":153,"column":3}},"loc":{"start":{"line":153,"column":13},"end":{"line":156,"column":3}},"line":153}},"branchMap":{"0":{"loc":{"start":{"line":22,"column":14},"end":{"line":22,"column":28}},"type":"default-arg","locations":[{"start":{"line":22,"column":19},"end":{"line":22,"column":28}}],"line":22},"1":{"loc":{"start":{"line":22,"column":30},"end":{"line":22,"column":44}},"type":"default-arg","locations":[{"start":{"line":22,"column":35},"end":{"line":22,"column":44}}],"line":22},"2":{"loc":{"start":{"line":23,"column":4},"end":{"line":27,"column":5}},"type":"if","locations":[{"start":{"line":23,"column":4},"end":{"line":27,"column":5}},{"start":{"line":23,"column":4},"end":{"line":27,"column":5}}],"line":23},"3":{"loc":{"start":{"line":28,"column":4},"end":{"line":32,"column":5}},"type":"if","locations":[{"start":{"line":28,"column":4},"end":{"line":32,"column":5}},{"start":{"line":28,"column":4},"end":{"line":32,"column":5}}],"line":28},"4":{"loc":{"start":{"line":66,"column":6},"end":{"line":69,"column":43}},"type":"binary-expr","locations":[{"start":{"line":66,"column":6},"end":{"line":66,"column":43}},{"start":{"line":67,"column":6},"end":{"line":67,"column":43}},{"start":{"line":68,"column":6},"end":{"line":68,"column":43}},{"start":{"line":69,"column":6},"end":{"line":69,"column":43}}],"line":66},"5":{"loc":{"start":{"line":79,"column":4},"end":{"line":80,"column":25}},"type":"if","locations":[{"start":{"line":79,"column":4},"end":{"line":80,"column":25}},{"start":{"line":79,"column":4},"end":{"line":80,"column":25}}],"line":79},"6":{"loc":{"start":{"line":79,"column":8},"end":{"line":79,"column":68}},"type":"binary-expr","locations":[{"start":{"line":79,"column":8},"end":{"line":79,"column":45}},{"start":{"line":79,"column":49},"end":{"line":79,"column":68}}],"line":79},"7":{"loc":{"start":{"line":81,"column":4},"end":{"line":82,"column":25}},"type":"if","locations":[{"start":{"line":81,"column":4},"end":{"line":82,"column":25}},{"start":{"line":81,"column":4},"end":{"line":82,"column":25}}],"line":81},"8":{"loc":{"start":{"line":81,"column":8},"end":{"line":81,"column":68}},"type":"binary-expr","locations":[{"start":{"line":81,"column":8},"end":{"line":81,"column":45}},{"start":{"line":81,"column":49},"end":{"line":81,"column":68}}],"line":81},"9":{"loc":{"start":{"line":84,"column":4},"end":{"line":85,"column":25}},"type":"if","locations":[{"start":{"line":84,"column":4},"end":{"line":85,"column":25}},{"start":{"line":84,"column":4},"end":{"line":85,"column":25}}],"line":84},"10":{"loc":{"start":{"line":84,"column":8},"end":{"line":84,"column":68}},"type":"binary-expr","locations":[{"start":{"line":84,"column":8},"end":{"line":84,"column":45}},{"start":{"line":84,"column":49},"end":{"line":84,"column":68}}],"line":84},"11":{"loc":{"start":{"line":86,"column":4},"end":{"line":87,"column":25}},"type":"if","locations":[{"start":{"line":86,"column":4},"end":{"line":87,"column":25}},{"start":{"line":86,"column":4},"end":{"line":87,"column":25}}],"line":86},"12":{"loc":{"start":{"line":86,"column":8},"end":{"line":86,"column":68}},"type":"binary-expr","locations":[{"start":{"line":86,"column":8},"end":{"line":86,"column":45}},{"start":{"line":86,"column":49},"end":{"line":86,"column":68}}],"line":86}},"s":{"0":0,"1":0,"2":0,"3":0,"4":0,"5":0,"6":0,"7":0,"8":0,"9":0,"10":0,"11":0,"12":0,"13":0,"14":0,"15":0,"16":0,"17":0,"18":0,"19":0,"20":0,"21":0,"22":0,"23":0,"24":0,"25":0,"26":0,"27":0,"28":0,"29":0,"30":2},"f":{"0":0,"1":0,"2":0,"3":0,"4":0,"5":0,"6":0,"7":0,"8":0,"9":0,"10":0},"b":{"0":[0],"1":[0],"2":[0,0],"3":[0,0],"4":[0,0,0,0],"5":[0,0],"6":[0,0],"7":[0,0],"8":[0,0],"9":[0,0],"10":[0,0],"11":[0,0],"12":[0,0]},"_coverageSchema":"1a1c01bbd47fc00a2c39e90264f33305004495a9","hash":"29b165baefaf863f56cd7c7d5da28abccfef3a79"}
,"/Users/mauro/workspace/zea/engine/src/Math/Box3.js": {"path":"/Users/mauro/workspace/zea/engine/src/Math/Box3.js","statementMap":{"0":{"start":{"line":25,"column":4},"end":{"line":28,"column":5}},"1":{"start":{"line":26,"column":6},"end":{"line":26,"column":34}},"2":{"start":{"line":27,"column":6},"end":{"line":27,"column":12}},"3":{"start":{"line":29,"column":4},"end":{"line":37,"column":5}},"4":{"start":{"line":30,"column":6},"end":{"line":30,"column":18}},"5":{"start":{"line":32,"column":6},"end":{"line":36,"column":7}},"6":{"start":{"line":38,"column":4},"end":{"line":46,"column":5}},"7":{"start":{"line":39,"column":6},"end":{"line":39,"column":18}},"8":{"start":{"line":41,"column":6},"end":{"line":45,"column":7}},"9":{"start":{"line":55,"column":4},"end":{"line":55,"column":18}},"10":{"start":{"line":64,"column":4},"end":{"line":64,"column":18}},"11":{"start":{"line":74,"column":4},"end":{"line":74,"column":16}},"12":{"start":{"line":75,"column":4},"end":{"line":75,"column":16}},"13":{"start":{"line":82,"column":4},"end":{"line":82,"column":40}},"14":{"start":{"line":83,"column":4},"end":{"line":83,"column":40}},"15":{"start":{"line":84,"column":4},"end":{"line":84,"column":40}},"16":{"start":{"line":85,"column":4},"end":{"line":85,"column":40}},"17":{"start":{"line":86,"column":4},"end":{"line":86,"column":40}},"18":{"start":{"line":87,"column":4},"end":{"line":87,"column":40}},"19":{"start":{"line":96,"column":4},"end":{"line":103,"column":5}},"20":{"start":{"line":112,"column":4},"end":{"line":118,"column":5}},"21":{"start":{"line":116,"column":6},"end":{"line":116,"column":50}},"22":{"start":{"line":116,"column":31},"end":{"line":116,"column":50}},"23":{"start":{"line":117,"column":6},"end":{"line":117,"column":50}},"24":{"start":{"line":117,"column":31},"end":{"line":117,"column":50}},"25":{"start":{"line":119,"column":4},"end":{"line":125,"column":5}},"26":{"start":{"line":123,"column":6},"end":{"line":123,"column":50}},"27":{"start":{"line":123,"column":31},"end":{"line":123,"column":50}},"28":{"start":{"line":124,"column":6},"end":{"line":124,"column":50}},"29":{"start":{"line":124,"column":31},"end":{"line":124,"column":50}},"30":{"start":{"line":126,"column":4},"end":{"line":132,"column":5}},"31":{"start":{"line":130,"column":6},"end":{"line":130,"column":50}},"32":{"start":{"line":130,"column":31},"end":{"line":130,"column":50}},"33":{"start":{"line":131,"column":6},"end":{"line":131,"column":50}},"34":{"start":{"line":131,"column":31},"end":{"line":131,"column":50}},"35":{"start":{"line":143,"column":4},"end":{"line":168,"column":5}},"36":{"start":{"line":145,"column":6},"end":{"line":145,"column":47}},"37":{"start":{"line":146,"column":6},"end":{"line":148,"column":7}},"38":{"start":{"line":149,"column":6},"end":{"line":151,"column":7}},"39":{"start":{"line":152,"column":6},"end":{"line":154,"column":7}},"40":{"start":{"line":155,"column":6},"end":{"line":157,"column":7}},"41":{"start":{"line":158,"column":6},"end":{"line":160,"column":7}},"42":{"start":{"line":161,"column":6},"end":{"line":163,"column":7}},"43":{"start":{"line":164,"column":6},"end":{"line":164,"column":47}},"44":{"start":{"line":166,"column":6},"end":{"line":166,"column":28}},"45":{"start":{"line":167,"column":6},"end":{"line":167,"column":28}},"46":{"start":{"line":177,"column":4},"end":{"line":177,"column":36}},"47":{"start":{"line":186,"column":4},"end":{"line":186,"column":36}},"48":{"start":{"line":195,"column":19},"end":{"line":195,"column":44}},"49":{"start":{"line":196,"column":4},"end":{"line":196,"column":28}},"50":{"start":{"line":197,"column":4},"end":{"line":197,"column":30}},"51":{"start":{"line":198,"column":4},"end":{"line":198,"column":17}},"52":{"start":{"line":207,"column":16},"end":{"line":207,"column":37}},"53":{"start":{"line":208,"column":16},"end":{"line":208,"column":37}},"54":{"start":{"line":209,"column":16},"end":{"line":209,"column":37}},"55":{"start":{"line":210,"column":4},"end":{"line":227,"column":5}},"56":{"start":{"line":236,"column":4},"end":{"line":236,"column":72}},"57":{"start":{"line":247,"column":4},"end":{"line":254,"column":12}},"58":{"start":{"line":270,"column":4},"end":{"line":273,"column":5}},"59":{"start":{"line":289,"column":4},"end":{"line":295,"column":5}},"60":{"start":{"line":290,"column":6},"end":{"line":290,"column":39}},"61":{"start":{"line":291,"column":6},"end":{"line":291,"column":39}},"62":{"start":{"line":293,"column":6},"end":{"line":293,"column":39}},"63":{"start":{"line":294,"column":6},"end":{"line":294,"column":39}},"64":{"start":{"line":297,"column":4},"end":{"line":303,"column":5}},"65":{"start":{"line":298,"column":6},"end":{"line":298,"column":40}},"66":{"start":{"line":299,"column":6},"end":{"line":299,"column":40}},"67":{"start":{"line":301,"column":6},"end":{"line":301,"column":40}},"68":{"start":{"line":302,"column":6},"end":{"line":302,"column":40}},"69":{"start":{"line":305,"column":4},"end":{"line":311,"column":5}},"70":{"start":{"line":306,"column":6},"end":{"line":306,"column":40}},"71":{"start":{"line":307,"column":6},"end":{"line":307,"column":40}},"72":{"start":{"line":309,"column":6},"end":{"line":309,"column":40}},"73":{"start":{"line":310,"column":6},"end":{"line":310,"column":40}},"74":{"start":{"line":313,"column":4},"end":{"line":313,"column":59}},"75":{"start":{"line":321,"column":4},"end":{"line":321,"column":53}},"76":{"start":{"line":334,"column":4},"end":{"line":334,"column":28}},"77":{"start":{"line":343,"column":4},"end":{"line":343,"column":13}},"78":{"start":{"line":355,"column":4},"end":{"line":358,"column":5}},"79":{"start":{"line":367,"column":4},"end":{"line":367,"column":26}},"80":{"start":{"line":368,"column":4},"end":{"line":368,"column":26}},"81":{"start":{"line":378,"column":4},"end":{"line":378,"column":37}},"82":{"start":{"line":379,"column":4},"end":{"line":379,"column":42}},"83":{"start":{"line":388,"column":4},"end":{"line":388,"column":68}},"84":{"start":{"line":389,"column":4},"end":{"line":389,"column":73}},"85":{"start":{"line":399,"column":4},"end":{"line":399,"column":55}},"86":{"start":{"line":403,"column":0},"end":{"line":403,"column":39}}},"fnMap":{"0":{"name":"(anonymous_0)","decl":{"start":{"line":24,"column":2},"end":{"line":24,"column":3}},"loc":{"start":{"line":24,"column":46},"end":{"line":47,"column":3}},"line":24},"1":{"name":"(anonymous_1)","decl":{"start":{"line":54,"column":2},"end":{"line":54,"column":3}},"loc":{"start":{"line":54,"column":12},"end":{"line":56,"column":3}},"line":54},"2":{"name":"(anonymous_2)","decl":{"start":{"line":63,"column":2},"end":{"line":63,"column":3}},"loc":{"start":{"line":63,"column":12},"end":{"line":65,"column":3}},"line":63},"3":{"name":"(anonymous_3)","decl":{"start":{"line":73,"column":2},"end":{"line":73,"column":3}},"loc":{"start":{"line":73,"column":14},"end":{"line":76,"column":3}},"line":73},"4":{"name":"(anonymous_4)","decl":{"start":{"line":81,"column":2},"end":{"line":81,"column":3}},"loc":{"start":{"line":81,"column":10},"end":{"line":88,"column":3}},"line":81},"5":{"name":"(anonymous_5)","decl":{"start":{"line":95,"column":2},"end":{"line":95,"column":3}},"loc":{"start":{"line":95,"column":12},"end":{"line":104,"column":3}},"line":95},"6":{"name":"(anonymous_6)","decl":{"start":{"line":111,"column":2},"end":{"line":111,"column":3}},"loc":{"start":{"line":111,"column":18},"end":{"line":133,"column":3}},"line":111},"7":{"name":"(anonymous_7)","decl":{"start":{"line":142,"column":2},"end":{"line":142,"column":3}},"loc":{"start":{"line":142,"column":33},"end":{"line":169,"column":3}},"line":142},"8":{"name":"(anonymous_8)","decl":{"start":{"line":176,"column":2},"end":{"line":176,"column":3}},"loc":{"start":{"line":176,"column":9},"end":{"line":178,"column":3}},"line":176},"9":{"name":"(anonymous_9)","decl":{"start":{"line":185,"column":2},"end":{"line":185,"column":3}},"loc":{"start":{"line":185,"column":13},"end":{"line":187,"column":3}},"line":185},"10":{"name":"(anonymous_10)","decl":{"start":{"line":194,"column":2},"end":{"line":194,"column":3}},"loc":{"start":{"line":194,"column":11},"end":{"line":199,"column":3}},"line":194},"11":{"name":"(anonymous_11)","decl":{"start":{"line":206,"column":2},"end":{"line":206,"column":3}},"loc":{"start":{"line":206,"column":11},"end":{"line":228,"column":3}},"line":206},"12":{"name":"(anonymous_12)","decl":{"start":{"line":235,"column":2},"end":{"line":235,"column":3}},"loc":{"start":{"line":235,"column":22},"end":{"line":237,"column":3}},"line":235},"13":{"name":"(anonymous_13)","decl":{"start":{"line":245,"column":2},"end":{"line":245,"column":3}},"loc":{"start":{"line":245,"column":21},"end":{"line":255,"column":3}},"line":245},"14":{"name":"(anonymous_14)","decl":{"start":{"line":263,"column":2},"end":{"line":263,"column":3}},"loc":{"start":{"line":263,"column":27},"end":{"line":274,"column":3}},"line":263},"15":{"name":"(anonymous_15)","decl":{"start":{"line":282,"column":2},"end":{"line":282,"column":3}},"loc":{"start":{"line":282,"column":25},"end":{"line":314,"column":3}},"line":282},"16":{"name":"(anonymous_16)","decl":{"start":{"line":320,"column":2},"end":{"line":320,"column":3}},"loc":{"start":{"line":320,"column":10},"end":{"line":322,"column":3}},"line":320},"17":{"name":"(anonymous_17)","decl":{"start":{"line":333,"column":2},"end":{"line":333,"column":3}},"loc":{"start":{"line":333,"column":25},"end":{"line":335,"column":3}},"line":333},"18":{"name":"(anonymous_18)","decl":{"start":{"line":342,"column":2},"end":{"line":342,"column":3}},"loc":{"start":{"line":342,"column":23},"end":{"line":344,"column":3}},"line":342},"19":{"name":"(anonymous_19)","decl":{"start":{"line":354,"column":2},"end":{"line":354,"column":3}},"loc":{"start":{"line":354,"column":11},"end":{"line":359,"column":3}},"line":354},"20":{"name":"(anonymous_20)","decl":{"start":{"line":366,"column":2},"end":{"line":366,"column":3}},"loc":{"start":{"line":366,"column":14},"end":{"line":369,"column":3}},"line":366},"21":{"name":"(anonymous_21)","decl":{"start":{"line":377,"column":2},"end":{"line":377,"column":3}},"loc":{"start":{"line":377,"column":28},"end":{"line":380,"column":3}},"line":377},"22":{"name":"(anonymous_22)","decl":{"start":{"line":387,"column":2},"end":{"line":387,"column":3}},"loc":{"start":{"line":387,"column":36},"end":{"line":390,"column":3}},"line":387},"23":{"name":"(anonymous_23)","decl":{"start":{"line":397,"column":2},"end":{"line":397,"column":3}},"loc":{"start":{"line":397,"column":13},"end":{"line":400,"column":3}},"line":397}},"branchMap":{"0":{"loc":{"start":{"line":24,"column":14},"end":{"line":24,"column":28}},"type":"default-arg","locations":[{"start":{"line":24,"column":19},"end":{"line":24,"column":28}}],"line":24},"1":{"loc":{"start":{"line":24,"column":30},"end":{"line":24,"column":44}},"type":"default-arg","locations":[{"start":{"line":24,"column":35},"end":{"line":24,"column":44}}],"line":24},"2":{"loc":{"start":{"line":25,"column":4},"end":{"line":28,"column":5}},"type":"if","locations":[{"start":{"line":25,"column":4},"end":{"line":28,"column":5}},{"start":{"line":25,"column":4},"end":{"line":28,"column":5}}],"line":25},"3":{"loc":{"start":{"line":29,"column":4},"end":{"line":37,"column":5}},"type":"if","locations":[{"start":{"line":29,"column":4},"end":{"line":37,"column":5}},{"start":{"line":29,"column":4},"end":{"line":37,"column":5}}],"line":29},"4":{"loc":{"start":{"line":38,"column":4},"end":{"line":46,"column":5}},"type":"if","locations":[{"start":{"line":38,"column":4},"end":{"line":46,"column":5}},{"start":{"line":38,"column":4},"end":{"line":46,"column":5}}],"line":38},"5":{"loc":{"start":{"line":97,"column":6},"end":{"line":102,"column":43}},"type":"binary-expr","locations":[{"start":{"line":97,"column":6},"end":{"line":97,"column":43}},{"start":{"line":98,"column":6},"end":{"line":98,"column":43}},{"start":{"line":99,"column":6},"end":{"line":99,"column":43}},{"start":{"line":100,"column":6},"end":{"line":100,"column":43}},{"start":{"line":101,"column":6},"end":{"line":101,"column":43}},{"start":{"line":102,"column":6},"end":{"line":102,"column":43}}],"line":97},"6":{"loc":{"start":{"line":112,"column":4},"end":{"line":118,"column":5}},"type":"if","locations":[{"start":{"line":112,"column":4},"end":{"line":118,"column":5}},{"start":{"line":112,"column":4},"end":{"line":118,"column":5}}],"line":112},"7":{"loc":{"start":{"line":113,"column":6},"end":{"line":114,"column":41}},"type":"binary-expr","locations":[{"start":{"line":113,"column":6},"end":{"line":113,"column":41}},{"start":{"line":114,"column":6},"end":{"line":114,"column":41}}],"line":113},"8":{"loc":{"start":{"line":116,"column":6},"end":{"line":116,"column":50}},"type":"if","locations":[{"start":{"line":116,"column":6},"end":{"line":116,"column":50}},{"start":{"line":116,"column":6},"end":{"line":116,"column":50}}],"line":116},"9":{"loc":{"start":{"line":117,"column":6},"end":{"line":117,"column":50}},"type":"if","locations":[{"start":{"line":117,"column":6},"end":{"line":117,"column":50}},{"start":{"line":117,"column":6},"end":{"line":117,"column":50}}],"line":117},"10":{"loc":{"start":{"line":119,"column":4},"end":{"line":125,"column":5}},"type":"if","locations":[{"start":{"line":119,"column":4},"end":{"line":125,"column":5}},{"start":{"line":119,"column":4},"end":{"line":125,"column":5}}],"line":119},"11":{"loc":{"start":{"line":120,"column":6},"end":{"line":121,"column":41}},"type":"binary-expr","locations":[{"start":{"line":120,"column":6},"end":{"line":120,"column":41}},{"start":{"line":121,"column":6},"end":{"line":121,"column":41}}],"line":120},"12":{"loc":{"start":{"line":123,"column":6},"end":{"line":123,"column":50}},"type":"if","locations":[{"start":{"line":123,"column":6},"end":{"line":123,"column":50}},{"start":{"line":123,"column":6},"end":{"line":123,"column":50}}],"line":123},"13":{"loc":{"start":{"line":124,"column":6},"end":{"line":124,"column":50}},"type":"if","locations":[{"start":{"line":124,"column":6},"end":{"line":124,"column":50}},{"start":{"line":124,"column":6},"end":{"line":124,"column":50}}],"line":124},"14":{"loc":{"start":{"line":126,"column":4},"end":{"line":132,"column":5}},"type":"if","locations":[{"start":{"line":126,"column":4},"end":{"line":132,"column":5}},{"start":{"line":126,"column":4},"end":{"line":132,"column":5}}],"line":126},"15":{"loc":{"start":{"line":127,"column":6},"end":{"line":128,"column":41}},"type":"binary-expr","locations":[{"start":{"line":127,"column":6},"end":{"line":127,"column":41}},{"start":{"line":128,"column":6},"end":{"line":128,"column":41}}],"line":127},"16":{"loc":{"start":{"line":130,"column":6},"end":{"line":130,"column":50}},"type":"if","locations":[{"start":{"line":130,"column":6},"end":{"line":130,"column":50}},{"start":{"line":130,"column":6},"end":{"line":130,"column":50}}],"line":130},"17":{"loc":{"start":{"line":131,"column":6},"end":{"line":131,"column":50}},"type":"if","locations":[{"start":{"line":131,"column":6},"end":{"line":131,"column":50}},{"start":{"line":131,"column":6},"end":{"line":131,"column":50}}],"line":131},"18":{"loc":{"start":{"line":142,"column":16},"end":{"line":142,"column":31}},"type":"default-arg","locations":[{"start":{"line":142,"column":22},"end":{"line":142,"column":31}}],"line":142},"19":{"loc":{"start":{"line":143,"column":4},"end":{"line":168,"column":5}},"type":"if","locations":[{"start":{"line":143,"column":4},"end":{"line":168,"column":5}},{"start":{"line":143,"column":4},"end":{"line":168,"column":5}}],"line":143},"20":{"loc":{"start":{"line":247,"column":11},"end":{"line":254,"column":12}},"type":"cond-expr","locations":[{"start":{"line":253,"column":8},"end":{"line":253,"column":13}},{"start":{"line":254,"column":8},"end":{"line":254,"column":12}}],"line":247},"21":{"loc":{"start":{"line":247,"column":11},"end":{"line":252,"column":28}},"type":"binary-expr","locations":[{"start":{"line":247,"column":11},"end":{"line":247,"column":33}},{"start":{"line":248,"column":6},"end":{"line":248,"column":28}},{"start":{"line":249,"column":6},"end":{"line":249,"column":28}},{"start":{"line":250,"column":6},"end":{"line":250,"column":28}},{"start":{"line":251,"column":6},"end":{"line":251,"column":28}},{"start":{"line":252,"column":6},"end":{"line":252,"column":28}}],"line":247},"22":{"loc":{"start":{"line":289,"column":4},"end":{"line":295,"column":5}},"type":"if","locations":[{"start":{"line":289,"column":4},"end":{"line":295,"column":5}},{"start":{"line":289,"column":4},"end":{"line":295,"column":5}}],"line":289},"23":{"loc":{"start":{"line":297,"column":4},"end":{"line":303,"column":5}},"type":"if","locations":[{"start":{"line":297,"column":4},"end":{"line":303,"column":5}},{"start":{"line":297,"column":4},"end":{"line":303,"column":5}}],"line":297},"24":{"loc":{"start":{"line":305,"column":4},"end":{"line":311,"column":5}},"type":"if","locations":[{"start":{"line":305,"column":4},"end":{"line":311,"column":5}},{"start":{"line":305,"column":4},"end":{"line":311,"column":5}}],"line":305},"25":{"loc":{"start":{"line":313,"column":11},"end":{"line":313,"column":59}},"type":"binary-expr","locations":[{"start":{"line":313,"column":11},"end":{"line":313,"column":33}},{"start":{"line":313,"column":37},"end":{"line":313,"column":59}}],"line":313}},"s":{"0":0,"1":0,"2":0,"3":0,"4":0,"5":0,"6":0,"7":0,"8":0,"9":0,"10":0,"11":0,"12":0,"13":0,"14":0,"15":0,"16":0,"17":0,"18":0,"19":0,"20":0,"21":0,"22":0,"23":0,"24":0,"25":0,"26":0,"27":0,"28":0,"29":0,"30":0,"31":0,"32":0,"33":0,"34":0,"35":0,"36":0,"37":0,"38":0,"39":0,"40":0,"41":0,"42":0,"43":0,"44":0,"45":0,"46":0,"47":0,"48":0,"49":0,"50":0,"51":0,"52":0,"53":0,"54":0,"55":0,"56":0,"57":0,"58":0,"59":0,"60":0,"61":0,"62":0,"63":0,"64":0,"65":0,"66":0,"67":0,"68":0,"69":0,"70":0,"71":0,"72":0,"73":0,"74":0,"75":0,"76":0,"77":0,"78":0,"79":0,"80":0,"81":0,"82":0,"83":0,"84":0,"85":0,"86":2},"f":{"0":0,"1":0,"2":0,"3":0,"4":0,"5":0,"6":0,"7":0,"8":0,"9":0,"10":0,"11":0,"12":0,"13":0,"14":0,"15":0,"16":0,"17":0,"18":0,"19":0,"20":0,"21":0,"22":0,"23":0},"b":{"0":[0],"1":[0],"2":[0,0],"3":[0,0],"4":[0,0],"5":[0,0,0,0,0,0],"6":[0,0],"7":[0,0],"8":[0,0],"9":[0,0],"10":[0,0],"11":[0,0],"12":[0,0],"13":[0,0],"14":[0,0],"15":[0,0],"16":[0,0],"17":[0,0],"18":[0],"19":[0,0],"20":[0,0],"21":[0,0,0,0,0,0],"22":[0,0],"23":[0,0],"24":[0,0],"25":[0,0]},"_coverageSchema":"1a1c01bbd47fc00a2c39e90264f33305004495a9","hash":"7b303b359e3acab4b2141bb4b9f483841e96c397"}
,"/Users/mauro/workspace/zea/engine/src/Math/Color.js": {"path":"/Users/mauro/workspace/zea/engine/src/Math/Color.js","statementMap":{"0":{"start":{"line":20,"column":4},"end":{"line":20,"column":11}},"1":{"start":{"line":22,"column":4},"end":{"line":42,"column":5}},"2":{"start":{"line":23,"column":6},"end":{"line":23,"column":21}},"3":{"start":{"line":24,"column":11},"end":{"line":42,"column":5}},"4":{"start":{"line":25,"column":21},"end":{"line":25,"column":22}},"5":{"start":{"line":26,"column":25},"end":{"line":26,"column":26}},"6":{"start":{"line":27,"column":6},"end":{"line":27,"column":59}},"7":{"start":{"line":29,"column":6},"end":{"line":29,"column":39}},"8":{"start":{"line":30,"column":6},"end":{"line":41,"column":7}},"9":{"start":{"line":31,"column":8},"end":{"line":35,"column":9}},"10":{"start":{"line":32,"column":10},"end":{"line":32,"column":28}},"11":{"start":{"line":34,"column":10},"end":{"line":34,"column":37}},"12":{"start":{"line":37,"column":8},"end":{"line":37,"column":26}},"13":{"start":{"line":38,"column":8},"end":{"line":38,"column":26}},"14":{"start":{"line":39,"column":8},"end":{"line":39,"column":26}},"15":{"start":{"line":40,"column":8},"end":{"line":40,"column":26}},"16":{"start":{"line":51,"column":4},"end":{"line":51,"column":25}},"17":{"start":{"line":60,"column":4},"end":{"line":60,"column":24}},"18":{"start":{"line":69,"column":4},"end":{"line":69,"column":25}},"19":{"start":{"line":77,"column":4},"end":{"line":77,"column":24}},"20":{"start":{"line":86,"column":4},"end":{"line":86,"column":25}},"21":{"start":{"line":95,"column":4},"end":{"line":95,"column":24}},"22":{"start":{"line":104,"column":4},"end":{"line":104,"column":25}},"23":{"start":{"line":112,"column":4},"end":{"line":112,"column":24}},"24":{"start":{"line":124,"column":4},"end":{"line":124,"column":14}},"25":{"start":{"line":125,"column":4},"end":{"line":125,"column":14}},"26":{"start":{"line":126,"column":4},"end":{"line":126,"column":14}},"27":{"start":{"line":127,"column":4},"end":{"line":127,"column":14}},"28":{"start":{"line":136,"column":4},"end":{"line":136,"column":20}},"29":{"start":{"line":137,"column":4},"end":{"line":137,"column":20}},"30":{"start":{"line":138,"column":4},"end":{"line":138,"column":20}},"31":{"start":{"line":139,"column":4},"end":{"line":139,"column":20}},"32":{"start":{"line":148,"column":4},"end":{"line":148,"column":20}},"33":{"start":{"line":149,"column":4},"end":{"line":149,"column":20}},"34":{"start":{"line":150,"column":4},"end":{"line":150,"column":20}},"35":{"start":{"line":151,"column":4},"end":{"line":151,"column":45}},"36":{"start":{"line":160,"column":4},"end":{"line":160,"column":53}},"37":{"start":{"line":169,"column":4},"end":{"line":173,"column":5}},"38":{"start":{"line":185,"column":4},"end":{"line":185,"column":20}},"39":{"start":{"line":186,"column":4},"end":{"line":186,"column":20}},"40":{"start":{"line":187,"column":4},"end":{"line":187,"column":20}},"41":{"start":{"line":188,"column":4},"end":{"line":188,"column":30}},"42":{"start":{"line":197,"column":4},"end":{"line":197,"column":26}},"43":{"start":{"line":198,"column":4},"end":{"line":198,"column":26}},"44":{"start":{"line":199,"column":4},"end":{"line":199,"column":26}},"45":{"start":{"line":200,"column":4},"end":{"line":200,"column":51}},"46":{"start":{"line":209,"column":4},"end":{"line":209,"column":25}},"47":{"start":{"line":210,"column":4},"end":{"line":210,"column":25}},"48":{"start":{"line":211,"column":4},"end":{"line":211,"column":25}},"49":{"start":{"line":212,"column":4},"end":{"line":212,"column":45}},"50":{"start":{"line":222,"column":21},"end":{"line":222,"column":74}},"51":{"start":{"line":223,"column":6},"end":{"line":229,"column":14}},"52":{"start":{"line":231,"column":16},"end":{"line":231,"column":29}},"53":{"start":{"line":232,"column":4},"end":{"line":235,"column":5}},"54":{"start":{"line":233,"column":6},"end":{"line":233,"column":45}},"55":{"start":{"line":234,"column":6},"end":{"line":234,"column":12}},"56":{"start":{"line":236,"column":4},"end":{"line":236,"column":40}},"57":{"start":{"line":245,"column":28},"end":{"line":394,"column":5}},"58":{"start":{"line":246,"column":21},"end":{"line":388,"column":7}},"59":{"start":{"line":390,"column":6},"end":{"line":391,"column":43}},"60":{"start":{"line":391,"column":8},"end":{"line":391,"column":43}},"61":{"start":{"line":393,"column":6},"end":{"line":393,"column":18}},"62":{"start":{"line":395,"column":4},"end":{"line":399,"column":5}},"63":{"start":{"line":396,"column":6},"end":{"line":396,"column":27}},"64":{"start":{"line":398,"column":6},"end":{"line":398,"column":44}},"65":{"start":{"line":409,"column":18},"end":{"line":409,"column":37}},"66":{"start":{"line":410,"column":18},"end":{"line":410,"column":34}},"67":{"start":{"line":411,"column":6},"end":{"line":411,"column":46}},"68":{"start":{"line":413,"column":4},"end":{"line":418,"column":5}},"69":{"start":{"line":428,"column":4},"end":{"line":428,"column":91}},"70":{"start":{"line":438,"column":4},"end":{"line":438,"column":91}},"71":{"start":{"line":449,"column":4},"end":{"line":454,"column":5}},"72":{"start":{"line":464,"column":4},"end":{"line":464,"column":92}},"73":{"start":{"line":474,"column":4},"end":{"line":474,"column":92}},"74":{"start":{"line":484,"column":4},"end":{"line":484,"column":88}},"75":{"start":{"line":493,"column":4},"end":{"line":493,"column":20}},"76":{"start":{"line":494,"column":4},"end":{"line":494,"column":20}},"77":{"start":{"line":495,"column":4},"end":{"line":495,"column":20}},"78":{"start":{"line":496,"column":4},"end":{"line":496,"column":20}},"79":{"start":{"line":505,"column":4},"end":{"line":505,"column":95}},"80":{"start":{"line":515,"column":4},"end":{"line":515,"column":103}},"81":{"start":{"line":525,"column":4},"end":{"line":530,"column":5}},"82":{"start":{"line":539,"column":4},"end":{"line":539,"column":62}},"83":{"start":{"line":550,"column":15},"end":{"line":550,"column":21}},"84":{"start":{"line":551,"column":15},"end":{"line":551,"column":21}},"85":{"start":{"line":552,"column":15},"end":{"line":552,"column":21}},"86":{"start":{"line":553,"column":15},"end":{"line":553,"column":21}},"87":{"start":{"line":554,"column":4},"end":{"line":554,"column":120}},"88":{"start":{"line":565,"column":4},"end":{"line":581,"column":5}},"89":{"start":{"line":566,"column":6},"end":{"line":571,"column":7}},"90":{"start":{"line":572,"column":11},"end":{"line":581,"column":5}},"91":{"start":{"line":573,"column":6},"end":{"line":578,"column":7}},"92":{"start":{"line":580,"column":6},"end":{"line":580,"column":102}},"93":{"start":{"line":590,"column":4},"end":{"line":590,"column":84}},"94":{"start":{"line":599,"column":4},"end":{"line":599,"column":22}},"95":{"start":{"line":609,"column":4},"end":{"line":609,"column":59}},"96":{"start":{"line":622,"column":4},"end":{"line":622,"column":29}},"97":{"start":{"line":633,"column":4},"end":{"line":633,"column":40}},"98":{"start":{"line":642,"column":4},"end":{"line":642,"column":12}},"99":{"start":{"line":654,"column":4},"end":{"line":659,"column":5}},"100":{"start":{"line":668,"column":4},"end":{"line":668,"column":16}},"101":{"start":{"line":669,"column":4},"end":{"line":669,"column":16}},"102":{"start":{"line":670,"column":4},"end":{"line":670,"column":16}},"103":{"start":{"line":671,"column":4},"end":{"line":671,"column":16}},"104":{"start":{"line":680,"column":4},"end":{"line":690,"column":5}},"105":{"start":{"line":694,"column":0},"end":{"line":694,"column":41}}},"fnMap":{"0":{"name":"(anonymous_0)","decl":{"start":{"line":19,"column":2},"end":{"line":19,"column":3}},"loc":{"start":{"line":19,"column":44},"end":{"line":43,"column":3}},"line":19},"1":{"name":"(anonymous_1)","decl":{"start":{"line":50,"column":2},"end":{"line":50,"column":3}},"loc":{"start":{"line":50,"column":10},"end":{"line":52,"column":3}},"line":50},"2":{"name":"(anonymous_2)","decl":{"start":{"line":59,"column":2},"end":{"line":59,"column":3}},"loc":{"start":{"line":59,"column":13},"end":{"line":61,"column":3}},"line":59},"3":{"name":"(anonymous_3)","decl":{"start":{"line":68,"column":2},"end":{"line":68,"column":3}},"loc":{"start":{"line":68,"column":10},"end":{"line":70,"column":3}},"line":68},"4":{"name":"(anonymous_4)","decl":{"start":{"line":76,"column":2},"end":{"line":76,"column":3}},"loc":{"start":{"line":76,"column":13},"end":{"line":78,"column":3}},"line":76},"5":{"name":"(anonymous_5)","decl":{"start":{"line":85,"column":2},"end":{"line":85,"column":3}},"loc":{"start":{"line":85,"column":10},"end":{"line":87,"column":3}},"line":85},"6":{"name":"(anonymous_6)","decl":{"start":{"line":94,"column":2},"end":{"line":94,"column":3}},"loc":{"start":{"line":94,"column":13},"end":{"line":96,"column":3}},"line":94},"7":{"name":"(anonymous_7)","decl":{"start":{"line":103,"column":2},"end":{"line":103,"column":3}},"loc":{"start":{"line":103,"column":10},"end":{"line":105,"column":3}},"line":103},"8":{"name":"(anonymous_8)","decl":{"start":{"line":111,"column":2},"end":{"line":111,"column":3}},"loc":{"start":{"line":111,"column":13},"end":{"line":113,"column":3}},"line":111},"9":{"name":"(anonymous_9)","decl":{"start":{"line":123,"column":2},"end":{"line":123,"column":3}},"loc":{"start":{"line":123,"column":24},"end":{"line":128,"column":3}},"line":123},"10":{"name":"(anonymous_10)","decl":{"start":{"line":135,"column":2},"end":{"line":135,"column":3}},"loc":{"start":{"line":135,"column":22},"end":{"line":140,"column":3}},"line":135},"11":{"name":"(anonymous_11)","decl":{"start":{"line":147,"column":2},"end":{"line":147,"column":3}},"loc":{"start":{"line":147,"column":27},"end":{"line":152,"column":3}},"line":147},"12":{"name":"(anonymous_12)","decl":{"start":{"line":159,"column":2},"end":{"line":159,"column":3}},"loc":{"start":{"line":159,"column":18},"end":{"line":161,"column":3}},"line":159},"13":{"name":"(anonymous_13)","decl":{"start":{"line":168,"column":2},"end":{"line":168,"column":3}},"loc":{"start":{"line":168,"column":17},"end":{"line":174,"column":3}},"line":168},"14":{"name":"(anonymous_14)","decl":{"start":{"line":184,"column":2},"end":{"line":184,"column":3}},"loc":{"start":{"line":184,"column":25},"end":{"line":189,"column":3}},"line":184},"15":{"name":"(anonymous_15)","decl":{"start":{"line":196,"column":2},"end":{"line":196,"column":3}},"loc":{"start":{"line":196,"column":24},"end":{"line":201,"column":3}},"line":196},"16":{"name":"(anonymous_16)","decl":{"start":{"line":208,"column":2},"end":{"line":208,"column":3}},"loc":{"start":{"line":208,"column":23},"end":{"line":213,"column":3}},"line":208},"17":{"name":"(anonymous_17)","decl":{"start":{"line":220,"column":2},"end":{"line":220,"column":3}},"loc":{"start":{"line":220,"column":18},"end":{"line":237,"column":3}},"line":220},"18":{"name":"hexToRgb","decl":{"start":{"line":221,"column":13},"end":{"line":221,"column":21}},"loc":{"start":{"line":221,"column":27},"end":{"line":230,"column":5}},"line":221},"19":{"name":"(anonymous_19)","decl":{"start":{"line":244,"column":2},"end":{"line":244,"column":3}},"loc":{"start":{"line":244,"column":28},"end":{"line":400,"column":3}},"line":244},"20":{"name":"(anonymous_20)","decl":{"start":{"line":245,"column":28},"end":{"line":245,"column":29}},"loc":{"start":{"line":245,"column":40},"end":{"line":394,"column":5}},"line":245},"21":{"name":"(anonymous_21)","decl":{"start":{"line":407,"column":2},"end":{"line":407,"column":3}},"loc":{"start":{"line":407,"column":10},"end":{"line":419,"column":3}},"line":407},"22":{"name":"componentToHex","decl":{"start":{"line":408,"column":13},"end":{"line":408,"column":27}},"loc":{"start":{"line":408,"column":31},"end":{"line":412,"column":5}},"line":408},"23":{"name":"(anonymous_23)","decl":{"start":{"line":427,"column":2},"end":{"line":427,"column":3}},"loc":{"start":{"line":427,"column":15},"end":{"line":429,"column":3}},"line":427},"24":{"name":"(anonymous_24)","decl":{"start":{"line":437,"column":2},"end":{"line":437,"column":3}},"loc":{"start":{"line":437,"column":19},"end":{"line":439,"column":3}},"line":437},"25":{"name":"(anonymous_25)","decl":{"start":{"line":448,"column":2},"end":{"line":448,"column":3}},"loc":{"start":{"line":448,"column":49},"end":{"line":455,"column":3}},"line":448},"26":{"name":"(anonymous_26)","decl":{"start":{"line":463,"column":2},"end":{"line":463,"column":3}},"loc":{"start":{"line":463,"column":13},"end":{"line":465,"column":3}},"line":463},"27":{"name":"(anonymous_27)","decl":{"start":{"line":473,"column":2},"end":{"line":473,"column":3}},"loc":{"start":{"line":473,"column":18},"end":{"line":475,"column":3}},"line":473},"28":{"name":"(anonymous_28)","decl":{"start":{"line":483,"column":2},"end":{"line":483,"column":3}},"loc":{"start":{"line":483,"column":16},"end":{"line":485,"column":3}},"line":483},"29":{"name":"(anonymous_29)","decl":{"start":{"line":492,"column":2},"end":{"line":492,"column":3}},"loc":{"start":{"line":492,"column":23},"end":{"line":497,"column":3}},"line":492},"30":{"name":"(anonymous_30)","decl":{"start":{"line":504,"column":2},"end":{"line":504,"column":3}},"loc":{"start":{"line":504,"column":20},"end":{"line":506,"column":3}},"line":504},"31":{"name":"(anonymous_31)","decl":{"start":{"line":514,"column":2},"end":{"line":514,"column":3}},"loc":{"start":{"line":514,"column":24},"end":{"line":516,"column":3}},"line":514},"32":{"name":"(anonymous_32)","decl":{"start":{"line":524,"column":2},"end":{"line":524,"column":3}},"loc":{"start":{"line":524,"column":23},"end":{"line":531,"column":3}},"line":524},"33":{"name":"(anonymous_33)","decl":{"start":{"line":538,"column":2},"end":{"line":538,"column":3}},"loc":{"start":{"line":538,"column":14},"end":{"line":540,"column":3}},"line":538},"34":{"name":"(anonymous_34)","decl":{"start":{"line":549,"column":2},"end":{"line":549,"column":3}},"loc":{"start":{"line":549,"column":17},"end":{"line":555,"column":3}},"line":549},"35":{"name":"(anonymous_35)","decl":{"start":{"line":564,"column":2},"end":{"line":564,"column":3}},"loc":{"start":{"line":564,"column":56},"end":{"line":582,"column":3}},"line":564},"36":{"name":"(anonymous_36)","decl":{"start":{"line":589,"column":2},"end":{"line":589,"column":3}},"loc":{"start":{"line":589,"column":10},"end":{"line":591,"column":3}},"line":589},"37":{"name":"(anonymous_37)","decl":{"start":{"line":598,"column":2},"end":{"line":598,"column":3}},"loc":{"start":{"line":598,"column":12},"end":{"line":600,"column":3}},"line":598},"38":{"name":"(anonymous_38)","decl":{"start":{"line":608,"column":2},"end":{"line":608,"column":3}},"loc":{"start":{"line":608,"column":22},"end":{"line":610,"column":3}},"line":608},"39":{"name":"(anonymous_39)","decl":{"start":{"line":621,"column":2},"end":{"line":621,"column":3}},"loc":{"start":{"line":621,"column":25},"end":{"line":623,"column":3}},"line":621},"40":{"name":"(anonymous_40)","decl":{"start":{"line":632,"column":2},"end":{"line":632,"column":3}},"loc":{"start":{"line":632,"column":53},"end":{"line":634,"column":3}},"line":632},"41":{"name":"(anonymous_41)","decl":{"start":{"line":641,"column":2},"end":{"line":641,"column":3}},"loc":{"start":{"line":641,"column":23},"end":{"line":643,"column":3}},"line":641},"42":{"name":"(anonymous_42)","decl":{"start":{"line":653,"column":2},"end":{"line":653,"column":3}},"loc":{"start":{"line":653,"column":11},"end":{"line":660,"column":3}},"line":653},"43":{"name":"(anonymous_43)","decl":{"start":{"line":667,"column":2},"end":{"line":667,"column":3}},"loc":{"start":{"line":667,"column":14},"end":{"line":672,"column":3}},"line":667},"44":{"name":"(anonymous_44)","decl":{"start":{"line":679,"column":2},"end":{"line":679,"column":3}},"loc":{"start":{"line":679,"column":16},"end":{"line":691,"column":3}},"line":679}},"branchMap":{"0":{"loc":{"start":{"line":19,"column":14},"end":{"line":19,"column":19}},"type":"default-arg","locations":[{"start":{"line":19,"column":18},"end":{"line":19,"column":19}}],"line":19},"1":{"loc":{"start":{"line":19,"column":21},"end":{"line":19,"column":26}},"type":"default-arg","locations":[{"start":{"line":19,"column":25},"end":{"line":19,"column":26}}],"line":19},"2":{"loc":{"start":{"line":19,"column":28},"end":{"line":19,"column":33}},"type":"default-arg","locations":[{"start":{"line":19,"column":32},"end":{"line":19,"column":33}}],"line":19},"3":{"loc":{"start":{"line":19,"column":35},"end":{"line":19,"column":42}},"type":"default-arg","locations":[{"start":{"line":19,"column":39},"end":{"line":19,"column":42}}],"line":19},"4":{"loc":{"start":{"line":22,"column":4},"end":{"line":42,"column":5}},"type":"if","locations":[{"start":{"line":22,"column":4},"end":{"line":42,"column":5}},{"start":{"line":22,"column":4},"end":{"line":42,"column":5}}],"line":22},"5":{"loc":{"start":{"line":24,"column":11},"end":{"line":42,"column":5}},"type":"if","locations":[{"start":{"line":24,"column":11},"end":{"line":42,"column":5}},{"start":{"line":24,"column":11},"end":{"line":42,"column":5}}],"line":24},"6":{"loc":{"start":{"line":30,"column":6},"end":{"line":41,"column":7}},"type":"if","locations":[{"start":{"line":30,"column":6},"end":{"line":41,"column":7}},{"start":{"line":30,"column":6},"end":{"line":41,"column":7}}],"line":30},"7":{"loc":{"start":{"line":31,"column":8},"end":{"line":35,"column":9}},"type":"if","locations":[{"start":{"line":31,"column":8},"end":{"line":35,"column":9}},{"start":{"line":31,"column":8},"end":{"line":35,"column":9}}],"line":31},"8":{"loc":{"start":{"line":123,"column":15},"end":{"line":123,"column":22}},"type":"default-arg","locations":[{"start":{"line":123,"column":19},"end":{"line":123,"column":22}}],"line":123},"9":{"loc":{"start":{"line":151,"column":13},"end":{"line":151,"column":45}},"type":"cond-expr","locations":[{"start":{"line":151,"column":32},"end":{"line":151,"column":39}},{"start":{"line":151,"column":42},"end":{"line":151,"column":45}}],"line":151},"10":{"loc":{"start":{"line":188,"column":13},"end":{"line":188,"column":30}},"type":"cond-expr","locations":[{"start":{"line":188,"column":17},"end":{"line":188,"column":24}},{"start":{"line":188,"column":27},"end":{"line":188,"column":30}}],"line":188},"11":{"loc":{"start":{"line":200,"column":13},"end":{"line":200,"column":51}},"type":"cond-expr","locations":[{"start":{"line":200,"column":32},"end":{"line":200,"column":45}},{"start":{"line":200,"column":48},"end":{"line":200,"column":51}}],"line":200},"12":{"loc":{"start":{"line":212,"column":13},"end":{"line":212,"column":45}},"type":"cond-expr","locations":[{"start":{"line":212,"column":27},"end":{"line":212,"column":39}},{"start":{"line":212,"column":42},"end":{"line":212,"column":45}}],"line":212},"13":{"loc":{"start":{"line":223,"column":13},"end":{"line":229,"column":14}},"type":"cond-expr","locations":[{"start":{"line":224,"column":10},"end":{"line":228,"column":11}},{"start":{"line":229,"column":10},"end":{"line":229,"column":14}}],"line":223},"14":{"loc":{"start":{"line":232,"column":4},"end":{"line":235,"column":5}},"type":"if","locations":[{"start":{"line":232,"column":4},"end":{"line":235,"column":5}},{"start":{"line":232,"column":4},"end":{"line":235,"column":5}}],"line":232},"15":{"loc":{"start":{"line":390,"column":6},"end":{"line":391,"column":43}},"type":"if","locations":[{"start":{"line":390,"column":6},"end":{"line":391,"column":43}},{"start":{"line":390,"column":6},"end":{"line":391,"column":43}}],"line":390},"16":{"loc":{"start":{"line":395,"column":4},"end":{"line":399,"column":5}},"type":"if","locations":[{"start":{"line":395,"column":4},"end":{"line":399,"column":5}},{"start":{"line":395,"column":4},"end":{"line":399,"column":5}}],"line":395},"17":{"loc":{"start":{"line":411,"column":13},"end":{"line":411,"column":46}},"type":"cond-expr","locations":[{"start":{"line":411,"column":31},"end":{"line":411,"column":40}},{"start":{"line":411,"column":43},"end":{"line":411,"column":46}}],"line":411},"18":{"loc":{"start":{"line":428,"column":11},"end":{"line":428,"column":91}},"type":"binary-expr","locations":[{"start":{"line":428,"column":11},"end":{"line":428,"column":28}},{"start":{"line":428,"column":32},"end":{"line":428,"column":49}},{"start":{"line":428,"column":53},"end":{"line":428,"column":70}},{"start":{"line":428,"column":74},"end":{"line":428,"column":91}}],"line":428},"19":{"loc":{"start":{"line":438,"column":11},"end":{"line":438,"column":91}},"type":"binary-expr","locations":[{"start":{"line":438,"column":11},"end":{"line":438,"column":28}},{"start":{"line":438,"column":32},"end":{"line":438,"column":49}},{"start":{"line":438,"column":53},"end":{"line":438,"column":70}},{"start":{"line":438,"column":74},"end":{"line":438,"column":91}}],"line":438},"20":{"loc":{"start":{"line":448,"column":21},"end":{"line":448,"column":47}},"type":"default-arg","locations":[{"start":{"line":448,"column":33},"end":{"line":448,"column":47}}],"line":448},"21":{"loc":{"start":{"line":450,"column":6},"end":{"line":453,"column":44}},"type":"binary-expr","locations":[{"start":{"line":450,"column":6},"end":{"line":450,"column":44}},{"start":{"line":451,"column":6},"end":{"line":451,"column":44}},{"start":{"line":452,"column":6},"end":{"line":452,"column":44}},{"start":{"line":453,"column":6},"end":{"line":453,"column":44}}],"line":450},"22":{"loc":{"start":{"line":514,"column":11},"end":{"line":514,"column":22}},"type":"default-arg","locations":[{"start":{"line":514,"column":19},"end":{"line":514,"column":22}}],"line":514},"23":{"loc":{"start":{"line":524,"column":10},"end":{"line":524,"column":21}},"type":"default-arg","locations":[{"start":{"line":524,"column":18},"end":{"line":524,"column":21}}],"line":524},"24":{"loc":{"start":{"line":564,"column":16},"end":{"line":564,"column":33}},"type":"default-arg","locations":[{"start":{"line":564,"column":30},"end":{"line":564,"column":33}}],"line":564},"25":{"loc":{"start":{"line":564,"column":35},"end":{"line":564,"column":54}},"type":"default-arg","locations":[{"start":{"line":564,"column":49},"end":{"line":564,"column":54}}],"line":564},"26":{"loc":{"start":{"line":565,"column":4},"end":{"line":581,"column":5}},"type":"if","locations":[{"start":{"line":565,"column":4},"end":{"line":581,"column":5}},{"start":{"line":565,"column":4},"end":{"line":581,"column":5}}],"line":565},"27":{"loc":{"start":{"line":570,"column":8},"end":{"line":570,"column":77}},"type":"cond-expr","locations":[{"start":{"line":570,"column":22},"end":{"line":570,"column":71}},{"start":{"line":570,"column":74},"end":{"line":570,"column":77}}],"line":570},"28":{"loc":{"start":{"line":572,"column":11},"end":{"line":581,"column":5}},"type":"if","locations":[{"start":{"line":572,"column":11},"end":{"line":581,"column":5}},{"start":{"line":572,"column":11},"end":{"line":581,"column":5}}],"line":572},"29":{"loc":{"start":{"line":577,"column":8},"end":{"line":577,"column":63}},"type":"cond-expr","locations":[{"start":{"line":577,"column":22},"end":{"line":577,"column":57}},{"start":{"line":577,"column":60},"end":{"line":577,"column":63}}],"line":577},"30":{"loc":{"start":{"line":580,"column":68},"end":{"line":580,"column":101}},"type":"cond-expr","locations":[{"start":{"line":580,"column":82},"end":{"line":580,"column":95}},{"start":{"line":580,"column":98},"end":{"line":580,"column":101}}],"line":580},"31":{"loc":{"start":{"line":632,"column":41},"end":{"line":632,"column":51}},"type":"default-arg","locations":[{"start":{"line":632,"column":50},"end":{"line":632,"column":51}}],"line":632}},"s":{"0":0,"1":0,"2":0,"3":0,"4":0,"5":0,"6":0,"7":0,"8":0,"9":0,"10":0,"11":0,"12":0,"13":0,"14":0,"15":0,"16":0,"17":0,"18":0,"19":0,"20":0,"21":0,"22":0,"23":0,"24":0,"25":0,"26":0,"27":0,"28":0,"29":0,"30":0,"31":0,"32":0,"33":0,"34":0,"35":0,"36":0,"37":0,"38":0,"39":0,"40":0,"41":0,"42":0,"43":0,"44":0,"45":0,"46":0,"47":0,"48":0,"49":0,"50":0,"51":0,"52":0,"53":0,"54":0,"55":0,"56":0,"57":0,"58":0,"59":0,"60":0,"61":0,"62":0,"63":0,"64":0,"65":0,"66":0,"67":0,"68":0,"69":0,"70":0,"71":0,"72":0,"73":0,"74":0,"75":0,"76":0,"77":0,"78":0,"79":0,"80":0,"81":0,"82":0,"83":0,"84":0,"85":0,"86":0,"87":0,"88":0,"89":0,"90":0,"91":0,"92":0,"93":0,"94":0,"95":0,"96":0,"97":0,"98":0,"99":0,"100":0,"101":0,"102":0,"103":0,"104":0,"105":2},"f":{"0":0,"1":0,"2":0,"3":0,"4":0,"5":0,"6":0,"7":0,"8":0,"9":0,"10":0,"11":0,"12":0,"13":0,"14":0,"15":0,"16":0,"17":0,"18":0,"19":0,"20":0,"21":0,"22":0,"23":0,"24":0,"25":0,"26":0,"27":0,"28":0,"29":0,"30":0,"31":0,"32":0,"33":0,"34":0,"35":0,"36":0,"37":0,"38":0,"39":0,"40":0,"41":0,"42":0,"43":0,"44":0},"b":{"0":[0],"1":[0],"2":[0],"3":[0],"4":[0,0],"5":[0,0],"6":[0,0],"7":[0,0],"8":[0],"9":[0,0],"10":[0,0],"11":[0,0],"12":[0,0],"13":[0,0],"14":[0,0],"15":[0,0],"16":[0,0],"17":[0,0],"18":[0,0,0,0],"19":[0,0,0,0],"20":[0],"21":[0,0,0,0],"22":[0],"23":[0],"24":[0],"25":[0],"26":[0,0],"27":[0,0],"28":[0,0],"29":[0,0],"30":[0,0],"31":[0]},"_coverageSchema":"1a1c01bbd47fc00a2c39e90264f33305004495a9","hash":"d0b9f49e713753136bde92afd636d179b6ede1a6"}
,"/Users/mauro/workspace/zea/engine/src/Math/Common.js": {"path":"/Users/mauro/workspace/zea/engine/src/Math/Common.js","statementMap":{"0":{"start":{"line":6,"column":17},"end":{"line":6,"column":30}},"1":{"start":{"line":7,"column":0},"end":{"line":7,"column":28}},"2":{"start":{"line":8,"column":0},"end":{"line":8,"column":27}},"3":{"start":{"line":10,"column":14},"end":{"line":10,"column":15}},"4":{"start":{"line":11,"column":14},"end":{"line":11,"column":15}},"5":{"start":{"line":12,"column":15},"end":{"line":12,"column":16}},"6":{"start":{"line":13,"column":15},"end":{"line":13,"column":16}},"7":{"start":{"line":14,"column":15},"end":{"line":14,"column":16}},"8":{"start":{"line":15,"column":15},"end":{"line":15,"column":16}},"9":{"start":{"line":16,"column":16},"end":{"line":16,"column":17}},"10":{"start":{"line":18,"column":0},"end":{"line":20,"column":1}},"11":{"start":{"line":19,"column":2},"end":{"line":19,"column":23}},"12":{"start":{"line":22,"column":0},"end":{"line":24,"column":1}},"13":{"start":{"line":23,"column":2},"end":{"line":23,"column":23}},"14":{"start":{"line":26,"column":0},"end":{"line":28,"column":1}},"15":{"start":{"line":27,"column":2},"end":{"line":27,"column":45}},"16":{"start":{"line":30,"column":0},"end":{"line":33,"column":1}},"17":{"start":{"line":31,"column":17},"end":{"line":31,"column":21}},"18":{"start":{"line":32,"column":2},"end":{"line":32,"column":61}},"19":{"start":{"line":35,"column":16},"end":{"line":47,"column":1}},"20":{"start":{"line":36,"column":13},"end":{"line":36,"column":14}},"21":{"start":{"line":40,"column":2},"end":{"line":40,"column":35}},"22":{"start":{"line":40,"column":24},"end":{"line":40,"column":35}},"23":{"start":{"line":41,"column":2},"end":{"line":45,"column":3}},"24":{"start":{"line":42,"column":4},"end":{"line":42,"column":27}},"25":{"start":{"line":43,"column":4},"end":{"line":43,"column":35}},"26":{"start":{"line":44,"column":4},"end":{"line":44,"column":13}},"27":{"start":{"line":46,"column":2},"end":{"line":46,"column":23}},"28":{"start":{"line":49,"column":0},"end":{"line":51,"column":1}},"29":{"start":{"line":50,"column":2},"end":{"line":50,"column":22}},"30":{"start":{"line":54,"column":0},"end":{"line":56,"column":1}},"31":{"start":{"line":55,"column":2},"end":{"line":55,"column":39}},"32":{"start":{"line":59,"column":0},"end":{"line":61,"column":1}},"33":{"start":{"line":60,"column":2},"end":{"line":60,"column":33}},"34":{"start":{"line":64,"column":0},"end":{"line":66,"column":1}},"35":{"start":{"line":65,"column":2},"end":{"line":65,"column":33}},"36":{"start":{"line":69,"column":0},"end":{"line":73,"column":1}},"37":{"start":{"line":70,"column":12},"end":{"line":70,"column":16}},"38":{"start":{"line":71,"column":2},"end":{"line":71,"column":51}},"39":{"start":{"line":71,"column":30},"end":{"line":71,"column":51}},"40":{"start":{"line":72,"column":2},"end":{"line":72,"column":12}},"41":{"start":{"line":76,"column":0},"end":{"line":80,"column":1}},"42":{"start":{"line":77,"column":12},"end":{"line":77,"column":16}},"43":{"start":{"line":78,"column":2},"end":{"line":78,"column":51}},"44":{"start":{"line":78,"column":30},"end":{"line":78,"column":51}},"45":{"start":{"line":79,"column":2},"end":{"line":79,"column":12}},"46":{"start":{"line":83,"column":2},"end":{"line":89,"column":3}},"47":{"start":{"line":86,"column":6},"end":{"line":86,"column":77}},"48":{"start":{"line":92,"column":18},"end":{"line":96,"column":1}},"49":{"start":{"line":93,"column":2},"end":{"line":93,"column":22}},"50":{"start":{"line":94,"column":2},"end":{"line":94,"column":23}},"51":{"start":{"line":95,"column":2},"end":{"line":95,"column":54}},"52":{"start":{"line":98,"column":0},"end":{"line":98,"column":26}},"53":{"start":{"line":100,"column":13},"end":{"line":102,"column":1}},"54":{"start":{"line":101,"column":2},"end":{"line":101,"column":24}},"55":{"start":{"line":104,"column":0},"end":{"line":104,"column":16}},"56":{"start":{"line":106,"column":14},"end":{"line":108,"column":1}},"57":{"start":{"line":107,"column":2},"end":{"line":107,"column":44}},"58":{"start":{"line":110,"column":0},"end":{"line":110,"column":18}},"59":{"start":{"line":112,"column":0},"end":{"line":114,"column":1}},"60":{"start":{"line":113,"column":2},"end":{"line":113,"column":63}},"61":{"start":{"line":116,"column":0},"end":{"line":118,"column":1}},"62":{"start":{"line":117,"column":2},"end":{"line":117,"column":69}},"63":{"start":{"line":120,"column":0},"end":{"line":127,"column":1}},"64":{"start":{"line":121,"column":12},"end":{"line":121,"column":13}},"65":{"start":{"line":122,"column":2},"end":{"line":125,"column":3}},"66":{"start":{"line":123,"column":4},"end":{"line":123,"column":9}},"67":{"start":{"line":124,"column":4},"end":{"line":124,"column":22}},"68":{"start":{"line":126,"column":2},"end":{"line":126,"column":17}},"69":{"start":{"line":128,"column":0},"end":{"line":136,"column":1}},"70":{"start":{"line":129,"column":2},"end":{"line":129,"column":26}},"71":{"start":{"line":129,"column":18},"end":{"line":129,"column":26}},"72":{"start":{"line":130,"column":2},"end":{"line":133,"column":3}},"73":{"start":{"line":131,"column":4},"end":{"line":131,"column":35}},"74":{"start":{"line":131,"column":22},"end":{"line":131,"column":35}},"75":{"start":{"line":132,"column":4},"end":{"line":132,"column":38}},"76":{"start":{"line":134,"column":2},"end":{"line":134,"column":31}},"77":{"start":{"line":134,"column":19},"end":{"line":134,"column":31}},"78":{"start":{"line":135,"column":2},"end":{"line":135,"column":34}},"79":{"start":{"line":138,"column":0},"end":{"line":140,"column":1}},"80":{"start":{"line":139,"column":2},"end":{"line":139,"column":72}},"81":{"start":{"line":142,"column":0},"end":{"line":145,"column":1}},"82":{"start":{"line":143,"column":2},"end":{"line":143,"column":119}},"83":{"start":{"line":144,"column":2},"end":{"line":144,"column":48}},"84":{"start":{"line":151,"column":41},"end":{"line":194,"column":1}},"85":{"start":{"line":152,"column":18},"end":{"line":152,"column":54}},"86":{"start":{"line":153,"column":20},"end":{"line":153,"column":55}},"87":{"start":{"line":154,"column":19},"end":{"line":189,"column":3}},"88":{"start":{"line":155,"column":15},"end":{"line":155,"column":33}},"89":{"start":{"line":156,"column":12},"end":{"line":156,"column":30}},"90":{"start":{"line":157,"column":14},"end":{"line":157,"column":30}},"91":{"start":{"line":161,"column":4},"end":{"line":163,"column":5}},"92":{"start":{"line":162,"column":6},"end":{"line":162,"column":17}},"93":{"start":{"line":166,"column":4},"end":{"line":172,"column":5}},"94":{"start":{"line":167,"column":6},"end":{"line":167,"column":20}},"95":{"start":{"line":170,"column":6},"end":{"line":170,"column":50}},"96":{"start":{"line":171,"column":6},"end":{"line":171,"column":17}},"97":{"start":{"line":175,"column":4},"end":{"line":181,"column":5}},"98":{"start":{"line":176,"column":6},"end":{"line":176,"column":17}},"99":{"start":{"line":179,"column":6},"end":{"line":179,"column":55}},"100":{"start":{"line":180,"column":6},"end":{"line":180,"column":17}},"101":{"start":{"line":183,"column":4},"end":{"line":183,"column":40}},"102":{"start":{"line":186,"column":4},"end":{"line":186,"column":17}},"103":{"start":{"line":188,"column":4},"end":{"line":188,"column":15}},"104":{"start":{"line":190,"column":2},"end":{"line":192,"column":3}},"105":{"start":{"line":190,"column":15},"end":{"line":190,"column":16}},"106":{"start":{"line":191,"column":4},"end":{"line":191,"column":39}},"107":{"start":{"line":193,"column":2},"end":{"line":193,"column":16}},"108":{"start":{"line":200,"column":0},"end":{"line":215,"column":1}},"109":{"start":{"line":201,"column":13},"end":{"line":201,"column":17}},"110":{"start":{"line":202,"column":13},"end":{"line":202,"column":17}},"111":{"start":{"line":204,"column":12},"end":{"line":204,"column":30}},"112":{"start":{"line":205,"column":15},"end":{"line":205,"column":31}},"113":{"start":{"line":206,"column":14},"end":{"line":206,"column":22}},"114":{"start":{"line":208,"column":13},"end":{"line":208,"column":33}},"115":{"start":{"line":209,"column":19},"end":{"line":209,"column":41}},"116":{"start":{"line":210,"column":2},"end":{"line":210,"column":26}},"117":{"start":{"line":211,"column":19},"end":{"line":211,"column":48}},"118":{"start":{"line":212,"column":12},"end":{"line":212,"column":35}},"119":{"start":{"line":214,"column":2},"end":{"line":214,"column":10}},"120":{"start":{"line":217,"column":0},"end":{"line":250,"column":1}},"121":{"start":{"line":218,"column":2},"end":{"line":218,"column":31}},"122":{"start":{"line":218,"column":10},"end":{"line":218,"column":31}},"123":{"start":{"line":220,"column":17},"end":{"line":220,"column":33}},"124":{"start":{"line":221,"column":2},"end":{"line":221,"column":17}},"125":{"start":{"line":222,"column":17},"end":{"line":222,"column":19}},"126":{"start":{"line":223,"column":14},"end":{"line":223,"column":18}},"127":{"start":{"line":224,"column":2},"end":{"line":229,"column":3}},"128":{"start":{"line":224,"column":17},"end":{"line":224,"column":19}},"129":{"start":{"line":225,"column":4},"end":{"line":228,"column":5}},"130":{"start":{"line":226,"column":6},"end":{"line":226,"column":16}},"131":{"start":{"line":227,"column":6},"end":{"line":227,"column":16}},"132":{"start":{"line":232,"column":2},"end":{"line":236,"column":3}},"133":{"start":{"line":233,"column":4},"end":{"line":233,"column":24}},"134":{"start":{"line":235,"column":4},"end":{"line":235,"column":30}},"135":{"start":{"line":238,"column":19},"end":{"line":238,"column":42}},"136":{"start":{"line":239,"column":14},"end":{"line":239,"column":28}},"137":{"start":{"line":240,"column":14},"end":{"line":240,"column":34}},"138":{"start":{"line":242,"column":2},"end":{"line":242,"column":36}},"139":{"start":{"line":243,"column":2},"end":{"line":243,"column":12}},"140":{"start":{"line":245,"column":2},"end":{"line":247,"column":3}},"141":{"start":{"line":246,"column":4},"end":{"line":246,"column":14}},"142":{"start":{"line":249,"column":2},"end":{"line":249,"column":10}},"143":{"start":{"line":252,"column":0},"end":{"line":296,"column":1}},"144":{"start":{"line":253,"column":23},"end":{"line":253,"column":42}},"145":{"start":{"line":254,"column":2},"end":{"line":254,"column":21}},"146":{"start":{"line":255,"column":18},"end":{"line":255,"column":54}},"147":{"start":{"line":256,"column":20},"end":{"line":256,"column":55}},"148":{"start":{"line":258,"column":19},"end":{"line":293,"column":3}},"149":{"start":{"line":259,"column":15},"end":{"line":259,"column":33}},"150":{"start":{"line":260,"column":12},"end":{"line":260,"column":30}},"151":{"start":{"line":261,"column":14},"end":{"line":261,"column":30}},"152":{"start":{"line":265,"column":4},"end":{"line":267,"column":5}},"153":{"start":{"line":266,"column":6},"end":{"line":266,"column":17}},"154":{"start":{"line":270,"column":4},"end":{"line":276,"column":5}},"155":{"start":{"line":271,"column":6},"end":{"line":271,"column":20}},"156":{"start":{"line":274,"column":6},"end":{"line":274,"column":50}},"157":{"start":{"line":275,"column":6},"end":{"line":275,"column":17}},"158":{"start":{"line":279,"column":4},"end":{"line":285,"column":5}},"159":{"start":{"line":280,"column":6},"end":{"line":280,"column":17}},"160":{"start":{"line":283,"column":6},"end":{"line":283,"column":55}},"161":{"start":{"line":284,"column":6},"end":{"line":284,"column":17}},"162":{"start":{"line":287,"column":4},"end":{"line":287,"column":40}},"163":{"start":{"line":290,"column":4},"end":{"line":290,"column":17}},"164":{"start":{"line":292,"column":4},"end":{"line":292,"column":15}},"165":{"start":{"line":295,"column":2},"end":{"line":295,"column":31}},"166":{"start":{"line":300,"column":0},"end":{"line":312,"column":1}},"167":{"start":{"line":301,"column":12},"end":{"line":301,"column":30}},"168":{"start":{"line":302,"column":12},"end":{"line":302,"column":30}},"169":{"start":{"line":303,"column":12},"end":{"line":303,"column":22}},"170":{"start":{"line":305,"column":2},"end":{"line":309,"column":3}},"171":{"start":{"line":306,"column":4},"end":{"line":306,"column":66}},"172":{"start":{"line":307,"column":9},"end":{"line":309,"column":3}},"173":{"start":{"line":308,"column":4},"end":{"line":308,"column":44}},"174":{"start":{"line":311,"column":2},"end":{"line":311,"column":71}},"175":{"start":{"line":314,"column":0},"end":{"line":317,"column":1}},"176":{"start":{"line":315,"column":12},"end":{"line":315,"column":63}},"177":{"start":{"line":316,"column":2},"end":{"line":316,"column":32}},"178":{"start":{"line":319,"column":0},"end":{"line":321,"column":1}},"179":{"start":{"line":320,"column":2},"end":{"line":320,"column":60}},"180":{"start":{"line":323,"column":15},"end":{"line":327,"column":1}}},"fnMap":{"0":{"name":"(anonymous_0)","decl":{"start":{"line":18,"column":16},"end":{"line":18,"column":17}},"loc":{"start":{"line":18,"column":31},"end":{"line":20,"column":1}},"line":18},"1":{"name":"(anonymous_1)","decl":{"start":{"line":22,"column":16},"end":{"line":22,"column":17}},"loc":{"start":{"line":22,"column":31},"end":{"line":24,"column":1}},"line":22},"2":{"name":"(anonymous_2)","decl":{"start":{"line":26,"column":19},"end":{"line":26,"column":20}},"loc":{"start":{"line":26,"column":26},"end":{"line":28,"column":1}},"line":26},"3":{"name":"(anonymous_3)","decl":{"start":{"line":30,"column":30},"end":{"line":30,"column":31}},"loc":{"start":{"line":30,"column":61},"end":{"line":33,"column":1}},"line":30},"4":{"name":"(anonymous_4)","decl":{"start":{"line":35,"column":16},"end":{"line":35,"column":17}},"loc":{"start":{"line":35,"column":31},"end":{"line":47,"column":1}},"line":35},"5":{"name":"(anonymous_5)","decl":{"start":{"line":49,"column":24},"end":{"line":49,"column":25}},"loc":{"start":{"line":49,"column":36},"end":{"line":51,"column":1}},"line":49},"6":{"name":"(anonymous_6)","decl":{"start":{"line":54,"column":24},"end":{"line":54,"column":25}},"loc":{"start":{"line":54,"column":36},"end":{"line":56,"column":1}},"line":54},"7":{"name":"(anonymous_7)","decl":{"start":{"line":59,"column":25},"end":{"line":59,"column":26}},"loc":{"start":{"line":59,"column":37},"end":{"line":61,"column":1}},"line":59},"8":{"name":"(anonymous_8)","decl":{"start":{"line":64,"column":25},"end":{"line":64,"column":26}},"loc":{"start":{"line":64,"column":37},"end":{"line":66,"column":1}},"line":64},"9":{"name":"(anonymous_9)","decl":{"start":{"line":69,"column":24},"end":{"line":69,"column":25}},"loc":{"start":{"line":69,"column":53},"end":{"line":73,"column":1}},"line":69},"10":{"name":"(anonymous_10)","decl":{"start":{"line":76,"column":24},"end":{"line":76,"column":25}},"loc":{"start":{"line":76,"column":53},"end":{"line":80,"column":1}},"line":76},"11":{"name":"JSON_stringify_fixedPrecision","decl":{"start":{"line":82,"column":9},"end":{"line":82,"column":38}},"loc":{"start":{"line":82,"column":70},"end":{"line":90,"column":1}},"line":82},"12":{"name":"(anonymous_12)","decl":{"start":{"line":85,"column":4},"end":{"line":85,"column":5}},"loc":{"start":{"line":85,"column":24},"end":{"line":87,"column":5}},"line":85},"13":{"name":"(anonymous_13)","decl":{"start":{"line":92,"column":18},"end":{"line":92,"column":19}},"loc":{"start":{"line":92,"column":32},"end":{"line":96,"column":1}},"line":92},"14":{"name":"(anonymous_14)","decl":{"start":{"line":100,"column":13},"end":{"line":100,"column":14}},"loc":{"start":{"line":100,"column":26},"end":{"line":102,"column":1}},"line":100},"15":{"name":"(anonymous_15)","decl":{"start":{"line":106,"column":14},"end":{"line":106,"column":15}},"loc":{"start":{"line":106,"column":35},"end":{"line":108,"column":1}},"line":106},"16":{"name":"(anonymous_16)","decl":{"start":{"line":112,"column":19},"end":{"line":112,"column":20}},"loc":{"start":{"line":112,"column":36},"end":{"line":114,"column":1}},"line":112},"17":{"name":"(anonymous_17)","decl":{"start":{"line":116,"column":20},"end":{"line":116,"column":21}},"loc":{"start":{"line":116,"column":37},"end":{"line":118,"column":1}},"line":116},"18":{"name":"(anonymous_18)","decl":{"start":{"line":120,"column":16},"end":{"line":120,"column":17}},"loc":{"start":{"line":120,"column":33},"end":{"line":127,"column":1}},"line":120},"19":{"name":"(anonymous_19)","decl":{"start":{"line":128,"column":13},"end":{"line":128,"column":14}},"loc":{"start":{"line":128,"column":30},"end":{"line":136,"column":1}},"line":128},"20":{"name":"(anonymous_20)","decl":{"start":{"line":138,"column":13},"end":{"line":138,"column":14}},"loc":{"start":{"line":138,"column":58},"end":{"line":140,"column":1}},"line":138},"21":{"name":"(anonymous_21)","decl":{"start":{"line":142,"column":40},"end":{"line":142,"column":41}},"loc":{"start":{"line":142,"column":64},"end":{"line":145,"column":1}},"line":142},"22":{"name":"(anonymous_22)","decl":{"start":{"line":151,"column":41},"end":{"line":151,"column":42}},"loc":{"start":{"line":151,"column":65},"end":{"line":194,"column":1}},"line":151},"23":{"name":"(anonymous_23)","decl":{"start":{"line":154,"column":19},"end":{"line":154,"column":20}},"loc":{"start":{"line":154,"column":26},"end":{"line":189,"column":3}},"line":154},"24":{"name":"(anonymous_24)","decl":{"start":{"line":200,"column":35},"end":{"line":200,"column":36}},"loc":{"start":{"line":200,"column":42},"end":{"line":215,"column":1}},"line":200},"25":{"name":"(anonymous_25)","decl":{"start":{"line":217,"column":35},"end":{"line":217,"column":36}},"loc":{"start":{"line":217,"column":42},"end":{"line":250,"column":1}},"line":217},"26":{"name":"(anonymous_26)","decl":{"start":{"line":252,"column":24},"end":{"line":252,"column":25}},"loc":{"start":{"line":252,"column":31},"end":{"line":296,"column":1}},"line":252},"27":{"name":"(anonymous_27)","decl":{"start":{"line":258,"column":19},"end":{"line":258,"column":20}},"loc":{"start":{"line":258,"column":26},"end":{"line":293,"column":3}},"line":258},"28":{"name":"(anonymous_28)","decl":{"start":{"line":300,"column":24},"end":{"line":300,"column":25}},"loc":{"start":{"line":300,"column":31},"end":{"line":312,"column":1}},"line":300},"29":{"name":"(anonymous_29)","decl":{"start":{"line":314,"column":18},"end":{"line":314,"column":19}},"loc":{"start":{"line":314,"column":39},"end":{"line":317,"column":1}},"line":314},"30":{"name":"(anonymous_30)","decl":{"start":{"line":319,"column":15},"end":{"line":319,"column":16}},"loc":{"start":{"line":319,"column":36},"end":{"line":321,"column":1}},"line":319}},"branchMap":{"0":{"loc":{"start":{"line":27,"column":9},"end":{"line":27,"column":45}},"type":"binary-expr","locations":[{"start":{"line":27,"column":9},"end":{"line":27,"column":30}},{"start":{"line":27,"column":34},"end":{"line":27,"column":45}}],"line":27},"1":{"loc":{"start":{"line":40,"column":2},"end":{"line":40,"column":35}},"type":"if","locations":[{"start":{"line":40,"column":2},"end":{"line":40,"column":35}},{"start":{"line":40,"column":2},"end":{"line":40,"column":35}}],"line":40},"2":{"loc":{"start":{"line":82,"column":44},"end":{"line":82,"column":53}},"type":"default-arg","locations":[{"start":{"line":82,"column":52},"end":{"line":82,"column":53}}],"line":82},"3":{"loc":{"start":{"line":82,"column":55},"end":{"line":82,"column":68}},"type":"default-arg","locations":[{"start":{"line":82,"column":67},"end":{"line":82,"column":68}}],"line":82},"4":{"loc":{"start":{"line":86,"column":13},"end":{"line":86,"column":77}},"type":"cond-expr","locations":[{"start":{"line":86,"column":20},"end":{"line":86,"column":70}},{"start":{"line":86,"column":74},"end":{"line":86,"column":77}}],"line":86},"5":{"loc":{"start":{"line":86,"column":20},"end":{"line":86,"column":70}},"type":"cond-expr","locations":[{"start":{"line":86,"column":34},"end":{"line":86,"column":64}},{"start":{"line":86,"column":67},"end":{"line":86,"column":70}}],"line":86},"6":{"loc":{"start":{"line":129,"column":2},"end":{"line":129,"column":26}},"type":"if","locations":[{"start":{"line":129,"column":2},"end":{"line":129,"column":26}},{"start":{"line":129,"column":2},"end":{"line":129,"column":26}}],"line":129},"7":{"loc":{"start":{"line":130,"column":2},"end":{"line":133,"column":3}},"type":"if","locations":[{"start":{"line":130,"column":2},"end":{"line":133,"column":3}},{"start":{"line":130,"column":2},"end":{"line":133,"column":3}}],"line":130},"8":{"loc":{"start":{"line":131,"column":4},"end":{"line":131,"column":35}},"type":"if","locations":[{"start":{"line":131,"column":4},"end":{"line":131,"column":35}},{"start":{"line":131,"column":4},"end":{"line":131,"column":35}}],"line":131},"9":{"loc":{"start":{"line":134,"column":2},"end":{"line":134,"column":31}},"type":"if","locations":[{"start":{"line":134,"column":2},"end":{"line":134,"column":31}},{"start":{"line":134,"column":2},"end":{"line":134,"column":31}}],"line":134},"10":{"loc":{"start":{"line":161,"column":4},"end":{"line":163,"column":5}},"type":"if","locations":[{"start":{"line":161,"column":4},"end":{"line":163,"column":5}},{"start":{"line":161,"column":4},"end":{"line":163,"column":5}}],"line":161},"11":{"loc":{"start":{"line":166,"column":4},"end":{"line":172,"column":5}},"type":"if","locations":[{"start":{"line":166,"column":4},"end":{"line":172,"column":5}},{"start":{"line":166,"column":4},"end":{"line":172,"column":5}}],"line":166},"12":{"loc":{"start":{"line":170,"column":14},"end":{"line":170,"column":50}},"type":"binary-expr","locations":[{"start":{"line":170,"column":15},"end":{"line":170,"column":31}},{"start":{"line":170,"column":36},"end":{"line":170,"column":50}}],"line":170},"13":{"loc":{"start":{"line":170,"column":15},"end":{"line":170,"column":31}},"type":"cond-expr","locations":[{"start":{"line":170,"column":26},"end":{"line":170,"column":27}},{"start":{"line":170,"column":30},"end":{"line":170,"column":31}}],"line":170},"14":{"loc":{"start":{"line":175,"column":4},"end":{"line":181,"column":5}},"type":"if","locations":[{"start":{"line":175,"column":4},"end":{"line":181,"column":5}},{"start":{"line":175,"column":4},"end":{"line":181,"column":5}}],"line":175},"15":{"loc":{"start":{"line":204,"column":12},"end":{"line":204,"column":30}},"type":"cond-expr","locations":[{"start":{"line":204,"column":24},"end":{"line":204,"column":25}},{"start":{"line":204,"column":28},"end":{"line":204,"column":30}}],"line":204},"16":{"loc":{"start":{"line":208,"column":13},"end":{"line":208,"column":33}},"type":"cond-expr","locations":[{"start":{"line":208,"column":25},"end":{"line":208,"column":26}},{"start":{"line":208,"column":29},"end":{"line":208,"column":33}}],"line":208},"17":{"loc":{"start":{"line":210,"column":9},"end":{"line":210,"column":26}},"type":"cond-expr","locations":[{"start":{"line":210,"column":21},"end":{"line":210,"column":22}},{"start":{"line":210,"column":25},"end":{"line":210,"column":26}}],"line":210},"18":{"loc":{"start":{"line":218,"column":2},"end":{"line":218,"column":31}},"type":"if","locations":[{"start":{"line":218,"column":2},"end":{"line":218,"column":31}},{"start":{"line":218,"column":2},"end":{"line":218,"column":31}}],"line":218},"19":{"loc":{"start":{"line":220,"column":17},"end":{"line":220,"column":33}},"type":"cond-expr","locations":[{"start":{"line":220,"column":26},"end":{"line":220,"column":29}},{"start":{"line":220,"column":32},"end":{"line":220,"column":33}}],"line":220},"20":{"loc":{"start":{"line":225,"column":4},"end":{"line":228,"column":5}},"type":"if","locations":[{"start":{"line":225,"column":4},"end":{"line":228,"column":5}},{"start":{"line":225,"column":4},"end":{"line":228,"column":5}}],"line":225},"21":{"loc":{"start":{"line":232,"column":2},"end":{"line":236,"column":3}},"type":"if","locations":[{"start":{"line":232,"column":2},"end":{"line":236,"column":3}},{"start":{"line":232,"column":2},"end":{"line":236,"column":3}}],"line":232},"22":{"loc":{"start":{"line":245,"column":2},"end":{"line":247,"column":3}},"type":"if","locations":[{"start":{"line":245,"column":2},"end":{"line":247,"column":3}},{"start":{"line":245,"column":2},"end":{"line":247,"column":3}}],"line":245},"23":{"loc":{"start":{"line":265,"column":4},"end":{"line":267,"column":5}},"type":"if","locations":[{"start":{"line":265,"column":4},"end":{"line":267,"column":5}},{"start":{"line":265,"column":4},"end":{"line":267,"column":5}}],"line":265},"24":{"loc":{"start":{"line":270,"column":4},"end":{"line":276,"column":5}},"type":"if","locations":[{"start":{"line":270,"column":4},"end":{"line":276,"column":5}},{"start":{"line":270,"column":4},"end":{"line":276,"column":5}}],"line":270},"25":{"loc":{"start":{"line":274,"column":14},"end":{"line":274,"column":50}},"type":"binary-expr","locations":[{"start":{"line":274,"column":15},"end":{"line":274,"column":31}},{"start":{"line":274,"column":36},"end":{"line":274,"column":50}}],"line":274},"26":{"loc":{"start":{"line":274,"column":15},"end":{"line":274,"column":31}},"type":"cond-expr","locations":[{"start":{"line":274,"column":26},"end":{"line":274,"column":27}},{"start":{"line":274,"column":30},"end":{"line":274,"column":31}}],"line":274},"27":{"loc":{"start":{"line":279,"column":4},"end":{"line":285,"column":5}},"type":"if","locations":[{"start":{"line":279,"column":4},"end":{"line":285,"column":5}},{"start":{"line":279,"column":4},"end":{"line":285,"column":5}}],"line":279},"28":{"loc":{"start":{"line":305,"column":2},"end":{"line":309,"column":3}},"type":"if","locations":[{"start":{"line":305,"column":2},"end":{"line":309,"column":3}},{"start":{"line":305,"column":2},"end":{"line":309,"column":3}}],"line":305},"29":{"loc":{"start":{"line":306,"column":12},"end":{"line":306,"column":22}},"type":"cond-expr","locations":[{"start":{"line":306,"column":16},"end":{"line":306,"column":18}},{"start":{"line":306,"column":21},"end":{"line":306,"column":22}}],"line":306},"30":{"loc":{"start":{"line":307,"column":9},"end":{"line":309,"column":3}},"type":"if","locations":[{"start":{"line":307,"column":9},"end":{"line":309,"column":3}},{"start":{"line":307,"column":9},"end":{"line":309,"column":3}}],"line":307},"31":{"loc":{"start":{"line":308,"column":11},"end":{"line":308,"column":44}},"type":"cond-expr","locations":[
[...]
e":379,"column":3}},"loc":{"start":{"line":379,"column":16},"end":{"line":381,"column":3}},"line":379},"24":{"name":"(anonymous_24)","decl":{"start":{"line":389,"column":2},"end":{"line":389,"column":3}},"loc":{"start":{"line":389,"column":39},"end":{"line":392,"column":3}},"line":389},"25":{"name":"(anonymous_25)","decl":{"start":{"line":399,"column":2},"end":{"line":399,"column":3}},"loc":{"start":{"line":399,"column":18},"end":{"line":401,"column":3}},"line":399},"26":{"name":"(anonymous_26)","decl":{"start":{"line":409,"column":2},"end":{"line":409,"column":3}},"loc":{"start":{"line":409,"column":53},"end":{"line":440,"column":3}},"line":409},"27":{"name":"(anonymous_27)","decl":{"start":{"line":449,"column":2},"end":{"line":449,"column":3}},"loc":{"start":{"line":449,"column":17},"end":{"line":451,"column":3}},"line":449},"28":{"name":"(anonymous_28)","decl":{"start":{"line":463,"column":2},"end":{"line":463,"column":3}},"loc":{"start":{"line":463,"column":25},"end":{"line":466,"column":3}},"line":463},"29":{"name":"(anonymous_29)","decl":{"start":{"line":475,"column":2},"end":{"line":475,"column":3}},"loc":{"start":{"line":475,"column":30},"end":{"line":492,"column":3}},"line":475},"30":{"name":"(anonymous_30)","decl":{"start":{"line":501,"column":2},"end":{"line":501,"column":3}},"loc":{"start":{"line":501,"column":30},"end":{"line":504,"column":3}},"line":501},"31":{"name":"(anonymous_31)","decl":{"start":{"line":516,"column":2},"end":{"line":516,"column":3}},"loc":{"start":{"line":516,"column":15},"end":{"line":521,"column":3}},"line":516}},"branchMap":{"0":{"loc":{"start":{"line":77,"column":4},"end":{"line":79,"column":5}},"type":"if","locations":[{"start":{"line":77,"column":4},"end":{"line":79,"column":5}},{"start":{"line":77,"column":4},"end":{"line":79,"column":5}}],"line":77},"1":{"loc":{"start":{"line":112,"column":4},"end":{"line":120,"column":5}},"type":"if","locations":[{"start":{"line":112,"column":4},"end":{"line":120,"column":5}},{"start":{"line":112,"column":4},"end":{"line":120,"column":5}}],"line":112},"2":{"loc":{"start":{"line":112,"column":8},"end":{"line":112,"column":30}},"type":"binary-expr","locations":[{"start":{"line":112,"column":8},"end":{"line":112,"column":13}},{"start":{"line":112,"column":17},"end":{"line":112,"column":30}}],"line":112},"3":{"loc":{"start":{"line":113,"column":6},"end":{"line":119,"column":7}},"type":"if","locations":[{"start":{"line":113,"column":6},"end":{"line":119,"column":7}},{"start":{"line":113,"column":6},"end":{"line":119,"column":7}}],"line":113},"4":{"loc":{"start":{"line":182,"column":4},"end":{"line":183,"column":44}},"type":"if","locations":[{"start":{"line":182,"column":4},"end":{"line":183,"column":44}},{"start":{"line":182,"column":4},"end":{"line":183,"column":44}}],"line":182},"5":{"loc":{"start":{"line":217,"column":4},"end":{"line":219,"column":5}},"type":"if","locations":[{"start":{"line":217,"column":4},"end":{"line":219,"column":5}},{"start":{"line":217,"column":4},"end":{"line":219,"column":5}}],"line":217},"6":{"loc":{"start":{"line":234,"column":4},"end":{"line":236,"column":5}},"type":"if","locations":[{"start":{"line":234,"column":4},"end":{"line":236,"column":5}},{"start":{"line":234,"column":4},"end":{"line":236,"column":5}}],"line":234},"7":{"loc":{"start":{"line":252,"column":4},"end":{"line":255,"column":5}},"type":"if","locations":[{"start":{"line":252,"column":4},"end":{"line":255,"column":5}},{"start":{"line":252,"column":4},"end":{"line":255,"column":5}}],"line":252},"8":{"loc":{"start":{"line":283,"column":6},"end":{"line":283,"column":46}},"type":"if","locations":[{"start":{"line":283,"column":6},"end":{"line":283,"column":46}},{"start":{"line":283,"column":6},"end":{"line":283,"column":46}}],"line":283},"9":{"loc":{"start":{"line":305,"column":4},"end":{"line":314,"column":5}},"type":"if","locations":[{"start":{"line":305,"column":4},"end":{"line":314,"column":5}},{"start":{"line":305,"column":4},"end":{"line":314,"column":5}}],"line":305},"10":{"loc":{"start":{"line":371,"column":22},"end":{"line":371,"column":53}},"type":"cond-expr","locations":[{"start":{"line":371,"column":33},"end":{"line":371,"column":41}},{"start":{"line":371,"column":44},"end":{"line":371,"column":53}}],"line":371},"11":{"loc":{"start":{"line":389,"column":11},"end":{"line":389,"column":37}},"type":"default-arg","locations":[{"start":{"line":389,"column":18},"end":{"line":389,"column":37}}],"line":389},"12":{"loc":{"start":{"line":390,"column":4},"end":{"line":390,"column":92}},"type":"if","locations":[{"start":{"line":390,"column":4},"end":{"line":390,"column":92}},{"start":{"line":390,"column":4},"end":{"line":390,"column":92}}],"line":390},"13":{"loc":{"start":{"line":409,"column":18},"end":{"line":409,"column":51}},"type":"default-arg","locations":[{"start":{"line":409,"column":25},"end":{"line":409,"column":51}}],"line":409},"14":{"loc":{"start":{"line":411,"column":4},"end":{"line":422,"column":5}},"type":"if","locations":[{"start":{"line":411,"column":4},"end":{"line":422,"column":5}},{"start":{"line":411,"column":4},"end":{"line":422,"column":5}}],"line":411},"15":{"loc":{"start":{"line":424,"column":4},"end":{"line":427,"column":5}},"type":"if","locations":[{"start":{"line":424,"column":4},"end":{"line":427,"column":5}},{"start":{"line":424,"column":4},"end":{"line":427,"column":5}}],"line":424},"16":{"loc":{"start":{"line":429,"column":4},"end":{"line":432,"column":5}},"type":"if","locations":[{"start":{"line":429,"column":4},"end":{"line":432,"column":5}},{"start":{"line":429,"column":4},"end":{"line":432,"column":5}}],"line":429},"17":{"loc":{"start":{"line":431,"column":6},"end":{"line":431,"column":39}},"type":"if","locations":[{"start":{"line":431,"column":6},"end":{"line":431,"column":39}},{"start":{"line":431,"column":6},"end":{"line":431,"column":39}}],"line":431},"18":{"loc":{"start":{"line":434,"column":4},"end":{"line":436,"column":5}},"type":"if","locations":[{"start":{"line":434,"column":4},"end":{"line":436,"column":5}},{"start":{"line":434,"column":4},"end":{"line":436,"column":5}}],"line":434},"19":{"loc":{"start":{"line":434,"column":8},"end":{"line":434,"column":86}},"type":"binary-expr","locations":[{"start":{"line":434,"column":8},"end":{"line":434,"column":42}},{"start":{"line":434,"column":46},"end":{"line":434,"column":86}}],"line":434},"20":{"loc":{"start":{"line":439,"column":4},"end":{"line":439,"column":83}},"type":"if","locations":[{"start":{"line":439,"column":4},"end":{"line":439,"column":83}},{"start":{"line":439,"column":4},"end":{"line":439,"column":83}}],"line":439},"21":{"loc":{"start":{"line":464,"column":4},"end":{"line":465,"column":39}},"type":"if","locations":[{"start":{"line":464,"column":4},"end":{"line":465,"column":39}},{"start":{"line":464,"column":4},"end":{"line":465,"column":39}}],"line":464},"22":{"loc":{"start":{"line":476,"column":4},"end":{"line":479,"column":5}},"type":"if","locations":[{"start":{"line":476,"column":4},"end":{"line":479,"column":5}},{"start":{"line":476,"column":4},"end":{"line":479,"column":5}}],"line":476},"23":{"loc":{"start":{"line":484,"column":4},"end":{"line":486,"column":5}},"type":"if","locations":[{"start":{"line":484,"column":4},"end":{"line":486,"column":5}},{"start":{"line":484,"column":4},"end":{"line":486,"column":5}}],"line":484},"24":{"loc":{"start":{"line":484,"column":8},"end":{"line":484,"column":49}},"type":"binary-expr","locations":[{"start":{"line":484,"column":8},"end":{"line":484,"column":20}},{"start":{"line":484,"column":24},"end":{"line":484,"column":49}}],"line":484},"25":{"loc":{"start":{"line":487,"column":4},"end":{"line":491,"column":5}},"type":"if","locations":[{"start":{"line":487,"column":4},"end":{"line":491,"column":5}},{"start":{"line":487,"column":4},"end":{"line":491,"column":5}}],"line":487},"26":{"loc":{"start":{"line":487,"column":8},"end":{"line":487,"column":59}},"type":"binary-expr","locations":[{"start":{"line":487,"column":8},"end":{"line":487,"column":33}},{"start":{"line":487,"column":37},"end":{"line":487,"column":59}}],"line":487},"27":{"loc":{"start":{"line":518,"column":4},"end":{"line":518,"column":60}},"type":"if","locations":[{"start":{"line":518,"column":4},"end":{"line":518,"column":60}},{"start":{"line":518,"column":4},"end":{"line":518,"column":60}}],"line":518}},"s":{"0":4,"1":4,"2":4,"3":4,"4":11,"5":11,"6":11,"7":11,"8":11,"9":11,"10":11,"11":11,"12":11,"13":11,"14":3,"15":1,"16":0,"17":1,"18":1,"19":1,"20":0,"21":2,"22":0,"23":0,"24":0,"25":0,"26":0,"27":0,"28":0,"29":0,"30":4,"31":0,"32":0,"33":0,"34":0,"35":0,"36":0,"37":0,"38":0,"39":0,"40":0,"41":0,"42":0,"43":0,"44":0,"45":0,"46":0,"47":0,"48":0,"49":0,"50":0,"51":0,"52":0,"53":0,"54":0,"55":0,"56":0,"57":0,"58":0,"59":0,"60":0,"61":0,"62":0,"63":0,"64":0,"65":0,"66":0,"67":0,"68":0,"69":0,"70":0,"71":0,"72":0,"73":0,"74":0,"75":0,"76":0,"77":0,"78":0,"79":0,"80":11,"81":11,"82":11,"83":2,"84":5,"85":0,"86":5,"87":0,"88":4,"89":0,"90":4,"91":0,"92":4,"93":3,"94":0,"95":4,"96":4,"97":3,"98":4,"99":4,"100":0,"101":1,"102":0,"103":1,"104":1,"105":0,"106":0,"107":1,"108":1,"109":0,"110":1,"111":1,"112":0,"113":0,"114":0,"115":0,"116":0,"117":0,"118":0,"119":0,"120":0},"f":{"0":11,"1":3,"2":1,"3":0,"4":2,"5":0,"6":4,"7":0,"8":0,"9":0,"10":0,"11":0,"12":0,"13":0,"14":0,"15":0,"16":0,"17":0,"18":0,"19":0,"20":0,"21":0,"22":11,"23":2,"24":5,"25":0,"26":4,"27":0,"28":1,"29":1,"30":0,"31":0},"b":{"0":[0,1],"1":[0,0],"2":[0,0],"3":[0,0],"4":[0,0],"5":[0,0],"6":[0,0],"7":[0,0],"8":[0,0],"9":[0,0],"10":[8,3],"11":[5],"12":[0,5],"13":[3],"14":[0,4],"15":[0,4],"16":[3,1],"17":[0,3],"18":[3,1],"19":[4,1],"20":[4,0],"21":[0,1],"22":[0,1],"23":[0,1],"24":[1,0],"25":[1,0],"26":[1,1],"27":[0,0]},"_coverageSchema":"1a1c01bbd47fc00a2c39e90264f33305004495a9","hash":"787e74f1c86591c03e44ff752794ce5dd43d9f61"}
,"/Users/mauro/workspace/zea/engine/src/SceneTree/Parameters/Vec3Parameter.js": {"path":"/Users/mauro/workspace/zea/engine/src/SceneTree/Parameters/Vec3Parameter.js","statementMap":{"0":{"start":{"line":24,"column":4},"end":{"line":24,"column":51}},"1":{"start":{"line":35,"column":24},"end":{"line":35,"column":76}},"2":{"start":{"line":36,"column":4},"end":{"line":36,"column":22}}},"fnMap":{"0":{"name":"(anonymous_0)","decl":{"start":{"line":23,"column":2},"end":{"line":23,"column":3}},"loc":{"start":{"line":23,"column":46},"end":{"line":25,"column":3}},"line":23},"1":{"name":"(anonymous_1)","decl":{"start":{"line":34,"column":2},"end":{"line":34,"column":3}},"loc":{"start":{"line":34,"column":15},"end":{"line":37,"column":3}},"line":34}},"branchMap":{"0":{"loc":{"start":{"line":23,"column":27},"end":{"line":23,"column":44}},"type":"default-arg","locations":[{"start":{"line":23,"column":35},"end":{"line":23,"column":44}}],"line":23},"1":{"loc":{"start":{"line":24,"column":16},"end":{"line":24,"column":42}},"type":"cond-expr","locations":[{"start":{"line":24,"column":24},"end":{"line":24,"column":29}},{"start":{"line":24,"column":32},"end":{"line":24,"column":42}}],"line":24}},"s":{"0":3,"1":0,"2":0},"f":{"0":3,"1":0},"b":{"0":[3],"1":[0,3]},"_coverageSchema":"1a1c01bbd47fc00a2c39e90264f33305004495a9","hash":"ac9067399bf4fdd37a856629e67ae4b99ebf178c"}
,"/Users/mauro/workspace/zea/engine/src/Utilities/EventEmitter.js": {"path":"/Users/mauro/workspace/zea/engine/src/Utilities/EventEmitter.js","statementMap":{"0":{"start":{"line":27,"column":4},"end":{"line":27,"column":23}},"1":{"start":{"line":38,"column":4},"end":{"line":40,"column":5}},"2":{"start":{"line":39,"column":6},"end":{"line":39,"column":62}},"3":{"start":{"line":42,"column":4},"end":{"line":44,"column":5}},"4":{"start":{"line":43,"column":6},"end":{"line":43,"column":36}},"5":{"start":{"line":46,"column":22},"end":{"line":46,"column":47}},"6":{"start":{"line":48,"column":4},"end":{"line":50,"column":5}},"7":{"start":{"line":49,"column":6},"end":{"line":49,"column":95}},"8":{"start":{"line":53,"column":15},"end":{"line":53,"column":31}},"9":{"start":{"line":54,"column":4},"end":{"line":54,"column":28}},"10":{"start":{"line":56,"column":4},"end":{"line":56,"column":13}},"11":{"start":{"line":73,"column":15},"end":{"line":76,"column":5}},"12":{"start":{"line":74,"column":6},"end":{"line":74,"column":21}},"13":{"start":{"line":75,"column":6},"end":{"line":75,"column":29}},"14":{"start":{"line":78,"column":4},"end":{"line":78,"column":26}},"15":{"start":{"line":88,"column":4},"end":{"line":90,"column":5}},"16":{"start":{"line":89,"column":6},"end":{"line":89,"column":62}},"17":{"start":{"line":92,"column":4},"end":{"line":95,"column":5}},"18":{"start":{"line":93,"column":6},"end":{"line":93,"column":50}},"19":{"start":{"line":94,"column":6},"end":{"line":94,"column":12}},"20":{"start":{"line":97,"column":22},"end":{"line":97,"column":53}},"21":{"start":{"line":99,"column":16},"end":{"line":99,"column":18}},"22":{"start":{"line":101,"column":4},"end":{"line":105,"column":6}},"23":{"start":{"line":102,"column":6},"end":{"line":104,"column":7}},"24":{"start":{"line":103,"column":8},"end":{"line":103,"column":19}},"25":{"start":{"line":107,"column":4},"end":{"line":113,"column":5}},"26":{"start":{"line":108,"column":6},"end":{"line":108,"column":93}},"27":{"start":{"line":110,"column":6},"end":{"line":112,"column":7}},"28":{"start":{"line":111,"column":8},"end":{"line":111,"column":33}},"29":{"start":{"line":124,"column":4},"end":{"line":124,"column":48}},"30":{"start":{"line":126,"column":4},"end":{"line":126,"column":39}},"31":{"start":{"line":136,"column":4},"end":{"line":136,"column":49}},"32":{"start":{"line":138,"column":4},"end":{"line":138,"column":33}},"33":{"start":{"line":148,"column":4},"end":{"line":148,"column":88}},"34":{"start":{"line":150,"column":22},"end":{"line":150,"column":47}},"35":{"start":{"line":152,"column":4},"end":{"line":155,"column":5}},"36":{"start":{"line":153,"column":6},"end":{"line":153,"column":88}},"37":{"start":{"line":154,"column":6},"end":{"line":154,"column":12}},"38":{"start":{"line":157,"column":4},"end":{"line":157,"column":53}},"39":{"start":{"line":157,"column":24},"end":{"line":157,"column":53}},"40":{"start":{"line":159,"column":4},"end":{"line":159,"column":29}},"41":{"start":{"line":169,"column":22},"end":{"line":169,"column":53}},"42":{"start":{"line":171,"column":4},"end":{"line":176,"column":6}},"43":{"start":{"line":173,"column":6},"end":{"line":175,"column":7}},"44":{"start":{"line":174,"column":8},"end":{"line":174,"column":17}}},"fnMap":{"0":{"name":"(anonymous_0)","decl":{"start":{"line":26,"column":2},"end":{"line":26,"column":3}},"loc":{"start":{"line":26,"column":16},"end":{"line":28,"column":3}},"line":26},"1":{"name":"(anonymous_1)","decl":{"start":{"line":37,"column":2},"end":{"line":37,"column":3}},"loc":{"start":{"line":37,"column":26},"end":{"line":57,"column":3}},"line":37},"2":{"name":"(anonymous_2)","decl":{"start":{"line":72,"column":2},"end":{"line":72,"column":3}},"loc":{"start":{"line":72,"column":28},"end":{"line":79,"column":3}},"line":72},"3":{"name":"(anonymous_3)","decl":{"start":{"line":73,"column":15},"end":{"line":73,"column":16}},"loc":{"start":{"line":73,"column":26},"end":{"line":76,"column":5}},"line":73},"4":{"name":"(anonymous_4)","decl":{"start":{"line":87,"column":2},"end":{"line":87,"column":3}},"loc":{"start":{"line":87,"column":27},"end":{"line":114,"column":3}},"line":87},"5":{"name":"(anonymous_5)","decl":{"start":{"line":101,"column":22},"end":{"line":101,"column":23}},"loc":{"start":{"line":101,"column":32},"end":{"line":105,"column":5}},"line":101},"6":{"name":"(anonymous_6)","decl":{"start":{"line":123,"column":2},"end":{"line":123,"column":3}},"loc":{"start":{"line":123,"column":35},"end":{"line":127,"column":3}},"line":123},"7":{"name":"(anonymous_7)","decl":{"start":{"line":135,"column":2},"end":{"line":135,"column":3}},"loc":{"start":{"line":135,"column":38},"end":{"line":139,"column":3}},"line":135},"8":{"name":"(anonymous_8)","decl":{"start":{"line":147,"column":2},"end":{"line":147,"column":3}},"loc":{"start":{"line":147,"column":36},"end":{"line":160,"column":3}},"line":147},"9":{"name":"(anonymous_9)","decl":{"start":{"line":168,"column":2},"end":{"line":168,"column":3}},"loc":{"start":{"line":168,"column":25},"end":{"line":177,"column":3}},"line":168},"10":{"name":"(anonymous_10)","decl":{"start":{"line":171,"column":22},"end":{"line":171,"column":23}},"loc":{"start":{"line":171,"column":30},"end":{"line":176,"column":5}},"line":171}},"branchMap":{"0":{"loc":{"start":{"line":38,"column":4},"end":{"line":40,"column":5}},"type":"if","locations":[{"start":{"line":38,"column":4},"end":{"line":40,"column":5}},{"start":{"line":38,"column":4},"end":{"line":40,"column":5}}],"line":38},"1":{"loc":{"start":{"line":42,"column":4},"end":{"line":44,"column":5}},"type":"if","locations":[{"start":{"line":42,"column":4},"end":{"line":44,"column":5}},{"start":{"line":42,"column":4},"end":{"line":44,"column":5}}],"line":42},"2":{"loc":{"start":{"line":48,"column":4},"end":{"line":50,"column":5}},"type":"if","locations":[{"start":{"line":48,"column":4},"end":{"line":50,"column":5}},{"start":{"line":48,"column":4},"end":{"line":50,"column":5}}],"line":48},"3":{"loc":{"start":{"line":88,"column":4},"end":{"line":90,"column":5}},"type":"if","locations":[{"start":{"line":88,"column":4},"end":{"line":90,"column":5}},{"start":{"line":88,"column":4},"end":{"line":90,"column":5}}],"line":88},"4":{"loc":{"start":{"line":92,"column":4},"end":{"line":95,"column":5}},"type":"if","locations":[{"start":{"line":92,"column":4},"end":{"line":95,"column":5}},{"start":{"line":92,"column":4},"end":{"line":95,"column":5}}],"line":92},"5":{"loc":{"start":{"line":97,"column":22},"end":{"line":97,"column":53}},"type":"binary-expr","locations":[{"start":{"line":97,"column":22},"end":{"line":97,"column":47}},{"start":{"line":97,"column":51},"end":{"line":97,"column":53}}],"line":97},"6":{"loc":{"start":{"line":102,"column":6},"end":{"line":104,"column":7}},"type":"if","locations":[{"start":{"line":102,"column":6},"end":{"line":104,"column":7}},{"start":{"line":102,"column":6},"end":{"line":104,"column":7}}],"line":102},"7":{"loc":{"start":{"line":107,"column":4},"end":{"line":113,"column":5}},"type":"if","locations":[{"start":{"line":107,"column":4},"end":{"line":113,"column":5}},{"start":{"line":107,"column":4},"end":{"line":113,"column":5}}],"line":107},"8":{"loc":{"start":{"line":152,"column":4},"end":{"line":155,"column":5}},"type":"if","locations":[{"start":{"line":152,"column":4},"end":{"line":155,"column":5}},{"start":{"line":152,"column":4},"end":{"line":155,"column":5}}],"line":152},"9":{"loc":{"start":{"line":157,"column":4},"end":{"line":157,"column":53}},"type":"if","locations":[{"start":{"line":157,"column":4},"end":{"line":157,"column":53}},{"start":{"line":157,"column":4},"end":{"line":157,"column":53}}],"line":157},"10":{"loc":{"start":{"line":169,"column":22},"end":{"line":169,"column":53}},"type":"binary-expr","locations":[{"start":{"line":169,"column":22},"end":{"line":169,"column":47}},{"start":{"line":169,"column":51},"end":{"line":169,"column":53}}],"line":169},"11":{"loc":{"start":{"line":173,"column":6},"end":{"line":175,"column":7}},"type":"if","locations":[{"start":{"line":173,"column":6},"end":{"line":175,"column":7}},{"start":{"line":173,"column":6},"end":{"line":175,"column":7}}],"line":173}},"s":{"0":24,"1":11,"2":1,"3":10,"4":9,"5":10,"6":10,"7":1,"8":9,"9":9,"10":9,"11":1,"12":1,"13":1,"14":1,"15":5,"16":1,"17":4,"18":0,"19":0,"20":4,"21":4,"22":4,"23":2,"24":2,"25":4,"26":2,"27":2,"28":2,"29":0,"30":0,"31":0,"32":0,"33":0,"34":0,"35":0,"36":0,"37":0,"38":0,"39":0,"40":0,"41":14,"42":14,"43":9,"44":7},"f":{"0":24,"1":11,"2":1,"3":1,"4":5,"5":2,"6":0,"7":0,"8":0,"9":14,"10":9},"b":{"0":[1,10],"1":[9,1],"2":[1,9],"3":[1,4],"4":[0,4],"5":[4,2],"6":[2,0],"7":[2,2],"8":[0,0],"9":[0,0],"10":[14,5],"11":[7,2]},"_coverageSchema":"1a1c01bbd47fc00a2c39e90264f33305004495a9","hash":"e70bdc9d23932e16ea95d45cdbf4f2a3a266de47"}
}
