{"total": {"lines":{"total":2406,"covered":237,"skipped":0,"pct":9.85},"statements":{"total":2474,"covered":240,"skipped":0,"pct":9.7},"functions":{"total":607,"covered":57,"skipped":0,"pct":9.39},"branches":{"total":798,"covered":81,"skipped":0,"pct":10.15}}
,"/Users/mauro/workspace/zea/engine/src/Math/AttrValue.js": {"lines":{"total":8,"covered":0,"skipped":0,"pct":0},"functions":{"total":6,"covered":0,"skipped":0,"pct":0},"statements":{"total":9,"covered":0,"skipped":0,"pct":0},"branches":{"total":4,"covered":0,"skipped":0,"pct":0}}
,"/Users/mauro/workspace/zea/engine/src/Math/Box2.js": {"lines":{"total":31,"covered":1,"skipped":0,"pct":3.23},"functions":{"total":11,"covered":0,"skipped":0,"pct":0},"statements":{"total":31,"covered":1,"skipped":0,"pct":3.23},"branches":{"total":26,"covered":0,"skipped":0,"pct":0}}
,"/Users/mauro/workspace/zea/engine/src/Math/Box3.js": {"lines":{"total":81,"covered":1,"skipped":0,"pct":1.23},"functions":{"total":24,"covered":0,"skipped":0,"pct":0},"statements":{"total":87,"covered":1,"skipped":0,"pct":1.15},"branches":{"total":57,"covered":0,"skipped":0,"pct":0}}
,"/Users/mauro/workspace/zea/engine/src/Math/Color.js": {"lines":{"total":106,"covered":1,"skipped":0,"pct":0.94},"functions":{"total":45,"covered":0,"skipped":0,"pct":0},"statements":{"total":106,"covered":1,"skipped":0,"pct":0.94},"branches":{"total":59,"covered":0,"skipped":0,"pct":0}}
,"/Users/mauro/workspace/zea/engine/src/Math/Common.js": {"lines":{"total":172,"covered":47,"skipped":0,"pct":27.33},"functions":{"total":31,"covered":4,"skipped":0,"pct":12.9},"statements":{"total":181,"covered":47,"skipped":0,"pct":25.97},"branches":{"total":66,"covered":0,"skipped":0,"pct":0}}
,"/Users/mauro/workspace/zea/engine/src/Math/EulerAngles.js": {"lines":{"total":34,"covered":1,"skipped":0,"pct":2.94},"functions":{"total":8,"covered":0,"skipped":0,"pct":0},"statements":{"total":35,"covered":1,"skipped":0,"pct":2.86},"branches":{"total":15,"covered":0,"skipped":0,"pct":0}}
,"/Users/mauro/workspace/zea/engine/src/Math/Frustum.js": {"lines":{"total":29,"covered":1,"skipped":0,"pct":3.45},"functions":{"total":7,"covered":0,"skipped":0,"pct":0},"statements":{"total":32,"covered":1,"skipped":0,"pct":3.13},"branches":{"total":20,"covered":0,"skipped":0,"pct":0}}
,"/Users/mauro/workspace/zea/engine/src/Math/Mat3.js": {"lines":{"total":118,"covered":1,"skipped":0,"pct":0.85},"functions":{"total":40,"covered":0,"skipped":0,"pct":0},"statements":{"total":120,"covered":1,"skipped":0,"pct":0.83},"branches":{"total":31,"covered":0,"skipped":0,"pct":0}}
,"/Users/mauro/workspace/zea/engine/src/Math/Mat4.js": {"lines":{"total":501,"covered":1,"skipped":0,"pct":0.2},"functions":{"total":72,"covered":0,"skipped":0,"pct":0},"statements":{"total":503,"covered":1,"skipped":0,"pct":0.2},"branches":{"total":53,"covered":0,"skipped":0,"pct":0}}
,"/Users/mauro/workspace/zea/engine/src/Math/PlaneType.js": {"lines":{"total":18,"covered":1,"skipped":0,"pct":5.56},"functions":{"total":9,"covered":0,"skipped":0,"pct":0},"statements":{"total":18,"covered":1,"skipped":0,"pct":5.56},"branches":{"total":3,"covered":0,"skipped":0,"pct":0}}
,"/Users/mauro/workspace/zea/engine/src/Math/Quat.js": {"lines":{"total":390,"covered":1,"skipped":0,"pct":0.26},"functions":{"total":57,"covered":0,"skipped":0,"pct":0},"statements":{"total":395,"covered":1,"skipped":0,"pct":0.25},"branches":{"total":76,"covered":0,"skipped":0,"pct":0}}
,"/Users/mauro/workspace/zea/engine/src/Math/RGBA.js": {"lines":{"total":91,"covered":1,"skipped":0,"pct":1.1},"functions":{"total":40,"covered":0,"skipped":0,"pct":0},"statements":{"total":91,"covered":1,"skipped":0,"pct":1.1},"branches":{"total":53,"covered":0,"skipped":0,"pct":0}}
,"/Users/mauro/workspace/zea/engine/src/Math/Ray.js": {"lines":{"total":53,"covered":1,"skipped":0,"pct":1.89},"functions":{"total":10,"covered":0,"skipped":0,"pct":0},"statements":{"total":55,"covered":1,"skipped":0,"pct":1.82},"branches":{"total":26,"covered":0,"skipped":0,"pct":0}}
,"/Users/mauro/workspace/zea/engine/src/Math/SphereType.js": {"lines":{"total":11,"covered":1,"skipped":0,"pct":9.09},"functions":{"total":6,"covered":0,"skipped":0,"pct":0},"statements":{"total":11,"covered":1,"skipped":0,"pct":9.09},"branches":{"total":3,"covered":0,"skipped":0,"pct":0}}
,"/Users/mauro/workspace/zea/engine/src/Math/TypeRegistry.js": {"lines":{"total":13,"covered":9,"skipped":0,"pct":69.23},"functions":{"total":4,"covered":2,"skipped":0,"pct":50},"statements":{"total":16,"covered":10,"skipped":0,"pct":62.5},"branches":{"total":6,"covered":2,"skipped":0,"pct":33.33}}
,"/Users/mauro/workspace/zea/engine/src/Math/Vec2.js": {"lines":{"total":94,"covered":15,"skipped":0,"pct":15.96},"functions":{"total":41,"covered":6,"skipped":0,"pct":14.63},"statements":{"total":97,"covered":15,"skipped":0,"pct":15.46},"branches":{"total":33,"covered":8,"skipped":0,"pct":24.24}}
,"/Users/mauro/workspace/zea/engine/src/Math/Vec3.js": {"lines":{"total":137,"covered":19,"skipped":0,"pct":13.87},"functions":{"total":54,"covered":8,"skipped":0,"pct":14.81},"statements":{"total":137,"covered":19,"skipped":0,"pct":13.87},"branches":{"total":46,"covered":13,"skipped":0,"pct":28.26}}
,"/Users/mauro/workspace/zea/engine/src/Math/Vec4.js": {"lines":{"total":119,"covered":19,"skipped":0,"pct":15.97},"functions":{"total":41,"covered":7,"skipped":0,"pct":17.07},"statements":{"total":119,"covered":19,"skipped":0,"pct":15.97},"branches":{"total":31,"covered":4,"skipped":0,"pct":12.9}}
,"/Users/mauro/workspace/zea/engine/src/Math/Xfo.js": {"lines":{"total":88,"covered":2,"skipped":0,"pct":2.27},"functions":{"total":16,"covered":0,"skipped":0,"pct":0},"statements":{"total":93,"covered":2,"skipped":0,"pct":2.15},"branches":{"total":54,"covered":0,"skipped":0,"pct":0}}
,"/Users/mauro/workspace/zea/engine/src/Math/index.js": {"lines":{"total":0,"covered":0,"skipped":0,"pct":100},"functions":{"total":0,"covered":0,"skipped":0,"pct":100},"statements":{"total":0,"covered":0,"skipped":0,"pct":100},"branches":{"total":0,"covered":0,"skipped":0,"pct":100}}
,"/Users/mauro/workspace/zea/engine/src/SceneTree/ParameterOwner.js": {"lines":{"total":98,"covered":15,"skipped":0,"pct":15.31},"functions":{"total":24,"covered":3,"skipped":0,"pct":12.5},"statements":{"total":108,"covered":15,"skipped":0,"pct":13.89},"branches":{"total":28,"covered":1,"skipped":0,"pct":3.57}}
,"/Users/mauro/workspace/zea/engine/src/SceneTree/SGFactory.js": {"lines":{"total":22,"covered":8,"skipped":0,"pct":36.36},"functions":{"total":5,"covered":2,"skipped":0,"pct":40},"statements":{"total":24,"covered":8,"skipped":0,"pct":33.33},"branches":{"total":6,"covered":0,"skipped":0,"pct":0}}
,"/Users/mauro/workspace/zea/engine/src/SceneTree/Parameters/NumberParameter.js": {"lines":{"total":32,"covered":18,"skipped":0,"pct":56.25},"functions":{"total":11,"covered":5,"skipped":0,"pct":45.45},"statements":{"total":37,"covered":18,"skipped":0,"pct":48.65},"branches":{"total":21,"covered":10,"skipped":0,"pct":47.62}}
,"/Users/mauro/workspace/zea/engine/src/SceneTree/Parameters/Parameter.js": {"lines":{"total":113,"covered":41,"skipped":0,"pct":36.28},"functions":{"total":32,"covered":11,"skipped":0,"pct":34.38},"statements":{"total":121,"covered":43,"skipped":0,"pct":35.54},"branches":{"total":54,"covered":23,"skipped":0,"pct":42.59}}
,"/Users/mauro/workspace/zea/engine/src/SceneTree/Parameters/Vec3Parameter.js": {"lines":{"total":3,"covered":1,"skipped":0,"pct":33.33},"functions":{"total":2,"covered":1,"skipped":0,"pct":50},"statements":{"total":3,"covered":1,"skipped":0,"pct":33.33},"branches":{"total":3,"covered":2,"skipped":0,"pct":66.67}}
,"/Users/mauro/workspace/zea/engine/src/Utilities/EventEmitter.js": {"lines":{"total":44,"covered":31,"skipped":0,"pct":70.45},"functions":{"total":11,"covered":8,"skipped":0,"pct":72.73},"statements":{"total":45,"covered":31,"skipped":0,"pct":68.89},"branches":{"total":24,"covered":18,"skipped":0,"pct":75}}
}
