TN:
SF:src/Math/AttrValue.js
FN:17,(anonymous_0)
FN:33,(anonymous_1)
FN:43,(anonymous_2)
FN:54,(anonymous_3)
FN:63,(anonymous_4)
FN:72,(anonymous_5)
FNF:6
FNH:0
FNDA:0,(anonymous_0)
FNDA:0,(anonymous_1)
FNDA:0,(anonymous_2)
FNDA:0,(anonymous_3)
FNDA:0,(anonymous_4)
FNDA:0,(anonymous_5)
DA:18,0
DA:19,0
DA:22,0
DA:34,0
DA:44,0
DA:55,0
DA:65,0
DA:73,0
LF:8
LH:0
BRDA:19,0,0,0
BRDA:19,0,1,0
BRDA:19,1,0,0
BRDA:19,1,1,0
BRF:4
BRH:0
end_of_record
TN:
SF:src/Math/Box2.js
FN:22,(anonymous_0)
FN:41,(anonymous_1)
FN:52,(anonymous_2)
FN:64,(anonymous_3)
FN:78,(anonymous_4)
FN:95,(anonymous_5)
FN:104,(anonymous_6)
FN:113,(anonymous_7)
FN:129,(anonymous_8)
FN:141,(anonymous_9)
FN:153,(anonymous_10)
FNF:11
FNH:0
FNDA:0,(anonymous_0)
FNDA:0,(anonymous_1)
FNDA:0,(anonymous_2)
FNDA:0,(anonymous_3)
FNDA:0,(anonymous_4)
FNDA:0,(anonymous_5)
FNDA:0,(anonymous_6)
FNDA:0,(anonymous_7)
FNDA:0,(anonymous_8)
FNDA:0,(anonymous_9)
FNDA:0,(anonymous_10)
DA:23,0
DA:24,0
DA:26,0
DA:28,0
DA:29,0
DA:31,0
DA:42,0
DA:43,0
DA:53,0
DA:54,0
DA:55,0
DA:56,0
DA:65,0
DA:79,0
DA:80,0
DA:81,0
DA:82,0
DA:84,0
DA:85,0
DA:86,0
DA:87,0
DA:96,0
DA:105,0
DA:114,0
DA:115,0
DA:116,0
DA:117,0
DA:130,0
DA:142,0
DA:155,0
DA:159,2
LF:31
LH:1
BRDA:22,0,0,0
BRDA:22,1,0,0
BRDA:23,2,0,0
BRDA:23,2,1,0
BRDA:28,3,0,0
BRDA:28,3,1,0
BRDA:66,4,0,0
BRDA:66,4,1,0
BRDA:66,4,2,0
BRDA:66,4,3,0
BRDA:79,5,0,0
BRDA:79,5,1,0
BRDA:79,6,0,0
BRDA:79,6,1,0
BRDA:81,7,0,0
BRDA:81,7,1,0
BRDA:81,8,0,0
BRDA:81,8,1,0
BRDA:84,9,0,0
BRDA:84,9,1,0
BRDA:84,10,0,0
BRDA:84,10,1,0
BRDA:86,11,0,0
BRDA:86,11,1,0
BRDA:86,12,0,0
BRDA:86,12,1,0
BRF:26
BRH:0
end_of_record
TN:
SF:src/Math/Box3.js
FN:24,(anonymous_0)
FN:54,(anonymous_1)
FN:63,(anonymous_2)
FN:73,(anonymous_3)
FN:81,(anonymous_4)
FN:95,(anonymous_5)
FN:111,(anonymous_6)
FN:142,(anonymous_7)
FN:176,(anonymous_8)
FN:185,(anonymous_9)
FN:194,(anonymous_10)
FN:206,(anonymous_11)
FN:235,(anonymous_12)
FN:245,(anonymous_13)
FN:263,(anonymous_14)
FN:282,(anonymous_15)
FN:320,(anonymous_16)
FN:333,(anonymous_17)
FN:342,(anonymous_18)
FN:354,(anonymous_19)
FN:366,(anonymous_20)
FN:377,(anonymous_21)
FN:387,(anonymous_22)
FN:397,(anonymous_23)
FNF:24
FNH:0
FNDA:0,(anonymous_0)
FNDA:0,(anonymous_1)
FNDA:0,(anonymous_2)
FNDA:0,(anonymous_3)
FNDA:0,(anonymous_4)
FNDA:0,(anonymous_5)
FNDA:0,(anonymous_6)
FNDA:0,(anonymous_7)
FNDA:0,(anonymous_8)
FNDA:0,(anonymous_9)
FNDA:0,(anonymous_10)
FNDA:0,(anonymous_11)
FNDA:0,(anonymous_12)
FNDA:0,(anonymous_13)
FNDA:0,(anonymous_14)
FNDA:0,(anonymous_15)
FNDA:0,(anonymous_16)
FNDA:0,(anonymous_17)
FNDA:0,(anonymous_18)
FNDA:0,(anonymous_19)
FNDA:0,(anonymous_20)
FNDA:0,(anonymous_21)
FNDA:0,(anonymous_22)
FNDA:0,(anonymous_23)
DA:25,0
DA:26,0
DA:27,0
DA:29,0
DA:30,0
DA:32,0
DA:38,0
DA:39,0
DA:41,0
DA:55,0
DA:64,0
DA:74,0
DA:75,0
DA:82,0
DA:83,0
DA:84,0
DA:85,0
DA:86,0
DA:87,0
DA:96,0
DA:112,0
DA:116,0
DA:117,0
DA:119,0
DA:123,0
DA:124,0
DA:126,0
DA:130,0
DA:131,0
DA:143,0
DA:145,0
DA:146,0
DA:149,0
DA:152,0
DA:155,0
DA:158,0
DA:161,0
DA:164,0
DA:166,0
DA:167,0
DA:177,0
DA:186,0
DA:195,0
DA:196,0
DA:197,0
DA:198,0
DA:207,0
DA:208,0
DA:209,0
DA:210,0
DA:236,0
DA:247,0
DA:270,0
DA:289,0
DA:290,0
DA:291,0
DA:293,0
DA:294,0
DA:297,0
DA:298,0
DA:299,0
DA:301,0
DA:302,0
DA:305,0
DA:306,0
DA:307,0
DA:309,0
DA:310,0
DA:313,0
DA:321,0
DA:334,0
DA:343,0
DA:355,0
DA:367,0
DA:368,0
DA:378,0
DA:379,0
DA:388,0
DA:389,0
DA:399,0
DA:403,2
LF:81
LH:1
BRDA:24,0,0,0
BRDA:24,1,0,0
BRDA:25,2,0,0
BRDA:25,2,1,0
BRDA:29,3,0,0
BRDA:29,3,1,0
BRDA:38,4,0,0
BRDA:38,4,1,0
BRDA:97,5,0,0
BRDA:97,5,1,0
BRDA:97,5,2,0
BRDA:97,5,3,0
BRDA:97,5,4,0
BRDA:97,5,5,0
BRDA:112,6,0,0
BRDA:112,6,1,0
BRDA:113,7,0,0
BRDA:113,7,1,0
BRDA:116,8,0,0
BRDA:116,8,1,0
BRDA:117,9,0,0
BRDA:117,9,1,0
BRDA:119,10,0,0
BRDA:119,10,1,0
BRDA:120,11,0,0
BRDA:120,11,1,0
BRDA:123,12,0,0
BRDA:123,12,1,0
BRDA:124,13,0,0
BRDA:124,13,1,0
BRDA:126,14,0,0
BRDA:126,14,1,0
BRDA:127,15,0,0
BRDA:127,15,1,0
BRDA:130,16,0,0
BRDA:130,16,1,0
BRDA:131,17,0,0
BRDA:131,17,1,0
BRDA:142,18,0,0
BRDA:143,19,0,0
BRDA:143,19,1,0
BRDA:247,20,0,0
BRDA:247,20,1,0
BRDA:247,21,0,0
BRDA:247,21,1,0
BRDA:247,21,2,0
BRDA:247,21,3,0
BRDA:247,21,4,0
BRDA:247,21,5,0
BRDA:289,22,0,0
BRDA:289,22,1,0
BRDA:297,23,0,0
BRDA:297,23,1,0
BRDA:305,24,0,0
BRDA:305,24,1,0
BRDA:313,25,0,0
BRDA:313,25,1,0
BRF:57
BRH:0
end_of_record
TN:
SF:src/Math/Color.js
FN:19,(anonymous_0)
FN:50,(anonymous_1)
FN:59,(anonymous_2)
FN:68,(anonymous_3)
FN:76,(anonymous_4)
FN:85,(anonymous_5)
FN:94,(anonymous_6)
FN:103,(anonymous_7)
FN:111,(anonymous_8)
FN:123,(anonymous_9)
FN:135,(anonymous_10)
FN:147,(anonymous_11)
FN:159,(anonymous_12)
FN:168,(anonymous_13)
FN:184,(anonymous_14)
FN:196,(anonymous_15)
FN:208,(anonymous_16)
FN:220,(anonymous_17)
FN:221,hexToRgb
FN:244,(anonymous_19)
FN:245,(anonymous_20)
FN:407,(anonymous_21)
FN:408,componentToHex
FN:427,(anonymous_23)
FN:437,(anonymous_24)
FN:448,(anonymous_25)
FN:463,(anonymous_26)
FN:473,(anonymous_27)
FN:483,(anonymous_28)
FN:492,(anonymous_29)
FN:504,(anonymous_30)
FN:514,(anonymous_31)
FN:524,(anonymous_32)
FN:538,(anonymous_33)
FN:549,(anonymous_34)
FN:564,(anonymous_35)
FN:589,(anonymous_36)
FN:598,(anonymous_37)
FN:608,(anonymous_38)
FN:621,(anonymous_39)
FN:632,(anonymous_40)
FN:641,(anonymous_41)
FN:653,(anonymous_42)
FN:667,(anonymous_43)
FN:679,(anonymous_44)
FNF:45
FNH:0
FNDA:0,(anonymous_0)
FNDA:0,(anonymous_1)
FNDA:0,(anonymous_2)
FNDA:0,(anonymous_3)
FNDA:0,(anonymous_4)
FNDA:0,(anonymous_5)
FNDA:0,(anonymous_6)
FNDA:0,(anonymous_7)
FNDA:0,(anonymous_8)
FNDA:0,(anonymous_9)
FNDA:0,(anonymous_10)
FNDA:0,(anonymous_11)
FNDA:0,(anonymous_12)
FNDA:0,(anonymous_13)
FNDA:0,(anonymous_14)
FNDA:0,(anonymous_15)
FNDA:0,(anonymous_16)
FNDA:0,(anonymous_17)
FNDA:0,hexToRgb
FNDA:0,(anonymous_19)
FNDA:0,(anonymous_20)
FNDA:0,(anonymous_21)
FNDA:0,componentToHex
FNDA:0,(anonymous_23)
FNDA:0,(anonymous_24)
FNDA:0,(anonymous_25)
FNDA:0,(anonymous_26)
FNDA:0,(anonymous_27)
FNDA:0,(anonymous_28)
FNDA:0,(anonymous_29)
FNDA:0,(anonymous_30)
FNDA:0,(anonymous_31)
FNDA:0,(anonymous_32)
FNDA:0,(anonymous_33)
FNDA:0,(anonymous_34)
FNDA:0,(anonymous_35)
FNDA:0,(anonymous_36)
FNDA:0,(anonymous_37)
FNDA:0,(anonymous_38)
FNDA:0,(anonymous_39)
FNDA:0,(anonymous_40)
FNDA:0,(anonymous_41)
FNDA:0,(anonymous_42)
FNDA:0,(anonymous_43)
FNDA:0,(anonymous_44)
DA:20,0
DA:22,0
DA:23,0
DA:24,0
DA:25,0
DA:26,0
DA:27,0
DA:29,0
DA:30,0
DA:31,0
DA:32,0
DA:34,0
DA:37,0
DA:38,0
DA:39,0
DA:40,0
DA:51,0
DA:60,0
DA:69,0
DA:77,0
DA:86,0
DA:95,0
DA:104,0
DA:112,0
DA:124,0
DA:125,0
DA:126,0
DA:127,0
DA:136,0
DA:137,0
DA:138,0
DA:139,0
DA:148,0
DA:149,0
DA:150,0
DA:151,0
DA:160,0
DA:169,0
DA:185,0
DA:186,0
DA:187,0
DA:188,0
DA:197,0
DA:198,0
DA:199,0
DA:200,0
DA:209,0
DA:210,0
DA:211,0
DA:212,0
DA:222,0
DA:223,0
DA:231,0
DA:232,0
DA:233,0
DA:234,0
DA:236,0
DA:245,0
DA:246,0
DA:390,0
DA:391,0
DA:393,0
DA:395,0
DA:396,0
DA:398,0
DA:409,0
DA:410,0
DA:411,0
DA:413,0
DA:428,0
DA:438,0
DA:449,0
DA:464,0
DA:474,0
DA:484,0
DA:493,0
DA:494,0
DA:495,0
DA:496,0
DA:505,0
DA:515,0
DA:525,0
DA:539,0
DA:550,0
DA:551,0
DA:552,0
DA:553,0
DA:554,0
DA:565,0
DA:566,0
DA:572,0
DA:573,0
DA:580,0
DA:590,0
DA:599,0
DA:609,0
DA:622,0
DA:633,0
DA:642,0
DA:654,0
DA:668,0
DA:669,0
DA:670,0
DA:671,0
DA:680,0
DA:694,2
LF:106
LH:1
BRDA:19,0,0,0
BRDA:19,1,0,0
BRDA:19,2,0,0
BRDA:19,3,0,0
BRDA:22,4,0,0
BRDA:22,4,1,0
BRDA:24,5,0,0
BRDA:24,5,1,0
BRDA:30,6,0,0
BRDA:30,6,1,0
BRDA:31,7,0,0
BRDA:31,7,1,0
BRDA:123,8,0,0
BRDA:151,9,0,0
BRDA:151,9,1,0
BRDA:188,10,0,0
BRDA:188,10,1,0
BRDA:200,11,0,0
BRDA:200,11,1,0
BRDA:212,12,0,0
BRDA:212,12,1,0
BRDA:223,13,0,0
BRDA:223,13,1,0
BRDA:232,14,0,0
BRDA:232,14,1,0
BRDA:390,15,0,0
BRDA:390,15,1,0
BRDA:395,16,0,0
BRDA:395,16,1,0
BRDA:411,17,0,0
BRDA:411,17,1,0
BRDA:428,18,0,0
BRDA:428,18,1,0
BRDA:428,18,2,0
BRDA:428,18,3,0
BRDA:438,19,0,0
BRDA:438,19,1,0
BRDA:438,19,2,0
BRDA:438,19,3,0
BRDA:448,20,0,0
BRDA:450,21,0,0
BRDA:450,21,1,0
BRDA:450,21,2,0
BRDA:450,21,3,0
BRDA:514,22,0,0
BRDA:524,23,0,0
BRDA:564,24,0,0
BRDA:564,25,0,0
BRDA:565,26,0,0
BRDA:565,26,1,0
BRDA:570,27,0,0
BRDA:570,27,1,0
BRDA:572,28,0,0
BRDA:572,28,1,0
BRDA:577,29,0,0
BRDA:577,29,1,0
BRDA:580,30,0,0
BRDA:580,30,1,0
BRDA:632,31,0,0
BRF:59
BRH:0
end_of_record
TN:
SF:src/Math/Common.js
FN:18,(anonymous_0)
FN:22,(anonymous_1)
FN:26,(anonymous_2)
FN:30,(anonymous_3)
FN:35,(anonymous_4)
FN:49,(anonymous_5)
FN:54,(anonymous_6)
FN:59,(anonymous_7)
FN:64,(anonymous_8)
FN:69,(anonymous_9)
FN:76,(anonymous_10)
FN:82,JSON_stringify_fixedPrecision
FN:85,(anonymous_12)
FN:92,(anonymous_13)
FN:100,(anonymous_14)
FN:106,(anonymous_15)
FN:112,(anonymous_16)
FN:116,(anonymous_17)
FN:120,(anonymous_18)
FN:128,(anonymous_19)
FN:138,(anonymous_20)
FN:142,(anonymous_21)
FN:151,(anonymous_22)
FN:154,(anonymous_23)
FN:200,(anonymous_24)
FN:217,(anonymous_25)
FN:252,(anonymous_26)
FN:258,(anonymous_27)
FN:300,(anonymous_28)
FN:314,(anonymous_29)
FN:319,(anonymous_30)
FNF:31
FNH:4
FNDA:0,(anonymous_0)
FNDA:0,(anonymous_1)
FNDA:0,(anonymous_2)
FNDA:0,(anonymous_3)
FNDA:0,(anonymous_4)
FNDA:0,(anonymous_5)
FNDA:100,(anonymous_6)
FNDA:0,(anonymous_7)
FNDA:0,(anonymous_8)
FNDA:0,(anonymous_9)
FNDA:0,(anonymous_10)
FNDA:0,JSON_stringify_fixedPrecision
FNDA:0,(anonymous_12)
FNDA:1,(anonymous_13)
FNDA:1,(anonymous_14)
FNDA:1,(anonymous_15)
FNDA:0,(anonymous_16)
FNDA:0,(anonymous_17)
FNDA:0,(anonymous_18)
FNDA:0,(anonymous_19)
FNDA:0,(anonymous_20)
FNDA:0,(anonymous_21)
FNDA:0,(anonymous_22)
FNDA:0,(anonymous_23)
FNDA:0,(anonymous_24)
FNDA:0,(anonymous_25)
FNDA:0,(anonymous_26)
FNDA:0,(anonymous_27)
FNDA:0,(anonymous_28)
FNDA:0,(anonymous_29)
FNDA:0,(anonymous_30)
DA:6,20
DA:7,20
DA:8,20
DA:10,20
DA:11,20
DA:12,20
DA:13,20
DA:14,20
DA:15,20
DA:16,20
DA:18,20
DA:19,0
DA:22,20
DA:23,0
DA:26,20
DA:27,0
DA:30,20
DA:31,0
DA:32,0
DA:35,20
DA:36,0
DA:40,0
DA:41,0
DA:42,0
DA:43,0
DA:44,0
DA:46,0
DA:49,20
DA:50,0
DA:54,20
DA:55,100
DA:59,20
DA:60,0
DA:64,20
DA:65,0
DA:69,20
DA:70,0
DA:71,0
DA:72,0
DA:76,20
DA:77,0
DA:78,0
DA:79,0
DA:83,0
DA:86,0
DA:92,20
DA:93,1
DA:94,1
DA:95,1
DA:98,20
DA:100,20
DA:101,1
DA:104,20
DA:106,20
DA:107,1
DA:110,20
DA:112,20
DA:113,0
DA:116,20
DA:117,0
DA:120,20
DA:121,0
DA:122,0
DA:123,0
DA:124,0
DA:126,0
DA:128,20
DA:129,0
DA:130,0
DA:131,0
DA:132,0
DA:134,0
DA:135,0
DA:138,20
DA:139,0
DA:142,20
DA:143,0
DA:144,0
DA:151,20
DA:152,0
DA:153,0
DA:154,0
DA:155,0
DA:156,0
DA:157,0
DA:161,0
DA:162,0
DA:166,0
DA:167,0
DA:170,0
DA:171,0
DA:175,0
DA:176,0
DA:179,0
DA:180,0
DA:183,0
DA:186,0
DA:188,0
DA:190,0
DA:191,0
DA:193,0
DA:200,20
DA:201,0
DA:202,0
DA:204,0
DA:205,0
DA:206,0
DA:208,0
DA:209,0
DA:210,0
DA:211,0
DA:212,0
DA:214,0
DA:217,20
DA:218,0
DA:220,0
DA:221,0
DA:222,0
DA:223,0
DA:224,0
DA:225,0
DA:226,0
DA:227,0
DA:232,0
DA:233,0
DA:235,0
DA:238,0
DA:239,0
DA:240,0
DA:242,0
DA:243,0
DA:245,0
DA:246,0
DA:249,0
DA:252,20
DA:253,0
DA:254,0
DA:255,0
DA:256,0
DA:258,0
DA:259,0
DA:260,0
DA:261,0
DA:265,0
DA:266,0
DA:270,0
DA:271,0
DA:274,0
DA:275,0
DA:279,0
DA:280,0
DA:283,0
DA:284,0
DA:287,0
DA:290,0
DA:292,0
DA:295,0
DA:300,20
DA:301,0
DA:302,0
DA:303,0
DA:305,0
DA:306,0
DA:307,0
DA:308,0
DA:311,0
DA:314,20
DA:315,0
DA:316,0
DA:319,20
DA:320,0
DA:323,20
LF:172
LH:47
BRDA:27,0,0,0
BRDA:27,0,1,0
BRDA:40,1,0,0
BRDA:40,1,1,0
BRDA:82,2,0,0
BRDA:82,3,0,0
BRDA:86,4,0,0
BRDA:86,4,1,0
BRDA:86,5,0,0
BRDA:86,5,1,0
BRDA:129,6,0,0
BRDA:129,6,1,0
BRDA:130,7,0,0
BRDA:130,7,1,0
BRDA:131,8,0,0
BRDA:131,8,1,0
BRDA:134,9,0,0
BRDA:134,9,1,0
BRDA:161,10,0,0
BRDA:161,10,1,0
BRDA:166,11,0,0
BRDA:166,11,1,0
BRDA:170,12,0,0
BRDA:170,12,1,0
BRDA:170,13,0,0
BRDA:170,13,1,0
BRDA:175,14,0,0
BRDA:175,14,1,0
BRDA:204,15,0,0
BRDA:204,15,1,0
BRDA:208,16,0,0
BRDA:208,16,1,0
BRDA:210,17,0,0
BRDA:210,17,1,0
BRDA:218,18,0,0
BRDA:218,18,1,0
BRDA:220,19,0,0
BRDA:220,19,1,0
BRDA:225,20,0,0
BRDA:225,20,1,0
BRDA:232,21,0,0
BRDA:232,21,1,0
BRDA:245,22,0,0
BRDA:245,22,1,0
BRDA:265,23,0,0
BRDA:265,23,1,0
BRDA:270,24,0,0
BRDA:270,24,1,0
BRDA:274,25,0,0
BRDA:274,25,1,0
BRDA:274,26,0,0
BRDA:274,26,1,0
BRDA:279,27,0,0
BRDA:279,27,1,0
BRDA:305,28,0,0
BRDA:305,28,1,0
BRDA:306,29,0,0
BRDA:306,29,1,0
BRDA:307,30,0,0
BRDA:307,30,1,0
BRDA:308,31,0,0
BRDA:308,31,1,0
BRDA:308,32,0,0
BRDA:308,32,1,0
BRDA:311,33,0,0
BRDA:311,33,1,0
BRF:66
BRH:0
end_of_record
TN:
SF:src/Math/EulerAngles.js
FN:23,(anonymous_0)
FN:68,(anonymous_1)
FN:77,(anonymous_2)
FN:86,(anonymous_3)
FN:95,(anonymous_4)
FN:104,(anonymous_5)
FN:113,(anonymous_6)
FN:124,(anonymous_7)
FNF:8
FNH:0
FNDA:0,(anonymous_0)
FNDA:0,(anonymous_1)
FNDA:0,(anonymous_2)
FNDA:0,(anonymous_3)
FNDA:0,(anonymous_4)
FNDA:0,(anonymous_5)
FNDA:0,(anonymous_6)
FNDA:0,(anonymous_7)
DA:24,0
DA:26,0
DA:28,0
DA:30,0
DA:31,0
DA:33,0
DA:34,0
DA:36,0
DA:37,0
DA:39,0
DA:40,0
DA:42,0
DA:43,0
DA:45,0
DA:46,0
DA:48,0
DA:51,0
DA:52,0
DA:53,0
DA:54,0
DA:56,0
DA:57,0
DA:58,0
DA:59,0
DA:69,0
DA:78,0
DA:87,0
DA:96,0
DA:105,0
DA:114,0
DA:125,0
DA:126,0
DA:127,0
DA:131,4
LF:34
LH:1
BRDA:23,0,0,0
BRDA:23,1,0,0
BRDA:23,2,0,0
BRDA:23,3,0,0
BRDA:26,4,0,0
BRDA:26,4,1,0
BRDA:28,5,0,0
BRDA:28,5,1,0
BRDA:28,5,2,0
BRDA:28,5,3,0
BRDA:28,5,4,0
BRDA:28,5,5,0
BRDA:28,5,6,0
BRDA:51,6,0,0
BRDA:51,6,1,0
BRF:15
BRH:0
end_of_record
TN:
SF:src/Math/Frustum.js
FN:23,(anonymous_0)
FN:39,(anonymous_1)
FN:49,(anonymous_2)
FN:57,(anonymous_3)
FN:83,(anonymous_4)
FN:99,(anonymous_5)
FN:113,(anonymous_6)
FNF:7
FNH:0
FNDA:0,(anonymous_0)
FNDA:0,(anonymous_1)
FNDA:0,(anonymous_2)
FNDA:0,(anonymous_3)
FNDA:0,(anonymous_4)
FNDA:0,(anonymous_5)
FNDA:0,(anonymous_6)
DA:24,0
DA:40,0
DA:41,0
DA:42,0
DA:43,0
DA:44,0
DA:45,0
DA:46,0
DA:47,0
DA:49,0
DA:58,0
DA:59,0
DA:60,0
DA:62,0
DA:63,0
DA:66,0
DA:67,0
DA:68,0
DA:70,0
DA:72,0
DA:84,0
DA:100,0
DA:101,0
DA:102,0
DA:103,0
DA:104,0
DA:105,0
DA:114,0
DA:118,2
LF:29
LH:1
BRDA:25,0,0,0
BRDA:25,0,1,0
BRDA:26,1,0,0
BRDA:26,1,1,0
BRDA:27,2,0,0
BRDA:27,2,1,0
BRDA:28,3,0,0
BRDA:28,3,1,0
BRDA:29,4,0,0
BRDA:29,4,1,0
BRDA:30,5,0,0
BRDA:30,5,1,0
BRDA:66,6,0,0
BRDA:66,6,1,0
BRDA:67,7,0,0
BRDA:67,7,1,0
BRDA:68,8,0,0
BRDA:68,8,1,0
BRDA:70,9,0,0
BRDA:70,9,1,0
BRF:20
BRH:0
end_of_record
TN:
SF:src/Math/Mat3.js
FN:26,(anonymous_0)
FN:56,(anonymous_1)
FN:65,(anonymous_2)
FN:74,(anonymous_3)
FN:83,(anonymous_4)
FN:92,(anonymous_5)
FN:101,(anonymous_6)
FN:110,(anonymous_7)
FN:119,(anonymous_8)
FN:128,(anonymous_9)
FN:137,(anonymous_10)
FN:146,(anonymous_11)
FN:155,(anonymous_12)
FN:164,(anonymous_13)
FN:173,(anonymous_14)
FN:182,(anonymous_15)
FN:191,(anonymous_16)
FN:200,(anonymous_17)
FN:209,(anonymous_18)
FN:218,(anonymous_19)
FN:227,(anonymous_20)
FN:235,(anonymous_21)
FN:243,(anonymous_22)
FN:251,(anonymous_23)
FN:259,(anonymous_24)
FN:279,(anonymous_25)
FN:304,(anonymous_26)
FN:315,(anonymous_27)
FN:333,(anonymous_28)
FN:368,(anonymous_29)
FN:408,(anonymous_30)
FN:450,(anonymous_31)
FN:467,(anonymous_32)
FN:487,(anonymous_33)
FN:506,(anonymous_34)
FN:530,(anonymous_35)
FN:542,(anonymous_36)
FN:554,(anonymous_37)
FN:563,(anonymous_38)
FN:575,(anonymous_39)
FNF:40
FNH:0
FNDA:0,(anonymous_0)
FNDA:0,(anonymous_1)
FNDA:0,(anonymous_2)
FNDA:0,(anonymous_3)
FNDA:0,(anonymous_4)
FNDA:0,(anonymous_5)
FNDA:0,(anonymous_6)
FNDA:0,(anonymous_7)
FNDA:0,(anonymous_8)
FNDA:0,(anonymous_9)
FNDA:0,(anonymous_10)
FNDA:0,(anonymous_11)
FNDA:0,(anonymous_12)
FNDA:0,(anonymous_13)
FNDA:0,(anonymous_14)
FNDA:0,(anonymous_15)
FNDA:0,(anonymous_16)
FNDA:0,(anonymous_17)
FNDA:0,(anonymous_18)
FNDA:0,(anonymous_19)
FNDA:0,(anonymous_20)
FNDA:0,(anonymous_21)
FNDA:0,(anonymous_22)
FNDA:0,(anonymous_23)
FNDA:0,(anonymous_24)
FNDA:0,(anonymous_25)
FNDA:0,(anonymous_26)
FNDA:0,(anonymous_27)
FNDA:0,(anonymous_28)
FNDA:0,(anonymous_29)
FNDA:0,(anonymous_30)
FNDA:0,(anonymous_31)
FNDA:0,(anonymous_32)
FNDA:0,(anonymous_33)
FNDA:0,(anonymous_34)
FNDA:0,(anonymous_35)
FNDA:0,(anonymous_36)
FNDA:0,(anonymous_37)
FNDA:0,(anonymous_38)
FNDA:0,(anonymous_39)
DA:37,0
DA:39,0
DA:40,0
DA:41,0
DA:42,0
DA:44,0
DA:45,0
DA:57,0
DA:66,0
DA:75,0
DA:84,0
DA:93,0
DA:102,0
DA:111,0
DA:120,0
DA:129,0
DA:138,0
DA:147,0
DA:156,0
DA:165,0
DA:174,0
DA:183,0
DA:192,0
DA:201,0
DA:210,0
DA:219,0
DA:228,0
DA:236,0
DA:244,0
DA:252,0
DA:260,0
DA:290,0
DA:291,0
DA:292,0
DA:293,0
DA:294,0
DA:295,0
DA:296,0
DA:297,0
DA:298,0
DA:305,0
DA:316,0
DA:317,0
DA:318,0
DA:319,0
DA:320,0
DA:321,0
DA:322,0
DA:323,0
DA:324,0
DA:334,0
DA:335,0
DA:336,0
DA:337,0
DA:338,0
DA:340,0
DA:342,0
DA:343,0
DA:344,0
DA:346,0
DA:347,0
DA:348,0
DA:350,0
DA:369,0
DA:370,0
DA:371,0
DA:372,0
DA:373,0
DA:374,0
DA:375,0
DA:376,0
DA:377,0
DA:378,0
DA:379,0
DA:380,0
DA:382,0
DA:384,0
DA:385,0
DA:386,0
DA:388,0
DA:390,0
DA:409,0
DA:410,0
DA:411,0
DA:412,0
DA:413,0
DA:414,0
DA:415,0
DA:416,0
DA:417,0
DA:418,0
DA:419,0
DA:420,0
DA:422,0
DA:424,0
DA:425,0
DA:426,0
DA:428,0
DA:430,0
DA:441,0
DA:451,0
DA:469,0
DA:470,0
DA:471,0
DA:473,0
DA:474,0
DA:475,0
DA:476,0
DA:477,0
DA:478,0
DA:488,0
DA:507,0
DA:531,0
DA:543,0
DA:555,0
DA:564,0
DA:576,0
DA:580,6
LF:118
LH:1
BRDA:27,0,0,0
BRDA:28,1,0,0
BRDA:29,2,0,0
BRDA:30,3,0,0
BRDA:31,4,0,0
BRDA:32,5,0,0
BRDA:33,6,0,0
BRDA:34,7,0,0
BRDA:35,8,0,0
BRDA:39,9,0,0
BRDA:39,9,1,0
BRDA:280,10,0,0
BRDA:281,11,0,0
BRDA:282,12,0,0
BRDA:283,13,0,0
BRDA:284,14,0,0
BRDA:285,15,0,0
BRDA:286,16,0,0
BRDA:287,17,0,0
BRDA:288,18,0,0
BRDA:336,19,0,0
BRDA:336,19,1,0
BRDA:344,20,0,0
BRDA:344,20,1,0
BRDA:348,21,0,0
BRDA:348,21,1,0
BRDA:384,22,0,0
BRDA:384,22,1,0
BRDA:424,23,0,0
BRDA:424,23,1,0
BRDA:542,24,0,0
BRF:31
BRH:0
end_of_record
TN:
SF:src/Math/Mat4.js
FN:33,(anonymous_0)
FN:90,(anonymous_1)
FN:99,(anonymous_2)
FN:108,(anonymous_3)
FN:117,(anonymous_4)
FN:126,(anonymous_5)
FN:135,(anonymous_6)
FN:144,(anonymous_7)
FN:153,(anonymous_8)
FN:162,(anonymous_9)
FN:171,(anonymous_10)
FN:180,(anonymous_11)
FN:189,(anonymous_12)
FN:198,(anonymous_13)
FN:207,(anonymous_14)
FN:216,(anonymous_15)
FN:225,(anonymous_16)
FN:234,(anonymous_17)
FN:243,(anonymous_18)
FN:252,(anonymous_19)
FN:261,(anonymous_20)
FN:270,(anonymous_21)
FN:279,(anonymous_22)
FN:288,(anonymous_23)
FN:297,(anonymous_24)
FN:306,(anonymous_25)
FN:315,(anonymous_26)
FN:324,(anonymous_27)
FN:333,(anonymous_28)
FN:342,(anonymous_29)
FN:351,(anonymous_30)
FN:360,(anonymous_31)
FN:369,(anonymous_32)
FN:378,(anonymous_33)
FN:387,(anonymous_34)
FN:396,(anonymous_35)
FN:405,(anonymous_36)
FN:414,(anonymous_37)
FN:423,(anonymous_38)
FN:432,(anonymous_39)
FN:441,(anonymous_40)
FN:468,(anonymous_41)
FN:507,(anonymous_42)
FN:516,(anonymous_43)
FN:527,(anonymous_44)
FN:552,(anonymous_45)
FN:569,(anonymous_46)
FN:598,(anonymous_47)
FN:624,(anonymous_48)
FN:690,(anonymous_49)
FN:758,(anonymous_50)
FN:825,(anonymous_51)
FN:890,(anonymous_52)
FN:955,(anonymous_53)
FN:1020,(anonymous_54)
FN:1039,(anonymous_55)
FN:1089,(anonymous_56)
FN:1135,(anonymous_57)
FN:1172,(anonymous_58)
FN:1209,(anonymous_59)
FN:1242,(anonymous_60)
FN:1262,(anonymous_61)
FN:1279,(anonymous_62)
FN:1299,(anonymous_63)
FN:1334,(anonymous_64)
FN:1367,(anonymous_65)
FN:1382,(anonymous_66)
FN:1413,(anonymous_67)
FN:1422,(anonymous_68)
FN:1452,(anonymous_69)
FN:1464,(anonymous_70)
FN:1473,(anonymous_71)
FNF:72
FNH:0
FNDA:0,(anonymous_0)
FNDA:0,(anonymous_1)
FNDA:0,(anonymous_2)
FNDA:0,(anonymous_3)
FNDA:0,(anonymous_4)
FNDA:0,(anonymous_5)
FNDA:0,(anonymous_6)
FNDA:0,(anonymous_7)
FNDA:0,(anonymous_8)
FNDA:0,(anonymous_9)
FNDA:0,(anonymous_10)
FNDA:0,(anonymous_11)
FNDA:0,(anonymous_12)
FNDA:0,(anonymous_13)
FNDA:0,(anonymous_14)
FNDA:0,(anonymous_15)
FNDA:0,(anonymous_16)
FNDA:0,(anonymous_17)
FNDA:0,(anonymous_18)
FNDA:0,(anonymous_19)
FNDA:0,(anonymous_20)
FNDA:0,(anonymous_21)
FNDA:0,(anonymous_22)
FNDA:0,(anonymous_23)
FNDA:0,(anonymous_24)
FNDA:0,(anonymous_25)
FNDA:0,(anonymous_26)
FNDA:0,(anonymous_27)
FNDA:0,(anonymous_28)
FNDA:0,(anonymous_29)
FNDA:0,(anonymous_30)
FNDA:0,(anonymous_31)
FNDA:0,(anonymous_32)
FNDA:0,(anonymous_33)
FNDA:0,(anonymous_34)
FNDA:0,(anonymous_35)
FNDA:0,(anonymous_36)
FNDA:0,(anonymous_37)
FNDA:0,(anonymous_38)
FNDA:0,(anonymous_39)
FNDA:0,(anonymous_40)
FNDA:0,(anonymous_41)
FNDA:0,(anonymous_42)
FNDA:0,(anonymous_43)
FNDA:0,(anonymous_44)
FNDA:0,(anonymous_45)
FNDA:0,(anonymous_46)
FNDA:0,(anonymous_47)
FNDA:0,(anonymous_48)
FNDA:0,(anonymous_49)
FNDA:0,(anonymous_50)
FNDA:0,(anonymous_51)
FNDA:0,(anonymous_52)
FNDA:0,(anonymous_53)
FNDA:0,(anonymous_54)
FNDA:0,(anonymous_55)
FNDA:0,(anonymous_56)
FNDA:0,(anonymous_57)
FNDA:0,(anonymous_58)
FNDA:0,(anonymous_59)
FNDA:0,(anonymous_60)
FNDA:0,(anonymous_61)
FNDA:0,(anonymous_62)
FNDA:0,(anonymous_63)
FNDA:0,(anonymous_64)
FNDA:0,(anonymous_65)
FNDA:0,(anonymous_66)
FNDA:0,(anonymous_67)
FNDA:0,(anonymous_68)
FNDA:0,(anonymous_69)
FNDA:0,(anonymous_70)
FNDA:0,(anonymous_71)
DA:51,0
DA:53,0
DA:54,0
DA:55,0
DA:56,0
DA:57,0
DA:58,0
DA:60,0
DA:61,0
DA:91,0
DA:100,0
DA:109,0
DA:118,0
DA:127,0
DA:136,0
DA:145,0
DA:154,0
DA:163,0
DA:172,0
DA:181,0
DA:190,0
DA:199,0
DA:208,0
DA:217,0
DA:226,0
DA:235,0
DA:244,0
DA:253,0
DA:262,0
DA:271,0
DA:280,0
DA:289,0
DA:298,0
DA:307,0
DA:316,0
DA:325,0
DA:334,0
DA:343,0
DA:352,0
DA:361,0
DA:370,0
DA:379,0
DA:388,0
DA:397,0
DA:406,0
DA:415,0
DA:424,0
DA:433,0
DA:442,0
DA:486,0
DA:487,0
DA:488,0
DA:489,0
DA:490,0
DA:491,0
DA:492,0
DA:493,0
DA:494,0
DA:495,0
DA:496,0
DA:497,0
DA:498,0
DA:499,0
DA:500,0
DA:501,0
DA:508,0
DA:517,0
DA:528,0
DA:529,0
DA:530,0
DA:531,0
DA:532,0
DA:533,0
DA:534,0
DA:535,0
DA:536,0
DA:537,0
DA:538,0
DA:539,0
DA:540,0
DA:541,0
DA:542,0
DA:543,0
DA:553,0
DA:571,0
DA:572,0
DA:573,0
DA:574,0
DA:575,0
DA:576,0
DA:578,0
DA:579,0
DA:580,0
DA:581,0
DA:582,0
DA:583,0
DA:584,0
DA:585,0
DA:586,0
DA:587,0
DA:588,0
DA:589,0
DA:599,0
DA:625,0
DA:626,0
DA:627,0
DA:628,0
DA:629,0
DA:630,0
DA:631,0
DA:632,0
DA:633,0
DA:634,0
DA:635,0
DA:636,0
DA:637,0
DA:638,0
DA:639,0
DA:640,0
DA:642,0
DA:643,0
DA:644,0
DA:645,0
DA:646,0
DA:647,0
DA:648,0
DA:649,0
DA:650,0
DA:651,0
DA:652,0
DA:653,0
DA:657,0
DA:659,0
DA:660,0
DA:661,0
DA:663,0
DA:665,0
DA:691,0
DA:692,0
DA:693,0
DA:694,0
DA:695,0
DA:696,0
DA:697,0
DA:698,0
DA:699,0
DA:700,0
DA:701,0
DA:702,0
DA:703,0
DA:704,0
DA:705,0
DA:706,0
DA:708,0
DA:709,0
DA:710,0
DA:711,0
DA:712,0
DA:713,0
DA:714,0
DA:715,0
DA:716,0
DA:717,0
DA:718,0
DA:719,0
DA:723,0
DA:725,0
DA:726,0
DA:727,0
DA:729,0
DA:731,0
DA:749,0
DA:759,0
DA:760,0
DA:761,0
DA:762,0
DA:763,0
DA:764,0
DA:765,0
DA:766,0
DA:767,0
DA:768,0
DA:769,0
DA:770,0
DA:771,0
DA:772,0
DA:773,0
DA:774,0
DA:776,0
DA:777,0
DA:778,0
DA:779,0
DA:780,0
DA:781,0
DA:782,0
DA:783,0
DA:784,0
DA:785,0
DA:786,0
DA:787,0
DA:791,0
DA:793,0
DA:794,0
DA:795,0
DA:797,0
DA:799,0
DA:826,0
DA:827,0
DA:828,0
DA:829,0
DA:830,0
DA:831,0
DA:832,0
DA:833,0
DA:834,0
DA:835,0
DA:836,0
DA:837,0
DA:838,0
DA:839,0
DA:840,0
DA:841,0
DA:844,0
DA:845,0
DA:846,0
DA:847,0
DA:848,0
DA:849,0
DA:850,0
DA:851,0
DA:852,0
DA:853,0
DA:855,0
DA:856,0
DA:857,0
DA:858,0
DA:859,0
DA:860,0
DA:861,0
DA:862,0
DA:864,0
DA:865,0
DA:866,0
DA:867,0
DA:868,0
DA:869,0
DA:870,0
DA:871,0
DA:873,0
DA:874,0
DA:875,0
DA:876,0
DA:877,0
DA:878,0
DA:879,0
DA:880,0
DA:881,0
DA:891,0
DA:892,0
DA:893,0
DA:894,0
DA:895,0
DA:896,0
DA:897,0
DA:898,0
DA:899,0
DA:900,0
DA:901,0
DA:902,0
DA:903,0
DA:904,0
DA:905,0
DA:906,0
DA:907,0
DA:910,0
DA:911,0
DA:912,0
DA:913,0
DA:914,0
DA:915,0
DA:916,0
DA:917,0
DA:918,0
DA:920,0
DA:921,0
DA:922,0
DA:923,0
DA:924,0
DA:925,0
DA:926,0
DA:927,0
DA:929,0
DA:930,0
DA:931,0
DA:932,0
DA:933,0
DA:934,0
DA:935,0
DA:936,0
DA:938,0
DA:939,0
DA:940,0
DA:941,0
DA:942,0
DA:943,0
DA:944,0
DA:945,0
DA:946,0
DA:956,0
DA:957,0
DA:958,0
DA:959,0
DA:960,0
DA:961,0
DA:962,0
DA:963,0
DA:964,0
DA:965,0
DA:966,0
DA:967,0
DA:968,0
DA:969,0
DA:970,0
DA:971,0
DA:972,0
DA:975,0
DA:976,0
DA:977,0
DA:978,0
DA:979,0
DA:980,0
DA:981,0
DA:982,0
DA:983,0
DA:985,0
DA:986,0
DA:987,0
DA:988,0
DA:989,0
DA:990,0
DA:991,0
DA:992,0
DA:994,0
DA:995,0
DA:996,0
DA:997,0
DA:998,0
DA:999,0
DA:1000,0
DA:1001,0
DA:1003,0
DA:1004,0
DA:1005,0
DA:1006,0
DA:1007,0
DA:1008,0
DA:1009,0
DA:1010,0
DA:1011,0
DA:1021,0
DA:1022,0
DA:1023,0
DA:1024,0
DA:1025,0
DA:1026,0
DA:1027,0
DA:1028,0
DA:1029,0
DA:1040,0
DA:1041,0
DA:1042,0
DA:1043,0
DA:1044,0
DA:1046,0
DA:1048,0
DA:1049,0
DA:1050,0
DA:1052,0
DA:1053,0
DA:1054,0
DA:1057,0
DA:1090,0
DA:1092,0
DA:1093,0
DA:1096,0
DA:1097,0
DA:1098,0
DA:1100,0
DA:1101,0
DA:1102,0
DA:1105,0
DA:1106,0
DA:1107,0
DA:1108,0
DA:1109,0
DA:1110,0
DA:1111,0
DA:1112,0
DA:1113,0
DA:1114,0
DA:1115,0
DA:1116,0
DA:1117,0
DA:1118,0
DA:1119,0
DA:1120,0
DA:1121,0
DA:1122,0
DA:1136,0
DA:1137,0
DA:1140,0
DA:1142,0
DA:1143,0
DA:1144,0
DA:1145,0
DA:1146,0
DA:1147,0
DA:1148,0
DA:1149,0
DA:1150,0
DA:1151,0
DA:1152,0
DA:1153,0
DA:1154,0
DA:1155,0
DA:1156,0
DA:1157,0
DA:1159,0
DA:1173,0
DA:1174,0
DA:1177,0
DA:1179,0
DA:1180,0
DA:1181,0
DA:1182,0
DA:1183,0
DA:1184,0
DA:1185,0
DA:1186,0
DA:1187,0
DA:1188,0
DA:1189,0
DA:1190,0
DA:1191,0
DA:1192,0
DA:1193,0
DA:1194,0
DA:1196,0
DA:1210,0
DA:1211,0
DA:1214,0
DA:1216,0
DA:1217,0
DA:1218,0
DA:1219,0
DA:1220,0
DA:1221,0
DA:1222,0
DA:1223,0
DA:1224,0
DA:1225,0
DA:1226,0
DA:1227,0
DA:1228,0
DA:1229,0
DA:1230,0
DA:1231,0
DA:1233,0
DA:1243,0
DA:1244,0
DA:1245,0
DA:1246,0
DA:1247,0
DA:1248,0
DA:1263,0
DA:1264,0
DA:1265,0
DA:1266,0
DA:1267,0
DA:1280,0
DA:1281,0
DA:1282,0
DA:1283,0
DA:1284,0
DA:1300,0
DA:1301,0
DA:1303,0
DA:1335,0
DA:1336,0
DA:1337,0
DA:1339,0
DA:1369,0
DA:1370,0
DA:1372,0
DA:1384,0
DA:1414,0
DA:1423,0
DA:1453,0
DA:1465,0
DA:1474,0
DA:1478,5
LF:501
LH:1
BRDA:34,0,0,0
BRDA:35,1,0,0
BRDA:36,2,0,0
BRDA:37,3,0,0
BRDA:38,4,0,0
BRDA:39,5,0,0
BRDA:40,6,0,0
BRDA:41,7,0,0
BRDA:42,8,0,0
BRDA:43,9,0,0
BRDA:44,10,0,0
BRDA:45,11,0,0
BRDA:46,12,0,0
BRDA:47,13,0,0
BRDA:48,14,0,0
BRDA:49,15,0,0
BRDA:53,16,0,0
BRDA:53,16,1,0
BRDA:55,17,0,0
BRDA:55,17,1,0
BRDA:469,18,0,0
BRDA:470,19,0,0
BRDA:471,20,0,0
BRDA:472,21,0,0
BRDA:473,22,0,0
BRDA:474,23,0,0
BRDA:475,24,0,0
BRDA:476,25,0,0
BRDA:477,26,0,0
BRDA:478,27,0,0
BRDA:479,28,0,0
BRDA:480,29,0,0
BRDA:481,30,0,0
BRDA:482,31,0,0
BRDA:483,32,0,0
BRDA:484,33,0,0
BRDA:659,34,0,0
BRDA:659,34,1,0
BRDA:725,35,0,0
BRDA:725,35,1,0
BRDA:793,36,0,0
BRDA:793,36,1,0
BRDA:1042,37,0,0
BRDA:1042,37,1,0
BRDA:1050,38,0,0
BRDA:1050,38,1,0
BRDA:1054,39,0,0
BRDA:1054,39,1,0
BRDA:1092,40,0,0
BRDA:1092,40,1,0
BRDA:1369,41,0,0
BRDA:1369,41,1,0
BRDA:1413,42,0,0
BRF:53
BRH:0
end_of_record
TN:
SF:src/Math/PlaneType.js
FN:20,(anonymous_0)
FN:38,(anonymous_1)
FN:48,(anonymous_2)
FN:59,(anonymous_3)
FN:66,(anonymous_4)
FN:77,(anonymous_5)
FN:90,(anonymous_6)
FN:102,(anonymous_7)
FN:114,(anonymous_8)
FNF:9
FNH:0
FNDA:0,(anonymous_0)
FNDA:0,(anonymous_1)
FNDA:0,(anonymous_2)
FNDA:0,(anonymous_3)
FNDA:0,(anonymous_4)
FNDA:0,(anonymous_5)
FNDA:0,(anonymous_6)
FNDA:0,(anonymous_7)
FNDA:0,(anonymous_8)
DA:21,0
DA:22,0
DA:23,0
DA:25,0
DA:27,0
DA:39,0
DA:40,0
DA:49,0
DA:50,0
DA:60,0
DA:67,0
DA:68,0
DA:69,0
DA:78,0
DA:91,0
DA:103,0
DA:115,0
DA:119,3
LF:18
LH:1
BRDA:20,0,0,0
BRDA:22,1,0,0
BRDA:22,1,1,0
BRF:3
BRH:0
end_of_record
TN:
SF:src/Math/Quat.js
FN:25,(anonymous_0)
FN:57,(anonymous_1)
FN:66,(anonymous_2)
FN:75,(anonymous_3)
FN:84,(anonymous_4)
FN:93,(anonymous_5)
FN:102,(anonymous_6)
FN:111,(anonymous_7)
FN:119,(anonymous_8)
FN:131,(anonymous_9)
FN:143,(anonymous_10)
FN:152,(anonymous_11)
FN:164,(anonymous_12)
FN:263,(anonymous_13)
FN:349,(anonymous_14)
FN:361,(anonymous_15)
FN:373,(anonymous_16)
FN:389,(anonymous_17)
FN:431,(anonymous_18)
FN:473,(anonymous_19)
FN:482,(anonymous_20)
FN:492,(anonymous_21)
FN:502,(anonymous_22)
FN:513,(anonymous_23)
FN:528,(anonymous_24)
FN:542,(anonymous_25)
FN:555,(anonymous_26)
FN:570,(anonymous_27)
FN:584,(anonymous_28)
FN:596,(anonymous_29)
FN:609,(anonymous_30)
FN:622,(anonymous_31)
FN:640,(anonymous_32)
FN:659,(anonymous_33)
FN:671,(anonymous_34)
FN:696,(anonymous_35)
FN:705,(anonymous_36)
FN:715,(anonymous_37)
FN:736,(anonymous_38)
FN:759,(anonymous_39)
FN:785,(anonymous_40)
FN:796,(anonymous_41)
FN:817,(anonymous_42)
FN:838,(anonymous_43)
FN:859,(anonymous_44)
FN:898,(anonymous_45)
FN:914,(anonymous_46)
FN:930,(anonymous_47)
FN:949,(anonymous_48)
FN:965,(anonymous_49)
FN:1007,(anonymous_50)
FN:1043,(anonymous_51)
FN:1054,(anonymous_52)
FN:1063,(anonymous_53)
FN:1072,(anonymous_54)
FN:1089,(anonymous_55)
FN:1103,(anonymous_56)
FNF:57
FNH:0
FNDA:0,(anonymous_0)
FNDA:0,(anonymous_1)
FNDA:0,(anonymous_2)
FNDA:0,(anonymous_3)
FNDA:0,(anonymous_4)
FNDA:0,(anonymous_5)
FNDA:0,(anonymous_6)
FNDA:0,(anonymous_7)
FNDA:0,(anonymous_8)
FNDA:0,(anonymous_9)
FNDA:0,(anonymous_10)
FNDA:0,(anonymous_11)
FNDA:0,(anonymous_12)
FNDA:0,(anonymous_13)
FNDA:0,(anonymous_14)
FNDA:0,(anonymous_15)
FNDA:0,(anonymous_16)
FNDA:0,(anonymous_17)
FNDA:0,(anonymous_18)
FNDA:0,(anonymous_19)
FNDA:0,(anonymous_20)
FNDA:0,(anonymous_21)
FNDA:0,(anonymous_22)
FNDA:0,(anonymous_23)
FNDA:0,(anonymous_24)
FNDA:0,(anonymous_25)
FNDA:0,(anonymous_26)
FNDA:0,(anonymous_27)
FNDA:0,(anonymous_28)
FNDA:0,(anonymous_29)
FNDA:0,(anonymous_30)
FNDA:0,(anonymous_31)
FNDA:0,(anonymous_32)
FNDA:0,(anonymous_33)
FNDA:0,(anonymous_34)
FNDA:0,(anonymous_35)
FNDA:0,(anonymous_36)
FNDA:0,(anonymous_37)
FNDA:0,(anonymous_38)
FNDA:0,(anonymous_39)
FNDA:0,(anonymous_40)
FNDA:0,(anonymous_41)
FNDA:0,(anonymous_42)
FNDA:0,(anonymous_43)
FNDA:0,(anonymous_44)
FNDA:0,(anonymous_45)
FNDA:0,(anonymous_46)
FNDA:0,(anonymous_47)
FNDA:0,(anonymous_48)
FNDA:0,(anonymous_49)
FNDA:0,(anonymous_50)
FNDA:0,(anonymous_51)
FNDA:0,(anonymous_52)
FNDA:0,(anonymous_53)
FNDA:0,(anonymous_54)
FNDA:0,(anonymous_55)
FNDA:0,(anonymous_56)
DA:26,0
DA:28,0
DA:29,0
DA:30,0
DA:31,0
DA:33,0
DA:34,0
DA:35,0
DA:36,0
DA:37,0
DA:38,0
DA:39,0
DA:40,0
DA:41,0
DA:44,0
DA:45,0
DA:46,0
DA:47,0
DA:58,0
DA:67,0
DA:76,0
DA:85,0
DA:94,0
DA:103,0
DA:112,0
DA:120,0
DA:132,0
DA:133,0
DA:134,0
DA:135,0
DA:144,0
DA:153,0
DA:154,0
DA:155,0
DA:156,0
DA:165,0
DA:167,0
DA:170,0
DA:171,0
DA:174,0
DA:175,0
DA:178,0
DA:179,0
DA:182,0
DA:183,0
DA:186,0
DA:187,0
DA:190,0
DA:191,0
DA:193,0
DA:196,0
DA:197,0
DA:198,0
DA:199,0
DA:200,0
DA:201,0
DA:202,0
DA:203,0
DA:204,0
DA:205,0
DA:206,0
DA:207,0
DA:208,0
DA:209,0
DA:210,0
DA:211,0
DA:213,0
DA:215,0
DA:218,0
DA:219,0
DA:220,0
DA:221,0
DA:224,0
DA:225,0
DA:226,0
DA:227,0
DA:230,0
DA:231,0
DA:232,0
DA:233,0
DA:236,0
DA:237,0
DA:238,0
DA:239,0
DA:242,0
DA:243,0
DA:244,0
DA:245,0
DA:248,0
DA:249,0
DA:250,0
DA:251,0
DA:253,0
DA:264,0
DA:265,0
DA:268,0
DA:269,0
DA:272,0
DA:273,0
DA:276,0
DA:277,0
DA:280,0
DA:281,0
DA:284,0
DA:285,0
DA:288,0
DA:289,0
DA:291,0
DA:294,0
DA:295,0
DA:296,0
DA:298,0
DA:299,0
DA:300,0
DA:301,0
DA:303,0
DA:304,0
DA:305,0
DA:307,0
DA:308,0
DA:309,0
DA:310,0
DA:314,0
DA:315,0
DA:321,0
DA:324,0
DA:327,0
DA:330,0
DA:333,0
DA:336,0
DA:339,0
DA:350,0
DA:351,0
DA:352,0
DA:362,0
DA:363,0
DA:364,0
DA:374,0
DA:375,0
DA:376,0
DA:377,0
DA:378,0
DA:380,0
DA:381,0
DA:392,0
DA:395,0
DA:397,0
DA:398,0
DA:399,0
DA:400,0
DA:401,0
DA:402,0
DA:405,0
DA:406,0
DA:407,0
DA:408,0
DA:409,0
DA:411,0
DA:417,0
DA:418,0
DA:419,0
DA:420,0
DA:421,0
DA:423,0
DA:434,0
DA:437,0
DA:439,0
DA:440,0
DA:441,0
DA:442,0
DA:443,0
DA:444,0
DA:447,0
DA:448,0
DA:449,0
DA:450,0
DA:451,0
DA:453,0
DA:459,0
DA:460,0
DA:461,0
DA:462,0
DA:463,0
DA:465,0
DA:474,0
DA:483,0
DA:493,0
DA:503,0
DA:514,0
DA:529,0
DA:543,0
DA:544,0
DA:545,0
DA:546,0
DA:556,0
DA:571,0
DA:585,0
DA:586,0
DA:587,0
DA:588,0
DA:597,0
DA:598,0
DA:599,0
DA:600,0
DA:601,0
DA:610,0
DA:611,0
DA:612,0
DA:613,0
DA:614,0
DA:623,0
DA:624,0
DA:625,0
DA:626,0
DA:627,0
DA:628,0
DA:629,0
DA:633,0
DA:634,0
DA:641,0
DA:642,0
DA:643,0
DA:644,0
DA:645,0
DA:646,0
DA:647,0
DA:649,0
DA:650,0
DA:660,0
DA:672,0
DA:673,0
DA:674,0
DA:675,0
DA:676,0
DA:677,0
DA:678,0
DA:679,0
DA:681,0
DA:697,0
DA:706,0
DA:716,0
DA:717,0
DA:737,0
DA:738,0
DA:739,0
DA:740,0
DA:741,0
DA:742,0
DA:743,0
DA:744,0
DA:746,0
DA:760,0
DA:761,0
DA:762,0
DA:763,0
DA:764,0
DA:765,0
DA:766,0
DA:767,0
DA:769,0
DA:786,0
DA:787,0
DA:788,0
DA:797,0
DA:799,0
DA:800,0
DA:801,0
DA:802,0
DA:803,0
DA:804,0
DA:806,0
DA:807,0
DA:808,0
DA:809,0
DA:818,0
DA:820,0
DA:821,0
DA:822,0
DA:823,0
DA:824,0
DA:825,0
DA:827,0
DA:828,0
DA:829,0
DA:830,0
DA:839,0
DA:841,0
DA:842,0
DA:843,0
DA:844,0
DA:845,0
DA:846,0
DA:848,0
DA:849,0
DA:850,0
DA:851,0
DA:860,0
DA:861,0
DA:862,0
DA:863,0
DA:864,0
DA:865,0
DA:866,0
DA:867,0
DA:868,0
DA:869,0
DA:870,0
DA:871,0
DA:872,0
DA:873,0
DA:874,0
DA:875,0
DA:877,0
DA:878,0
DA:879,0
DA:880,0
DA:882,0
DA:883,0
DA:884,0
DA:886,0
DA:887,0
DA:888,0
DA:890,0
DA:899,0
DA:900,0
DA:901,0
DA:902,0
DA:903,0
DA:904,0
DA:906,0
DA:915,0
DA:916,0
DA:917,0
DA:918,0
DA:919,0
DA:920,0
DA:922,0
DA:931,0
DA:932,0
DA:933,0
DA:935,0
DA:936,0
DA:937,0
DA:938,0
DA:940,0
DA:950,0
DA:952,0
DA:954,0
DA:956,0
DA:966,0
DA:967,0
DA:968,0
DA:969,0
DA:970,0
DA:971,0
DA:972,0
DA:973,0
DA:974,0
DA:975,0
DA:976,0
DA:977,0
DA:978,0
DA:979,0
DA:980,0
DA:981,0
DA:984,0
DA:985,0
DA:986,0
DA:987,0
DA:989,0
DA:990,0
DA:991,0
DA:993,0
DA:994,0
DA:995,0
DA:997,0
DA:1008,0
DA:1014,0
DA:1015,0
DA:1044,0
DA:1055,0
DA:1064,0
DA:1073,0
DA:1090,0
DA:1104,0
DA:1105,0
DA:1106,0
DA:1107,0
DA:1108,0
DA:1112,3
LF:390
LH:1
BRDA:25,0,0,0
BRDA:25,1,0,0
BRDA:25,2,0,0
BRDA:25,3,0,0
BRDA:28,4,0,0
BRDA:28,4,1,0
BRDA:34,5,0,0
BRDA:34,5,1,0
BRDA:40,6,0,0
BRDA:40,6,1,0
BRDA:167,7,0,0
BRDA:167,7,1,0
BRDA:167,7,2,0
BRDA:167,7,3,0
BRDA:167,7,4,0
BRDA:167,7,5,0
BRDA:167,7,6,0
BRDA:215,8,0,0
BRDA:215,8,1,0
BRDA:215,8,2,0
BRDA:215,8,3,0
BRDA:215,8,4,0
BRDA:215,8,5,0
BRDA:215,8,6,0
BRDA:265,9,0,0
BRDA:265,9,1,0
BRDA:265,9,2,0
BRDA:265,9,3,0
BRDA:265,9,4,0
BRDA:265,9,5,0
BRDA:265,9,6,0
BRDA:296,10,0,0
BRDA:296,10,1,0
BRDA:301,11,0,0
BRDA:301,11,1,0
BRDA:321,12,0,0
BRDA:321,12,1,0
BRDA:321,12,2,0
BRDA:321,12,3,0
BRDA:321,12,4,0
BRDA:321,12,5,0
BRDA:395,13,0,0
BRDA:395,13,1,0
BRDA:406,14,0,0
BRDA:406,14,1,0
BRDA:407,15,0,0
BRDA:407,15,1,0
BRDA:437,16,0,0
BRDA:437,16,1,0
BRDA:448,17,0,0
BRDA:448,17,1,0
BRDA:449,18,0,0
BRDA:449,18,1,0
BRDA:493,19,0,0
BRDA:493,19,1,0
BRDA:493,19,2,0
BRDA:493,19,3,0
BRDA:503,20,0,0
BRDA:503,20,1,0
BRDA:503,20,2,0
BRDA:503,20,3,0
BRDA:513,21,0,0
BRDA:515,22,0,0
BRDA:515,22,1,0
BRDA:515,22,2,0
BRDA:515,22,3,0
BRDA:628,23,0,0
BRDA:628,23,1,0
BRDA:646,24,0,0
BRDA:646,24,1,0
BRDA:716,25,0,0
BRDA:716,25,1,0
BRDA:950,26,0,0
BRDA:950,26,1,0
BRDA:950,26,2,0
BRDA:1054,27,0,0
BRF:76
BRH:0
end_of_record
TN:
SF:src/Math/RGBA.js
FN:18,(anonymous_0)
FN:49,(anonymous_1)
FN:58,(anonymous_2)
FN:67,(anonymous_3)
FN:76,(anonymous_4)
FN:85,(anonymous_5)
FN:94,(anonymous_6)
FN:103,(anonymous_7)
FN:111,(anonymous_8)
FN:123,(anonymous_9)
FN:135,(anonymous_10)
FN:147,(anonymous_11)
FN:160,(anonymous_12)
FN:161,hexToRgb
FN:185,(anonymous_14)
FN:186,(anonymous_15)
FN:348,(anonymous_16)
FN:349,componentToHex
FN:367,(anonymous_18)
FN:382,(anonymous_19)
FN:398,(anonymous_20)
FN:413,(anonymous_21)
FN:428,(anonymous_22)
FN:443,(anonymous_23)
FN:457,(anonymous_24)
FN:469,(anonymous_25)
FN:483,(anonymous_26)
FN:498,(anonymous_27)
FN:512,(anonymous_28)
FN:523,(anonymous_29)
FN:543,(anonymous_30)
FN:573,(anonymous_31)
FN:587,(anonymous_32)
FN:596,(anonymous_33)
FN:609,(anonymous_34)
FN:621,(anonymous_35)
FN:630,(anonymous_36)
FN:642,(anonymous_37)
FN:656,(anonymous_38)
FN:668,(anonymous_39)
FNF:40
FNH:0
FNDA:0,(anonymous_0)
FNDA:0,(anonymous_1)
FNDA:0,(anonymous_2)
FNDA:0,(anonymous_3)
FNDA:0,(anonymous_4)
FNDA:0,(anonymous_5)
FNDA:0,(anonymous_6)
FNDA:0,(anonymous_7)
FNDA:0,(anonymous_8)
FNDA:0,(anonymous_9)
FNDA:0,(anonymous_10)
FNDA:0,(anonymous_11)
FNDA:0,(anonymous_12)
FNDA:0,hexToRgb
FNDA:0,(anonymous_14)
FNDA:0,(anonymous_15)
FNDA:0,(anonymous_16)
FNDA:0,componentToHex
FNDA:0,(anonymous_18)
FNDA:0,(anonymous_19)
FNDA:0,(anonymous_20)
FNDA:0,(anonymous_21)
FNDA:0,(anonymous_22)
FNDA:0,(anonymous_23)
FNDA:0,(anonymous_24)
FNDA:0,(anonymous_25)
FNDA:0,(anonymous_26)
FNDA:0,(anonymous_27)
FNDA:0,(anonymous_28)
FNDA:0,(anonymous_29)
FNDA:0,(anonymous_30)
FNDA:0,(anonymous_31)
FNDA:0,(anonymous_32)
FNDA:0,(anonymous_33)
FNDA:0,(anonymous_34)
FNDA:0,(anonymous_35)
FNDA:0,(anonymous_36)
FNDA:0,(anonymous_37)
FNDA:0,(anonymous_38)
FNDA:0,(anonymous_39)
DA:19,0
DA:21,0
DA:22,0
DA:23,0
DA:24,0
DA:25,0
DA:26,0
DA:28,0
DA:29,0
DA:30,0
DA:31,0
DA:33,0
DA:36,0
DA:37,0
DA:38,0
DA:39,0
DA:50,0
DA:59,0
DA:68,0
DA:77,0
DA:86,0
DA:95,0
DA:104,0
DA:112,0
DA:124,0
DA:125,0
DA:126,0
DA:127,0
DA:136,0
DA:137,0
DA:138,0
DA:139,0
DA:148,0
DA:149,0
DA:150,0
DA:151,0
DA:162,0
DA:163,0
DA:171,0
DA:172,0
DA:173,0
DA:174,0
DA:176,0
DA:186,0
DA:187,0
DA:331,0
DA:332,0
DA:334,0
DA:336,0
DA:337,0
DA:339,0
DA:350,0
DA:351,0
DA:353,0
DA:368,0
DA:383,0
DA:399,0
DA:414,0
DA:429,0
DA:444,0
DA:458,0
DA:459,0
DA:460,0
DA:461,0
DA:470,0
DA:484,0
DA:499,0
DA:513,0
DA:524,0
DA:525,0
DA:526,0
DA:527,0
DA:528,0
DA:544,0
DA:545,0
DA:551,0
DA:552,0
DA:559,0
DA:574,0
DA:588,0
DA:597,0
DA:610,0
DA:622,0
DA:631,0
DA:643,0
DA:657,0
DA:658,0
DA:659,0
DA:660,0
DA:669,0
DA:683,2
LF:91
LH:1
BRDA:18,0,0,0
BRDA:18,1,0,0
BRDA:18,2,0,0
BRDA:18,3,0,0
BRDA:21,4,0,0
BRDA:21,4,1,0
BRDA:23,5,0,0
BRDA:23,5,1,0
BRDA:29,6,0,0
BRDA:29,6,1,0
BRDA:30,7,0,0
BRDA:30,7,1,0
BRDA:123,8,0,0
BRDA:151,9,0,0
BRDA:151,9,1,0
BRDA:163,10,0,0
BRDA:163,10,1,0
BRDA:172,11,0,0
BRDA:172,11,1,0
BRDA:331,12,0,0
BRDA:331,12,1,0
BRDA:336,13,0,0
BRDA:336,13,1,0
BRDA:351,14,0,0
BRDA:351,14,1,0
BRDA:369,15,0,0
BRDA:369,15,1,0
BRDA:369,15,2,0
BRDA:369,15,3,0
BRDA:384,16,0,0
BRDA:384,16,1,0
BRDA:384,16,2,0
BRDA:384,16,3,0
BRDA:398,17,0,0
BRDA:400,18,0,0
BRDA:400,18,1,0
BRDA:400,18,2,0
BRDA:400,18,3,0
BRDA:483,19,0,0
BRDA:498,20,0,0
BRDA:543,21,0,0
BRDA:543,22,0,0
BRDA:544,23,0,0
BRDA:544,23,1,0
BRDA:549,24,0,0
BRDA:549,24,1,0
BRDA:551,25,0,0
BRDA:551,25,1,0
BRDA:556,26,0,0
BRDA:556,26,1,0
BRDA:563,27,0,0
BRDA:563,27,1,0
BRDA:621,28,0,0
BRF:53
BRH:0
end_of_record
TN:
SF:src/Math/Ray.js
FN:17,(anonymous_0)
FN:36,(anonymous_1)
FN:52,(anonymous_2)
FN:62,(anonymous_3)
FN:108,(anonymous_4)
FN:133,(anonymous_5)
FN:146,(anonymous_6)
FN:158,(anonymous_7)
FN:170,(anonymous_8)
FN:180,(anonymous_9)
FNF:10
FNH:0
FNDA:0,(anonymous_0)
FNDA:0,(anonymous_1)
FNDA:0,(anonymous_2)
FNDA:0,(anonymous_3)
FNDA:0,(anonymous_4)
FNDA:0,(anonymous_5)
FNDA:0,(anonymous_6)
FNDA:0,(anonymous_7)
FNDA:0,(anonymous_8)
FNDA:0,(anonymous_9)
DA:18,0
DA:19,0
DA:21,0
DA:23,0
DA:24,0
DA:26,0
DA:37,0
DA:38,0
DA:39,0
DA:40,0
DA:42,0
DA:43,0
DA:53,0
DA:63,0
DA:64,0
DA:65,0
DA:66,0
DA:67,0
DA:68,0
DA:69,0
DA:70,0
DA:71,0
DA:72,0
DA:74,0
DA:75,0
DA:77,0
DA:78,0
DA:80,0
DA:85,0
DA:87,0
DA:88,0
DA:90,0
DA:92,0
DA:95,0
DA:96,0
DA:98,0
DA:109,0
DA:110,0
DA:111,0
DA:113,0
DA:115,0
DA:117,0
DA:121,0
DA:122,0
DA:123,0
DA:125,0
DA:134,0
DA:147,0
DA:159,0
DA:171,0
DA:172,0
DA:181,0
DA:185,2
LF:53
LH:1
BRDA:17,0,0,0
BRDA:17,1,0,0
BRDA:18,2,0,0
BRDA:18,2,1,0
BRDA:23,3,0,0
BRDA:23,3,1,0
BRDA:39,4,0,0
BRDA:39,4,1,0
BRDA:71,5,0,0
BRDA:71,5,1,0
BRDA:71,6,0,0
BRDA:71,6,1,0
BRDA:74,7,0,0
BRDA:74,7,1,0
BRDA:77,8,0,0
BRDA:77,8,1,0
BRDA:85,9,0,0
BRDA:85,9,1,0
BRDA:88,10,0,0
BRDA:88,10,1,0
BRDA:113,11,0,0
BRDA:113,11,1,0
BRDA:115,12,0,0
BRDA:115,12,1,0
BRDA:122,13,0,0
BRDA:122,13,1,0
BRF:26
BRH:0
end_of_record
TN:
SF:src/Math/SphereType.js
FN:19,(anonymous_0)
FN:34,(anonymous_1)
FN:44,(anonymous_2)
FN:56,(anonymous_3)
FN:68,(anonymous_4)
FN:82,(anonymous_5)
FNF:6
FNH:0
FNDA:0,(anonymous_0)
FNDA:0,(anonymous_1)
FNDA:0,(anonymous_2)
FNDA:0,(anonymous_3)
FNDA:0,(anonymous_4)
FNDA:0,(anonymous_5)
DA:20,0
DA:21,0
DA:22,0
DA:24,0
DA:26,0
DA:35,0
DA:45,0
DA:57,0
DA:69,0
DA:83,0
DA:87,3
LF:11
LH:1
BRDA:19,0,0,0
BRDA:21,1,0,0
BRDA:21,1,1,0
BRF:3
BRH:0
end_of_record
TN:
SF:src/Math/TypeRegistry.js
FN:10,(anonymous_0)
FN:25,(anonymous_1)
FN:36,(anonymous_2)
FN:45,(anonymous_3)
FNF:4
FNH:2
FNDA:18,(anonymous_0)
FNDA:120,(anonymous_1)
FNDA:0,(anonymous_2)
FNDA:0,(anonymous_3)
DA:11,18
DA:12,18
DA:15,18
DA:16,18
DA:17,18
DA:26,120
DA:27,120
DA:28,54
DA:37,0
DA:46,0
DA:47,0
DA:48,0
DA:52,18
LF:13
LH:9
BRDA:27,0,0,66
BRDA:27,0,1,54
BRDA:46,1,0,0
BRDA:46,1,1,0
BRDA:47,2,0,0
BRDA:47,2,1,0
BRF:6
BRH:2
end_of_record
TN:
SF:src/Math/Vec2.js
FN:64,(anonymous_0)
FN:87,(anonymous_1)
FN:95,(anonymous_2)
FN:103,(anonymous_3)
FN:111,(anonymous_4)
FN:120,(anonymous_5)
FN:130,(anonymous_6)
FN:141,(anonymous_7)
FN:151,(anonymous_8)
FN:162,(anonymous_9)
FN:175,(anonymous_10)
FN:184,(anonymous_11)
FN:195,(anonymous_12)
FN:205,(anonymous_13)
FN:217,(anonymous_14)
FN:226,(anonymous_15)
FN:236,(anonymous_16)
FN:245,(anonymous_17)
FN:257,(anonymous_18)
FN:266,(anonymous_19)
FN:276,(anonymous_20)
FN:287,(anonymous_21)
FN:297,(anonymous_22)
FN:309,(anonymous_23)
FN:325,(anonymous_24)
FN:342,(anonymous_25)
FN:352,(anonymous_26)
FN:363,(anonymous_27)
FN:376,(anonymous_28)
FN:388,(anonymous_29)
FN:404,(anonymous_30)
FN:416,(anonymous_31)
FN:429,(anonymous_32)
FN:440,(anonymous_33)
FN:449,(anonymous_34)
FN:464,(anonymous_35)
FN:475,(anonymous_36)
FN:485,(anonymous_37)
FN:495,(anonymous_38)
FN:507,(anonymous_39)
FN:519,(anonymous_40)
FNF:41
FNH:6
FNDA:3,(anonymous_0)
FNDA:2,(anonymous_1)
FNDA:0,(anonymous_2)
FNDA:2,(anonymous_3)
FNDA:0,(anonymous_4)
FNDA:0,(anonymous_5)
FNDA:0,(anonymous_6)
FNDA:0,(anonymous_7)
FNDA:0,(anonymous_8)
FNDA:0,(anonymous_9)
FNDA:0,(anonymous_10)
FNDA:0,(anonymous_11)
FNDA:0,(anonymous_12)
FNDA:0,(anonymous_13)
FNDA:0,(anonymous_14)
FNDA:0,(anonymous_15)
FNDA:0,(anonymous_16)
FNDA:0,(anonymous_17)
FNDA:0,(anonymous_18)
FNDA:0,(anonymous_19)
FNDA:1,(anonymous_20)
FNDA:1,(anonymous_21)
FNDA:0,(anonymous_22)
FNDA:0,(anonymous_23)
FNDA:0,(anonymous_24)
FNDA:0,(anonymous_25)
FNDA:0,(anonymous_26)
FNDA:0,(anonymous_27)
FNDA:0,(anonymous_28)
FNDA:0,(anonymous_29)
FNDA:0,(anonymous_30)
FNDA:0,(anonymous_31)
FNDA:0,(anonymous_32)
FNDA:0,(anonymous_33)
FNDA:0,(anonymous_34)
FNDA:0,(anonymous_35)
FNDA:0,(anonymous_36)
FNDA:0,(anonymous_37)
FNDA:0,(anonymous_38)
FNDA:1,(anonymous_39)
FNDA:0,(anonymous_40)
DA:65,3
DA:67,3
DA:68,0
DA:69,3
DA:70,0
DA:71,0
DA:72,0
DA:73,3
DA:74,0
DA:75,0
DA:77,3
DA:78,3
DA:79,3
DA:88,2
DA:96,0
DA:104,2
DA:112,0
DA:121,0
DA:122,0
DA:131,0
DA:132,0
DA:142,0
DA:152,0
DA:163,0
DA:176,0
DA:185,0
DA:186,0
DA:196,0
DA:206,0
DA:207,0
DA:208,0
DA:218,0
DA:227,0
DA:228,0
DA:237,0
DA:246,0
DA:247,0
DA:248,0
DA:258,0
DA:267,0
DA:268,0
DA:277,1
DA:278,1
DA:279,1
DA:288,1
DA:298,0
DA:299,0
DA:300,0
DA:310,0
DA:311,0
DA:312,0
DA:313,0
DA:314,0
DA:318,0
DA:319,0
DA:326,0
DA:327,0
DA:328,0
DA:329,0
DA:330,0
DA:332,0
DA:333,0
DA:343,0
DA:354,0
DA:364,0
DA:365,0
DA:366,0
DA:367,0
DA:377,0
DA:378,0
DA:379,0
DA:389,0
DA:390,0
DA:391,0
DA:405,0
DA:406,0
DA:407,0
DA:417,0
DA:418,0
DA:419,0
DA:420,0
DA:430,0
DA:431,0
DA:432,0
DA:441,0
DA:450,0
DA:465,0
DA:476,0
DA:486,0
DA:496,0
DA:508,1
DA:520,0
DA:521,0
DA:525,14
LF:94
LH:15
BRDA:64,0,0,0
BRDA:64,1,0,0
BRDA:67,2,0,0
BRDA:67,2,1,3
BRDA:67,3,0,3
BRDA:67,3,1,3
BRDA:67,3,2,3
BRDA:69,4,0,0
BRDA:69,4,1,3
BRDA:73,5,0,0
BRDA:73,5,1,3
BRDA:73,6,0,3
BRDA:73,6,1,3
BRDA:142,7,0,0
BRDA:142,7,1,0
BRDA:152,8,0,0
BRDA:152,8,1,0
BRDA:162,9,0,0
BRDA:164,10,0,0
BRDA:164,10,1,0
BRDA:313,11,0,0
BRDA:313,11,1,0
BRDA:329,12,0,0
BRDA:329,12,1,0
BRDA:365,13,0,0
BRDA:365,13,1,0
BRDA:366,14,0,0
BRDA:366,14,1,0
BRDA:378,15,0,0
BRDA:378,15,1,0
BRDA:416,16,0,0
BRDA:429,17,0,0
BRDA:475,18,0,0
BRF:33
BRH:8
end_of_record
TN:
SF:src/Math/Vec3.js
FN:28,(anonymous_0)
FN:52,(anonymous_1)
FN:61,(anonymous_2)
FN:70,(anonymous_3)
FN:79,(anonymous_4)
FN:88,(anonymous_5)
FN:97,(anonymous_6)
FN:106,(anonymous_7)
FN:115,(anonymous_8)
FN:126,(anonymous_9)
FN:137,(anonymous_10)
FN:146,(anonymous_11)
FN:157,(anonymous_12)
FN:166,(anonymous_13)
FN:181,(anonymous_14)
FN:192,(anonymous_15)
FN:203,(anonymous_16)
FN:214,(anonymous_17)
FN:225,(anonymous_18)
FN:239,(anonymous_19)
FN:248,(anonymous_20)
FN:260,(anonymous_21)
FN:269,(anonymous_22)
FN:281,(anonymous_23)
FN:290,(anonymous_24)
FN:302,(anonymous_25)
FN:311,(anonymous_26)
FN:323,(anonymous_27)
FN:332,(anonymous_28)
FN:343,(anonymous_29)
FN:352,(anonymous_30)
FN:361,(anonymous_31)
FN:373,(anonymous_32)
FN:383,(anonymous_33)
FN:396,(anonymous_34)
FN:412,(anonymous_35)
FN:432,(anonymous_36)
FN:446,(anonymous_37)
FN:463,(anonymous_38)
FN:473,(anonymous_39)
FN:490,(anonymous_40)
FN:506,(anonymous_41)
FN:518,(anonymous_42)
FN:528,(anonymous_43)
FN:545,(anonymous_44)
FN:557,(anonymous_45)
FN:566,(anonymous_46)
FN:580,(anonymous_47)
FN:590,(anonymous_48)
FN:603,(anonymous_49)
FN:613,(anonymous_50)
FN:622,(anonymous_51)
FN:634,(anonymous_52)
FN:647,(anonymous_53)
FNF:54
FNH:8
FNDA:10,(anonymous_0)
FNDA:4,(anonymous_1)
FNDA:0,(anonymous_2)
FNDA:4,(anonymous_3)
FNDA:0,(anonymous_4)
FNDA:4,(anonymous_5)
FNDA:0,(anonymous_6)
FNDA:0,(anonymous_7)
FNDA:0,(anonymous_8)
FNDA:0,(anonymous_9)
FNDA:0,(anonymous_10)
FNDA:0,(anonymous_11)
FNDA:0,(anonymous_12)
FNDA:0,(anonymous_13)
FNDA:0,(anonymous_14)
FNDA:1,(anonymous_15)
FNDA:0,(anonymous_16)
FNDA:0,(anonymous_17)
FNDA:0,(anonymous_18)
FNDA:0,(anonymous_19)
FNDA:0,(anonymous_20)
FNDA:0,(anonymous_21)
FNDA:0,(anonymous_22)
FNDA:0,(anonymous_23)
FNDA:0,(anonymous_24)
FNDA:0,(anonymous_25)
FNDA:0,(anonymous_26)
FNDA:0,(anonymous_27)
FNDA:0,(anonymous_28)
FNDA:0,(anonymous_29)
FNDA:0,(anonymous_30)
FNDA:1,(anonymous_31)
FNDA:1,(anonymous_32)
FNDA:0,(anonymous_33)
FNDA:0,(anonymous_34)
FNDA:0,(anonymous_35)
FNDA:0,(anonymous_36)
FNDA:0,(anonymous_37)
FNDA:0,(anonymous_38)
FNDA:0,(anonymous_39)
FNDA:0,(anonymous_40)
FNDA:0,(anonymous_41)
FNDA:0,(anonymous_42)
FNDA:0,(anonymous_43)
FNDA:0,(anonymous_44)
FNDA:0,(anonymous_45)
FNDA:0,(anonymous_46)
FNDA:0,(anonymous_47)
FNDA:0,(anonymous_48)
FNDA:0,(anonymous_49)
FNDA:0,(anonymous_50)
FNDA:0,(anonymous_51)
FNDA:1,(anonymous_52)
FNDA:0,(anonymous_53)
DA:29,10
DA:30,10
DA:31,0
DA:32,10
DA:33,0
DA:34,0
DA:35,0
DA:36,10
DA:37,0
DA:38,0
DA:40,10
DA:41,10
DA:42,10
DA:43,10
DA:53,4
DA:62,0
DA:71,4
DA:80,0
DA:89,4
DA:98,0
DA:107,0
DA:116,0
DA:127,0
DA:128,0
DA:129,0
DA:138,0
DA:147,0
DA:148,0
DA:149,0
DA:158,0
DA:167,0
DA:182,0
DA:183,0
DA:193,1
DA:204,0
DA:205,0
DA:215,0
DA:226,0
DA:240,0
DA:249,0
DA:250,0
DA:251,0
DA:261,0
DA:270,0
DA:271,0
DA:272,0
DA:282,0
DA:291,0
DA:292,0
DA:293,0
DA:303,0
DA:312,0
DA:313,0
DA:314,0
DA:324,0
DA:333,0
DA:334,0
DA:335,0
DA:344,0
DA:353,0
DA:362,1
DA:363,1
DA:364,1
DA:365,1
DA:374,1
DA:384,0
DA:385,0
DA:386,0
DA:387,0
DA:397,0
DA:398,0
DA:399,0
DA:403,0
DA:404,0
DA:413,0
DA:414,0
DA:415,0
DA:417,0
DA:418,0
DA:419,0
DA:420,0
DA:421,0
DA:423,0
DA:433,0
DA:434,0
DA:435,0
DA:437,0
DA:438,0
DA:447,0
DA:448,0
DA:449,0
DA:451,0
DA:452,0
DA:453,0
DA:454,0
DA:464,0
DA:474,0
DA:475,0
DA:476,0
DA:477,0
DA:478,0
DA:479,0
DA:481,0
DA:491,0
DA:492,0
DA:493,0
DA:495,0
DA:507,0
DA:508,0
DA:509,0
DA:510,0
DA:519,0
DA:529,0
DA:530,0
DA:531,0
DA:533,0
DA:534,0
DA:535,0
DA:536,0
DA:546,0
DA:547,0
DA:548,0
DA:549,0
DA:558,0
DA:567,0
DA:581,0
DA:591,0
DA:592,0
DA:593,0
DA:604,0
DA:614,0
DA:623,0
DA:635,1
DA:648,0
DA:649,0
DA:650,0
DA:654,12
LF:137
LH:19
BRDA:28,0,0,5
BRDA:28,1,0,5
BRDA:28,2,0,5
BRDA:30,3,0,0
BRDA:30,3,1,10
BRDA:30,4,0,10
BRDA:30,4,1,10
BRDA:32,5,0,0
BRDA:32,5,1,10
BRDA:36,6,0,0
BRDA:36,6,1,10
BRDA:36,7,0,10
BRDA:36,7,1,10
BRDA:128,8,0,0
BRDA:128,8,1,0
BRDA:129,9,0,0
BRDA:129,9,1,0
BRDA:158,10,0,0
BRDA:158,10,1,0
BRDA:158,10,2,0
BRDA:168,11,0,0
BRDA:168,11,1,0
BRDA:168,11,2,0
BRDA:193,12,0,1
BRDA:193,12,1,1
BRDA:193,12,2,1
BRDA:215,13,0,0
BRDA:215,13,1,0
BRDA:215,13,2,0
BRDA:225,14,0,0
BRDA:227,15,0,0
BRDA:227,15,1,0
BRDA:227,15,2,0
BRDA:398,16,0,0
BRDA:398,16,1,0
BRDA:414,17,0,0
BRDA:414,17,1,0
BRDA:434,18,0,0
BRDA:434,18,1,0
BRDA:448,19,0,0
BRDA:448,19,1,0
BRDA:492,20,0,0
BRDA:492,20,1,0
BRDA:528,21,0,0
BRDA:545,22,0,0
BRDA:603,23,0,0
BRF:46
BRH:13
end_of_record
TN:
SF:src/Math/Vec4.js
FN:29,(anonymous_0)
FN:53,(anonymous_1)
FN:62,(anonymous_2)
FN:71,(anonymous_3)
FN:80,(anonymous_4)
FN:89,(anonymous_5)
FN:98,(anonymous_6)
FN:107,(anonymous_7)
FN:116,(anonymous_8)
FN:125,(anonymous_9)
FN:137,(anonymous_10)
FN:149,(anonymous_11)
FN:162,(anonymous_12)
FN:177,(anonymous_13)
FN:193,(anonymous_14)
FN:208,(anonymous_15)
FN:222,(anonymous_16)
FN:235,(anonymous_17)
FN:249,(anonymous_18)
FN:262,(anonymous_19)
FN:276,(anonymous_20)
FN:289,(anonymous_21)
FN:303,(anonymous_22)
FN:316,(anonymous_23)
FN:330,(anonymous_24)
FN:339,(anonymous_25)
FN:352,(anonymous_26)
FN:366,(anonymous_27)
FN:384,(anonymous_28)
FN:403,(anonymous_29)
FN:413,(anonymous_30)
FN:437,(anonymous_31)
FN:456,(anonymous_32)
FN:475,(anonymous_33)
FN:491,(anonymous_34)
FN:505,(anonymous_35)
FN:514,(anonymous_36)
FN:527,(anonymous_37)
FN:538,(anonymous_38)
FN:547,(anonymous_39)
FN:558,(anonymous_40)
FNF:41
FNH:7
FNDA:3,(anonymous_0)
FNDA:2,(anonymous_1)
FNDA:0,(anonymous_2)
FNDA:2,(anonymous_3)
FNDA:0,(anonymous_4)
FNDA:2,(anonymous_5)
FNDA:0,(anonymous_6)
FNDA:2,(anonymous_7)
FNDA:0,(anonymous_8)
FNDA:0,(anonymous_9)
FNDA:0,(anonymous_10)
FNDA:0,(anonymous_11)
FNDA:0,(anonymous_12)
FNDA:0,(anonymous_13)
FNDA:0,(anonymous_14)
FNDA:0,(anonymous_15)
FNDA:0,(anonymous_16)
FNDA:0,(anonymous_17)
FNDA:0,(anonymous_18)
FNDA:0,(anonymous_19)
FNDA:0,(anonymous_20)
FNDA:0,(anonymous_21)
FNDA:0,(anonymous_22)
FNDA:0,(anonymous_23)
FNDA:0,(anonymous_24)
FNDA:1,(anonymous_25)
FNDA:0,(anonymous_26)
FNDA:0,(anonymous_27)
FNDA:0,(anonymous_28)
FNDA:0,(anonymous_29)
FNDA:0,(anonymous_30)
FNDA:0,(anonymous_31)
FNDA:0,(anonymous_32)
FNDA:0,(anonymous_33)
FNDA:0,(anonymous_34)
FNDA:0,(anonymous_35)
FNDA:0,(anonymous_36)
FNDA:0,(anonymous_37)
FNDA:0,(anonymous_38)
FNDA:0,(anonymous_39)
FNDA:1,(anonymous_40)
DA:30,3
DA:32,3
DA:33,0
DA:34,0
DA:35,0
DA:36,3
DA:37,0
DA:38,0
DA:40,3
DA:41,3
DA:42,3
DA:43,3
DA:44,3
DA:54,2
DA:63,0
DA:72,2
DA:81,0
DA:90,2
DA:99,0
DA:108,2
DA:117,0
DA:126,0
DA:138,0
DA:139,0
DA:140,0
DA:141,0
DA:150,0
DA:151,0
DA:152,0
DA:153,0
DA:163,0
DA:178,0
DA:194,0
DA:209,0
DA:223,0
DA:224,0
DA:225,0
DA:226,0
DA:236,0
DA:250,0
DA:251,0
DA:252,0
DA:253,0
DA:263,0
DA:277,0
DA:278,0
DA:279,0
DA:280,0
DA:290,0
DA:304,0
DA:305,0
DA:306,0
DA:307,0
DA:317,0
DA:331,0
DA:340,1
DA:341,1
DA:342,1
DA:343,1
DA:344,1
DA:353,0
DA:354,0
DA:355,0
DA:356,0
DA:357,0
DA:367,0
DA:368,0
DA:369,0
DA:370,0
DA:371,0
DA:372,0
DA:373,0
DA:377,0
DA:378,0
DA:385,0
DA:386,0
DA:387,0
DA:388,0
DA:389,0
DA:390,0
DA:391,0
DA:393,0
DA:394,0
DA:404,0
DA:414,0
DA:415,0
DA:416,0
DA:417,0
DA:418,0
DA:419,0
DA:420,0
DA:421,0
DA:423,0
DA:438,0
DA:439,0
DA:440,0
DA:442,0
DA:443,0
DA:445,0
DA:457,0
DA:458,0
DA:459,0
DA:460,0
DA:461,0
DA:476,0
DA:477,0
DA:478,0
DA:480,0
DA:481,0
DA:482,0
DA:483,0
DA:492,0
DA:506,0
DA:515,0
DA:528,0
DA:539,0
DA:548,0
DA:559,1
DA:568,2
LF:119
LH:19
BRDA:29,0,0,0
BRDA:29,1,0,0
BRDA:29,2,0,0
BRDA:29,3,0,0
BRDA:32,4,0,0
BRDA:32,4,1,3
BRDA:36,5,0,0
BRDA:36,5,1,3
BRDA:36,6,0,3
BRDA:36,6,1,3
BRDA:164,7,0,0
BRDA:164,7,1,0
BRDA:164,7,2,0
BRDA:164,7,3,0
BRDA:179,8,0,0
BRDA:179,8,1,0
BRDA:179,8,2,0
BRDA:179,8,3,0
BRDA:193,9,0,0
BRDA:195,10,0,0
BRDA:195,10,1,0
BRDA:195,10,2,0
BRDA:195,10,3,0
BRDA:372,11,0,0
BRDA:372,11,1,0
BRDA:390,12,0,0
BRDA:390,12,1,0
BRDA:442,13,0,0
BRDA:442,13,1,0
BRDA:475,14,0,0
BRDA:538,15,0,0
BRF:31
BRH:4
end_of_record
TN:
SF:src/Math/Xfo.js
FN:26,(anonymous_0)
FN:60,(anonymous_1)
FN:71,(anonymous_2)
FN:82,(anonymous_3)
FN:92,(anonymous_4)
FN:110,(anonymous_5)
FN:131,(anonymous_6)
FN:162,(anonymous_7)
FN:171,(anonymous_8)
FN:204,(anonymous_9)
FN:216,(anonymous_10)
FN:243,(anonymous_11)
FN:256,(anonymous_12)
FN:268,(anonymous_13)
FN:282,(anonymous_14)
FN:295,(anonymous_15)
FNF:16
FNH:0
FNDA:0,(anonymous_0)
FNDA:0,(anonymous_1)
FNDA:0,(anonymous_2)
FNDA:0,(anonymous_3)
FNDA:0,(anonymous_4)
FNDA:0,(anonymous_5)
FNDA:0,(anonymous_6)
FNDA:0,(anonymous_7)
FNDA:0,(anonymous_8)
FNDA:0,(anonymous_9)
FNDA:0,(anonymous_10)
FNDA:0,(anonymous_11)
FNDA:0,(anonymous_12)
FNDA:0,(anonymous_13)
FNDA:0,(anonymous_14)
FNDA:0,(anonymous_15)
DA:9,2
DA:27,0
DA:28,0
DA:29,0
DA:31,0
DA:32,0
DA:33,0
DA:34,0
DA:35,0
DA:36,0
DA:37,0
DA:39,0
DA:41,0
DA:42,0
DA:44,0
DA:46,0
DA:47,0
DA:49,0
DA:61,0
DA:62,0
DA:63,0
DA:72,0
DA:73,0
DA:74,0
DA:83,0
DA:94,0
DA:95,0
DA:96,0
DA:97,0
DA:98,0
DA:100,0
DA:101,0
DA:111,0
DA:112,0
DA:113,0
DA:114,0
DA:115,0
DA:116,0
DA:118,0
DA:123,0
DA:132,0
DA:133,0
DA:135,0
DA:142,0
DA:143,0
DA:144,0
DA:145,0
DA:146,0
DA:147,0
DA:148,0
DA:150,0
DA:152,0
DA:153,0
DA:163,0
DA:172,0
DA:191,0
DA:193,0
DA:194,0
DA:196,0
DA:205,0
DA:206,0
DA:217,0
DA:218,0
DA:219,0
DA:220,0
DA:221,0
DA:223,0
DA:224,0
DA:225,0
DA:226,0
DA:227,0
DA:228,0
DA:230,0
DA:231,0
DA:232,0
DA:233,0
DA:234,0
DA:244,0
DA:257,0
DA:269,0
DA:273,0
DA:274,0
DA:283,0
DA:284,0
DA:285,0
DA:286,0
DA:297,0
DA:301,2
LF:88
LH:2
BRDA:26,0,0,0
BRDA:26,1,0,0
BRDA:26,2,0,0
BRDA:27,3,0,0
BRDA:27,3,1,0
BRDA:31,4,0,0
BRDA:31,4,1,0
BRDA:33,5,0,0
BRDA:33,5,1,0
BRDA:33,6,0,0
BRDA:33,6,1,0
BRDA:33,6,2,0
BRDA:41,7,0,0
BRDA:41,7,1,0
BRDA:46,8,0,0
BRDA:46,8,1,0
BRDA:60,9,0,0
BRDA:63,10,0,0
BRDA:63,10,1,0
BRDA:83,11,0,0
BRDA:83,11,1,0
BRDA:83,11,2,0
BRDA:96,12,0,0
BRDA:96,12,1,0
BRDA:112,13,0,0
BRDA:112,13,1,0
BRDA:112,14,0,0
BRDA:112,14,1,0
BRDA:114,15,0,0
BRDA:114,15,1,0
BRDA:115,16,0,0
BRDA:115,16,1,0
BRDA:116,17,0,0
BRDA:116,17,1,0
BRDA:135,18,0,0
BRDA:135,18,1,0
BRDA:135,19,0,0
BRDA:135,19,1,0
BRDA:143,20,0,0
BRDA:143,20,1,0
BRDA:145,21,0,0
BRDA:145,21,1,0
BRDA:147,22,0,0
BRDA:147,22,1,0
BRDA:217,23,0,0
BRDA:217,23,1,0
BRDA:223,24,0,0
BRDA:223,24,1,0
BRDA:230,25,0,0
BRDA:230,25,1,0
BRDA:273,26,0,0
BRDA:273,26,1,0
BRDA:285,27,0,0
BRDA:285,27,1,0
BRF:54
BRH:0
end_of_record
TN:
SF:src/Math/index.js
FNF:0
FNH:0
LF:0
LH:0
BRF:0
BRH:0
end_of_record
TN:
SF:src/SceneTree/ParameterOwner.js
FN:25,(anonymous_0)
FN:39,(anonymous_1)
FN:51,(anonymous_2)
FN:61,(anonymous_3)
FN:70,(anonymous_4)
FN:80,(anonymous_5)
FN:90,(anonymous_6)
FN:100,(anonymous_7)
FN:110,(anonymous_8)
FN:123,(anonymous_9)
FN:134,(anonymous_10)
FN:140,(anonymous_11)
FN:158,(anonymous_12)
FN:164,(anonymous_13)
FN:181,(anonymous_14)
FN:204,(anonymous_15)
FN:210,(anonymous_16)
FN:225,(anonymous_17)
FN:246,(anonymous_18)
FN:256,(anonymous_19)
FN:259,(anonymous_20)
FN:281,(anonymous_21)
FN:309,(anonymous_22)
FN:322,(anonymous_23)
FNF:24
FNH:3
FNDA:4,(anonymous_0)
FNDA:0,(anonymous_1)
FNDA:0,(anonymous_2)
FNDA:2,(anonymous_3)
FNDA:0,(anonymous_4)
FNDA:0,(anonymous_5)
FNDA:0,(anonymous_6)
FNDA:0,(anonymous_7)
FNDA:0,(anonymous_8)
FNDA:0,(anonymous_9)
FNDA:2,(anonymous_10)
FNDA:0,(anonymous_11)
FNDA:0,(anonymous_12)
FNDA:0,(anonymous_13)
FNDA:0,(anonymous_14)
FNDA:0,(anonymous_15)
FNDA:0,(anonymous_16)
FNDA:0,(anonymous_17)
FNDA:0,(anonymous_18)
FNDA:0,(anonymous_19)
FNDA:0,(anonymous_20)
FNDA:0,(anonymous_21)
FNDA:0,(anonymous_22)
FNDA:0,(anonymous_23)
DA:11,2
DA:26,4
DA:27,4
DA:29,4
DA:30,4
DA:31,4
DA:40,0
DA:52,0
DA:53,0
DA:62,2
DA:71,0
DA:81,0
DA:91,0
DA:101,0
DA:111,0
DA:112,0
DA:113,0
DA:124,0
DA:135,2
DA:136,2
DA:137,0
DA:138,0
DA:140,2
DA:141,2
DA:142,2
DA:143,2
DA:144,2
DA:145,2
DA:159,0
DA:160,0
DA:161,0
DA:162,0
DA:164,0
DA:165,0
DA:167,0
DA:168,0
DA:169,0
DA:171,0
DA:172,0
DA:173,0
DA:182,0
DA:183,0
DA:185,0
DA:186,0
DA:188,0
DA:189,0
DA:190,0
DA:191,0
DA:192,0
DA:194,0
DA:195,0
DA:205,0
DA:206,0
DA:207,0
DA:208,0
DA:210,0
DA:211,0
DA:212,0
DA:226,0
DA:227,0
DA:228,0
DA:229,0
DA:230,0
DA:231,0
DA:232,0
DA:233,0
DA:236,0
DA:247,0
DA:248,0
DA:249,0
DA:250,0
DA:251,0
DA:253,0
DA:254,0
DA:257,0
DA:260,0
DA:264,0
DA:285,0
DA:286,0
DA:287,0
DA:288,0
DA:289,0
DA:290,0
DA:291,0
DA:292,0
DA:293,0
DA:294,0
DA:295,0
DA:297,0
DA:299,0
DA:310,0
DA:328,0
DA:329,0
DA:330,0
DA:331,0
DA:332,0
DA:334,0
DA:336,0
LF:98
LH:15
BRDA:112,0,0,0
BRDA:112,0,1,0
BRDA:136,1,0,0
BRDA:136,1,1,2
BRDA:160,2,0,0
BRDA:160,2,1,0
BRDA:182,3,0,0
BRDA:182,3,1,0
BRDA:229,4,0,0
BRDA:229,4,1,0
BRDA:231,5,0,0
BRDA:231,5,1,0
BRDA:236,6,0,0
BRDA:236,6,1,0
BRDA:247,7,0,0
BRDA:247,7,1,0
BRDA:251,8,0,0
BRDA:251,8,1,0
BRDA:253,9,0,0
BRDA:253,9,1,0
BRDA:285,10,0,0
BRDA:285,10,1,0
BRDA:291,11,0,0
BRDA:291,11,1,0
BRDA:293,12,0,0
BRDA:293,12,1,0
BRDA:332,13,0,0
BRDA:332,13,1,0
BRF:28
BRH:1
end_of_record
TN:
SF:src/SceneTree/SGFactory.js
FN:11,(anonymous_0)
FN:23,(anonymous_1)
FN:48,(anonymous_2)
FN:59,(anonymous_3)
FN:79,(anonymous_4)
FNF:5
FNH:2
FNDA:4,(anonymous_0)
FNDA:4,(anonymous_1)
FNDA:0,(anonymous_2)
FNDA:0,(anonymous_3)
FNDA:0,(anonymous_4)
DA:12,4
DA:13,4
DA:14,4
DA:24,4
DA:36,4
DA:37,4
DA:39,4
DA:49,0
DA:60,0
DA:61,0
DA:62,0
DA:63,0
DA:80,0
DA:81,0
DA:82,0
DA:83,0
DA:85,0
DA:86,0
DA:87,0
DA:88,0
DA:90,0
DA:127,4
LF:22
LH:8
BRDA:49,0,0,0
BRDA:49,0,1,0
BRDA:61,1,0,0
BRDA:61,1,1,0
BRDA:81,2,0,0
BRDA:81,2,1,0
BRF:6
BRH:0
end_of_record
TN:
SF:src/SceneTree/Parameters/NumberParameter.js
FN:24,(anonymous_0)
FN:38,(anonymous_1)
FN:56,(anonymous_2)
FN:69,(anonymous_3)
FN:78,(anonymous_4)
FN:88,(anonymous_5)
FN:97,(anonymous_6)
FN:111,(anonymous_7)
FN:125,(anonymous_8)
FN:137,(anonymous_9)
FN:152,(anonymous_10)
FNF:11
FNH:5
FNDA:5,(anonymous_0)
FNDA:3,(anonymous_1)
FNDA:3,(anonymous_2)
FNDA:0,(anonymous_3)
FNDA:0,(anonymous_4)
FNDA:0,(anonymous_5)
FNDA:0,(anonymous_6)
FNDA:1,(anonymous_7)
FNDA:1,(anonymous_8)
FNDA:0,(anonymous_9)
FNDA:0,(anonymous_10)
DA:25,5
DA:27,5
DA:28,5
DA:29,5
DA:39,3
DA:40,0
DA:41,0
DA:43,0
DA:44,0
DA:47,3
DA:61,3
DA:70,0
DA:80,0
DA:89,0
DA:98,0
DA:112,1
DA:113,1
DA:114,1
DA:115,1
DA:126,1
DA:127,1
DA:128,1
DA:138,0
DA:139,0
DA:153,0
DA:154,0
DA:155,0
DA:156,0
DA:160,1
DA:161,1
DA:162,1
DA:163,1
LF:32
LH:18
BRDA:24,0,0,5
BRDA:24,1,0,5
BRDA:24,2,0,5
BRDA:27,3,0,0
BRDA:27,3,1,5
BRDA:27,4,0,5
BRDA:27,4,1,0
BRDA:39,5,0,0
BRDA:39,5,1,3
BRDA:40,6,0,0
BRDA:40,6,1,0
BRDA:43,7,0,0
BRDA:43,7,1,0
BRDA:113,8,0,0
BRDA:113,8,1,1
BRDA:114,9,0,0
BRDA:114,9,1,1
BRDA:127,10,0,0
BRDA:127,10,1,1
BRDA:128,11,0,0
BRDA:128,11,1,1
BRF:21
BRH:10
end_of_record
TN:
SF:src/SceneTree/Parameters/Parameter.js
FN:47,(anonymous_0)
FN:66,(anonymous_1)
FN:76,(anonymous_2)
FN:91,(anonymous_3)
FN:100,(anonymous_4)
FN:110,(anonymous_5)
FN:129,(anonymous_6)
FN:138,(anonymous_7)
FN:149,(anonymous_8)
FN:158,(anonymous_9)
FN:169,(anonymous_10)
FN:179,(anonymous_11)
FN:191,(anonymous_12)
FN:202,(anonymous_13)
FN:214,(anonymous_14)
FN:232,(anonymous_15)
FN:249,(anonymous_16)
FN:265,(anonymous_17)
FN:274,(anonymous_18)
FN:301,(anonymous_19)
FN:322,(anonymous_20)
FN:330,(anonymous_21)
FN:368,(anonymous_22)
FN:379,(anonymous_23)
FN:389,(anonymous_24)
FN:399,(anonymous_25)
FN:409,(anonymous_26)
FN:449,(anonymous_27)
FN:463,(anonymous_28)
FN:475,(anonymous_29)
FN:501,(anonymous_30)
FN:516,(anonymous_31)
FNF:32
FNH:11
FNDA:11,(anonymous_0)
FNDA:3,(anonymous_1)
FNDA:1,(anonymous_2)
FNDA:0,(anonymous_3)
FNDA:2,(anonymous_4)
FNDA:0,(anonymous_5)
FNDA:4,(anonymous_6)
FNDA:0,(anonymous_7)
FNDA:0,(anonymous_8)
FNDA:0,(anonymous_9)
FNDA:0,(anonymous_10)
FNDA:0,(anonymous_11)
FNDA:0,(anonymous_12)
FNDA:0,(anonymous_13)
FNDA:0,(anonymous_14)
FNDA:0,(anonymous_15)
FNDA:0,(anonymous_16)
FNDA:0,(anonymous_17)
FNDA:0,(anonymous_18)
FNDA:0,(anonymous_19)
FNDA:0,(anonymous_20)
FNDA:0,(anonymous_21)
FNDA:11,(anonymous_22)
FNDA:2,(anonymous_23)
FNDA:5,(anonymous_24)
FNDA:0,(anonymous_25)
FNDA:4,(anonymous_26)
FNDA:0,(anonymous_27)
FNDA:1,(anonymous_28)
FNDA:1,(anonymous_29)
FNDA:0,(anonymous_30)
FNDA:0,(anonymous_31)
DA:4,4
DA:14,4
DA:24,4
DA:29,4
DA:48,11
DA:49,11
DA:50,11
DA:51,11
DA:52,11
DA:53,11
DA:55,11
DA:56,11
DA:57,11
DA:58,11
DA:67,3
DA:77,1
DA:78,0
DA:81,1
DA:82,1
DA:83,1
DA:92,0
DA:101,2
DA:111,0
DA:112,0
DA:113,0
DA:114,0
DA:115,0
DA:116,0
DA:118,0
DA:121,0
DA:130,4
DA:139,0
DA:150,0
DA:160,0
DA:170,0
DA:180,0
DA:181,0
DA:182,0
DA:183,0
DA:192,0
DA:193,0
DA:194,0
DA:203,0
DA:204,0
DA:205,0
DA:216,0
DA:217,0
DA:218,0
DA:220,0
DA:221,0
DA:222,0
DA:234,0
DA:235,0
DA:237,0
DA:238,0
DA:240,0
DA:241,0
DA:252,0
DA:253,0
DA:254,0
DA:256,0
DA:266,0
DA:275,0
DA:279,0
DA:280,0
DA:281,0
DA:282,0
DA:283,0
DA:288,0
DA:291,0
DA:293,0
DA:304,0
DA:305,0
DA:313,0
DA:315,0
DA:323,0
DA:324,0
DA:334,0
DA:369,11
DA:370,11
DA:371,11
DA:380,2
DA:390,5
DA:391,5
DA:400,0
DA:411,4
DA:421,0
DA:424,4
DA:426,0
DA:429,4
DA:431,3
DA:433,4
DA:434,4
DA:435,3
DA:439,4
DA:450,0
DA:464,1
DA:465,1
DA:476,1
DA:477,0
DA:478,0
DA:482,1
DA:484,1
DA:485,0
DA:487,1
DA:489,0
DA:490,0
DA:502,0
DA:503,0
DA:517,0
DA:518,0
DA:519,0
DA:520,0
LF:113
LH:41
BRDA:77,0,0,0
BRDA:77,0,1,1
BRDA:112,1,0,0
BRDA:112,1,1,0
BRDA:112,2,0,0
BRDA:112,2,1,0
BRDA:113,3,0,0
BRDA:113,3,1,0
BRDA:182,4,0,0
BRDA:182,4,1,0
BRDA:217,5,0,0
BRDA:217,5,1,0
BRDA:234,6,0,0
BRDA:234,6,1,0
BRDA:252,7,0,0
BRDA:252,7,1,0
BRDA:283,8,0,0
BRDA:283,8,1,0
BRDA:305,9,0,0
BRDA:305,9,1,0
BRDA:371,10,0,8
BRDA:371,10,1,3
BRDA:389,11,0,5
BRDA:390,12,0,0
BRDA:390,12,1,5
BRDA:409,13,0,3
BRDA:411,14,0,0
BRDA:411,14,1,4
BRDA:424,15,0,0
BRDA:424,15,1,4
BRDA:429,16,0,3
BRDA:429,16,1,1
BRDA:431,17,0,0
BRDA:431,17,1,3
BRDA:434,18,0,3
BRDA:434,18,1,1
BRDA:434,19,0,4
BRDA:434,19,1,1
BRDA:439,20,0,4
BRDA:439,20,1,0
BRDA:464,21,0,0
BRDA:464,21,1,1
BRDA:476,22,0,0
BRDA:476,22,1,1
BRDA:484,23,0,0
BRDA:484,23,1,1
BRDA:484,24,0,1
BRDA:484,24,1,0
BRDA:487,25,0,1
BRDA:487,25,1,0
BRDA:487,26,0,1
BRDA:487,26,1,1
BRDA:518,27,0,0
BRDA:518,27,1,0
BRF:54
BRH:23
end_of_record
TN:
SF:src/SceneTree/Parameters/Vec3Parameter.js
FN:23,(anonymous_0)
FN:34,(anonymous_1)
FNF:2
FNH:1
FNDA:3,(anonymous_0)
FNDA:0,(anonymous_1)
DA:24,3
DA:35,0
DA:36,0
LF:3
LH:1
BRDA:23,0,0,3
BRDA:24,1,0,0
BRDA:24,1,1,3
BRF:3
BRH:2
end_of_record
TN:
SF:src/Utilities/EventEmitter.js
FN:26,(anonymous_0)
FN:37,(anonymous_1)
FN:72,(anonymous_2)
FN:73,(anonymous_3)
FN:87,(anonymous_4)
FN:101,(anonymous_5)
FN:123,(anonymous_6)
FN:135,(anonymous_7)
FN:147,(anonymous_8)
FN:168,(anonymous_9)
FN:171,(anonymous_10)
FNF:11
FNH:8
FNDA:24,(anonymous_0)
FNDA:11,(anonymous_1)
FNDA:1,(anonymous_2)
FNDA:1,(anonymous_3)
FNDA:5,(anonymous_4)
FNDA:2,(anonymous_5)
FNDA:0,(anonymous_6)
FNDA:0,(anonymous_7)
FNDA:0,(anonymous_8)
FNDA:14,(anonymous_9)
FNDA:9,(anonymous_10)
DA:27,24
DA:38,11
DA:39,1
DA:42,10
DA:43,9
DA:46,10
DA:48,10
DA:49,1
DA:53,9
DA:54,9
DA:56,9
DA:73,1
DA:74,1
DA:75,1
DA:78,1
DA:88,5
DA:89,1
DA:92,4
DA:93,0
DA:94,0
DA:97,4
DA:99,4
DA:101,4
DA:102,2
DA:103,2
DA:107,4
DA:108,2
DA:110,2
DA:111,2
DA:124,0
DA:126,0
DA:136,0
DA:138,0
DA:148,0
DA:150,0
DA:152,0
DA:153,0
DA:154,0
DA:157,0
DA:159,0
DA:169,14
DA:171,14
DA:173,9
DA:174,7
LF:44
LH:31
BRDA:38,0,0,1
BRDA:38,0,1,10
BRDA:42,1,0,9
BRDA:42,1,1,1
BRDA:48,2,0,1
BRDA:48,2,1,9
BRDA:88,3,0,1
BRDA:88,3,1,4
BRDA:92,4,0,0
BRDA:92,4,1,4
BRDA:97,5,0,4
BRDA:97,5,1,2
BRDA:102,6,0,2
BRDA:102,6,1,0
BRDA:107,7,0,2
BRDA:107,7,1,2
BRDA:152,8,0,0
BRDA:152,8,1,0
BRDA:157,9,0,0
BRDA:157,9,1,0
BRDA:169,10,0,14
BRDA:169,10,1,5
BRDA:173,11,0,7
BRDA:173,11,1,2
BRF:24
BRH:18
end_of_record
